IQ-TREE multicore version 1.6.12 for Linux 64-bit built Aug 15 2019
Developed by Bui Quang Minh, Nguyen Lam Tung, Olga Chernomor,
Heiko Schmidt, Dominik Schrempf, Michael Woodhams.

Host:    bell.cibiv.univie.ac.at (AVX2, FMA3, 62 GB RAM)
Command: ../../iqtree -s 8_loci_450_spp.fasta -st DNA -m GTR+R4+F -bb 1000 -alrt 1000
Seed:    385346 (Using SPRNG - Scalable Parallel Random Number Generator)
Time:    Mon Mar 23 20:47:33 2026
Kernel:  AVX+FMA - 1 threads (12 CPU cores detected)

HINT: Use -nt option to specify number of threads because your CPU has 12 cores!
HINT: -nt AUTO will automatically determine the best number of threads to use.

Reading alignment file 8_loci_450_spp.fasta ... Fasta format detected
Alignment most likely contains DNA/RNA sequences
Alignment has 450 sequences with 6167 columns, 3798 distinct patterns
2008 parsimony-informative, 1116 singleton sites, 3043 constant sites
WARNING: Some sequence names are changed as follows:
Oxalis_annae_Mucina170903/3 -> Oxalis_annae_Mucina170903_3
Oxalis_comosa_Mucina220901/30A -> Oxalis_comosa_Mucina220901_30A
Oxalis_dregei_Mucina210903/11 -> Oxalis_dregei_Mucina210903_11
Oxalis_fabaefolia_Dreyer721/A -> Oxalis_fabaefolia_Dreyer721_A
Oxalis_glabra_Mucina170601/2 -> Oxalis_glabra_Mucina170601_2
Oxalis_haedulipes_Mucina180903/9 -> Oxalis_haedulipes_Mucina180903_9
Oxalis_longissima_Emshwiller64/247 -> Oxalis_longissima_Emshwiller64_247
Oxalis_mollissima_Emshwiller359/x415 -> Oxalis_mollissima_Emshwiller359_x415
Oxalis_tuberosa_Emshwiller97:50-02 -> Oxalis_tuberosa_Emshwiller97_50-02
Oxalis_unduavensis_Emshwiller168/291/351 -> Oxalis_unduavensis_Emshwiller168_291_351
Oxalis_yungasensis_Emshwiller437/350 -> Oxalis_yungasensis_Emshwiller437_350

                                                      Gap/Ambiguity  Composition  p-value
   1  Aceratium_ferrugineum_Harrington296                    80.06%    failed      0.00%
   2  Ackama_rosifolia_UnknownN                              91.42%    failed      0.00%
   3  Acrophyllum_australe_UnknownN                          73.13%    failed      0.02%
   4  Agelaea_borneensis_AS166                               84.85%    passed     13.65%
   5  Anodopetalum_biglandulosum_UnknownN                    75.79%    failed      0.00%
   6  Aristotelia_fruticosa_Chase781                         77.30%    failed      0.04%
   7  Averrhoa_bilimbi_AVBIL                                 65.30%    passed     20.57%
   8  Averrhoa_carambola_AVCAR                               63.92%    passed     32.54%
   9  Bauera_capitata_600400468                              85.94%    passed     16.27%
  10  Biophytum_abyssinicum_BIOAB                            66.94%    passed     59.63%
  11  Biophytum_sensitivum_Carlsen3550                       88.13%    failed      1.96%
  12  Brunellia_colombiana_Orozco4081                        90.82%    failed      0.00%
  13  Brunellia_tomentosa_Orozco4123                         90.12%    failed      0.00%
  14  Caldcluvia_paniculosa_UnknownN                         91.31%    failed      0.00%
  15  Callicoma_serratifolia_CUN120                          91.50%    failed      0.00%
  16  Ceratopetalum_apetalum_UnknownN                        91.02%    failed      0.00%
  17  Cnestidium_rufescens_DB0784                            85.94%    failed      1.22%
  18  Cnestis_polyphylla_Abbott9113                          91.67%    failed      0.23%
  19  Codia_albicans_CUN121                                  86.15%    failed      1.59%
  20  Connarus_championii_Samuel3126                         92.31%    failed      1.44%
  21  Crinodendron_patagua_AllenNSW605484                    77.27%    failed      0.00%
  22  Cunonia_balansae_CUN069                                78.58%    failed      0.03%
  23  Dapania_pentandra_DAPEN                                66.32%    failed      0.11%
  24  Davidsonia_pruriens_Carlsen3197                        86.38%    failed      0.00%
  25  Dubouzetia_campanulata_Crayn745                        79.46%    failed      0.00%
  26  Elaeocarpus_angustifolius_J315                         89.69%    failed      0.29%
  27  Ellipanthus_glabrifolius_CPG00356                      79.18%    failed      0.00%
  28  Eucryphia_cordifolia_CONC125000                        90.24%    failed      0.00%
  29  Geissois_pruinosa_CUN159                               88.28%    passed     10.89%
  30  Gillbeea_adenopetala_UnknownN                          73.24%    failed      0.01%
  31  Hooglandia_ignambiensis_UnknownN                       84.77%    passed     10.39%
  32  Jollydora_glandulosa_Mambo5146                         89.23%    failed      0.14%
  33  Karrabina_biagiana_UnknownN                            85.73%    passed      9.40%
  34  Lamononia_ternata_Blum10-127                           90.40%    failed      0.00%
  35  Opocunonia_papuana_UnknownN                            91.23%    failed      0.00%
  36  Oxalis_acetosella_HeiblBotGardenMunich01               26.43%    failed      0.06%
  37  Oxalis_adenodes_Dreyer716                              62.56%    passed     33.26%
  38  Oxalis_adenophylla_HeiblPfanzelt05-024                 38.75%    failed      4.20%
  39  Oxalis_adpressipila_Kuhlmann6587h                      83.77%    failed      0.00%
  40  Oxalis_adspersa_Dreyer635                              62.64%    passed     53.20%
  41  Oxalis_aff_umbraticola_Rhoden19                        78.51%    failed      0.00%
  42  Oxalis_alpina_Gardner45                                51.87%    failed      0.00%
  43  Oxalis_alstonii_Vaio413                                71.61%    passed      5.94%
  44  Oxalis_alvimii_Fiaschi4597                             71.04%    passed     32.86%
  45  Oxalis_ambigua_Oberlander0140                          62.46%    passed     40.53%
  46  Oxalis_amblyodonta_Bayer7397                           62.35%    passed     62.67%
  47  Oxalis_amblyosepala_Oberlander0168                     62.80%    passed     68.06%
  48  Oxalis_amorimii_Fiaschi5457                            68.06%    passed     53.76%
  49  Oxalis_andina_Emshwiller315                            80.49%    failed      0.00%
  50  Oxalis_animarum_Cabral275                              68.83%    passed     14.45%
  51  Oxalis_annae_Mucina170903_3                            62.49%    passed     41.92%
  52  Oxalis_arbuscula_HeiblPfanzelt05-050                   37.13%    failed      2.53%
  53  Oxalis_arenaria_Heibl03-094                            30.24%    failed      0.09%
  54  Oxalis_argentina_Emshwiller235                         65.35%    passed     45.25%
  55  Oxalis_argillacea_Dreyer786                            62.20%    passed     46.40%
  56  Oxalis_argyrophylla_Oberlander0040                     62.35%    passed     67.56%
  57  Oxalis_aridicola_Dreyer672                             62.41%    passed     47.08%
  58  Oxalis_artemioides_Sartor81                            78.45%    failed      0.00%
  59  Oxalis_articulata_forma_crassipes_Emshwiller463        51.48%    failed      0.00%
  60  Oxalis_articulata_subsp_articulata_Vaio505             55.99%    failed      0.00%
  61  Oxalis_articulata_subsp_rubra_Emshwiller146            51.37%    failed      0.00%
  62  Oxalis_atacamensis_Heibl01-054                         39.11%    failed      2.59%
  63  Oxalis_attaquana_Bayer7007                             62.92%    passed     31.32%
  64  Oxalis_aurea_Dreyer771                                 62.64%    passed     65.90%
  65  Oxalis_aureoflava_Zollitsch61                          81.16%    failed      0.00%
  66  Oxalis_barrelieri_Vaio517                              55.65%    failed      0.04%
  67  Oxalis_bela-vitoriae_Fiaschi4606                       71.59%    passed     65.69%
  68  Oxalis_bifida_Dreyer608                                62.38%    passed     41.72%
  69  Oxalis_bifrons_Fiaschi3633                             55.36%    failed      1.28%
  70  Oxalis_bifurca_Bellstedt764                            62.56%    passed     49.63%
  71  Oxalis_bipartita_subsp_bipartita_Vaio320               67.08%    passed      5.23%
  72  Oxalis_bisfracta_Emshwiller232                         55.62%    failed      3.62%
  73  Oxalis_blackii_Costa115                                58.02%    failed      0.14%
  74  Oxalis_blastorrhiza_Dreyer788                          62.41%    passed     41.64%
  75  Oxalis_boliviana_Emshwiller310                         91.03%    failed      0.00%
  76  Oxalis_bowiei_MO502cfbowiei                            62.46%    passed     35.18%
  77  Oxalis_brasiliensis_EmshwillerBRAS2                    51.71%    failed      0.01%
  78  Oxalis_bulbocastanum_Heibl01-071                       38.75%    failed      1.64%
  79  Oxalis_bullulata_Dreyer792                             63.60%    passed     40.81%
  80  Oxalis_burkei_Dreyer618                                73.84%    failed      0.29%
  81  Oxalis_burtoniae_Oberlander0031                        62.36%    passed     64.12%
  82  Oxalis_caerulea_Gardner39                              51.79%    failed      0.00%
  83  Oxalis_caesariata_Radavelli62                          66.73%    failed      0.92%
  84  Oxalis_caesia_Heibl02-012                              30.70%    failed      3.23%
  85  Oxalis_calachaccensis_Emshwiller880X                   64.75%    passed      8.39%
  86  Oxalis_callosa_Oberlander0120                          62.67%    passed     44.27%
  87  Oxalis_camelopardalis_Oberlander0071                   62.56%    passed     50.43%
  88  Oxalis_campicola_Dreyer780                             62.40%    passed     47.79%
  89  Oxalis_campylorrhiza_Dreyer696                         62.36%    passed     84.77%
  90  Oxalis_capillacea_Dreyer625                            62.70%    passed     71.86%
  91  Oxalis_capixaba_Costa117                               70.52%    failed      3.96%
  92  Oxalis_caprina_DreyerOberlander0001                    62.35%    passed     47.99%
  93  Oxalis_cardenasiana_Wood22331                          52.44%    failed      0.00%
  94  Oxalis_cathara_MO582cathara                            62.48%    passed     58.93%
  95  Oxalis_cauliflora_Vasques78                            70.05%    passed      9.76%
  96  Oxalis_cerradoana_Cabral259                            66.48%    passed     57.37%
  97  Oxalis_cf_alpina_Weller979                             51.76%    failed      0.00%
  98  Oxalis_cf_alstonii_Cabral273                           77.23%    failed      0.00%
  99  Oxalis_cf_canaliculata_BayerN                          62.41%    passed     64.87%
 100  Oxalis_cf_helicoides_Dreyer688                         85.18%    failed      0.06%
 101  Oxalis_cf_melilotoides_Emshwiller190                   89.78%    passed     16.51%
 102  Oxalis_cf_neuwiedii_Rhoden8                            70.57%    passed     20.64%
 103  Oxalis_cf_peduncularis_Emshwiller850                   89.49%    passed     11.43%
 104  Oxalis_cf_pulvinata_MO576cfpulvinata                   62.38%    passed     47.93%
 105  Oxalis_cf_tragopoda_MO490cftragopoda                   62.41%    passed     37.62%
 106  Oxalis_cf_tuberosa_Emshwiller259                       89.48%    passed     12.63%
 107  Oxalis_chachahuensis_MartinezCarretero1570             87.87%    passed      8.95%
 108  Oxalis_ciliaris_Dreyer613                              62.36%    passed     55.38%
 109  Oxalis_ciliata_Cabral124                               81.29%    failed      0.00%
 110  Oxalis_cinerea_Heibl03-095                             59.27%    failed      0.91%
 111  Oxalis_cipoensis_Costa110                              69.92%    passed     21.88%
 112  Oxalis_clavifolia_Oberlander0141                       62.28%    passed     60.26%
 113  Oxalis_colatinensis_Fiaschi4625                        58.00%    failed      0.16%
 114  Oxalis_commutata_Dreyer606                             62.22%    passed     27.22%
 115  Oxalis_comosa_Mucina220901_30A                         62.19%    passed     33.80%
 116  Oxalis_compacta_Teillier5013                           83.38%    failed      0.00%
 117  Oxalis_compressa_BayerOberlander0009                   62.67%    passed     35.68%
 118  Oxalis_comptonii_Dreyer802                             63.11%    passed     59.70%
 119  Oxalis_confertifolia_Oberlander0075                    62.59%    passed     54.97%
 120  Oxalis_conorrhiza_Vaio175                              66.77%    failed      1.61%
 121  Oxalis_convexula_Oberlander0014                        62.48%    passed     31.58%
 122  Oxalis_copiosa_Oberlander0021                          65.82%    failed      2.40%
 123  Oxalis_cordata_Cabral125                               80.15%    failed      0.00%
 124  Oxalis_cornicarpa_Fiaschi5442                          71.35%    passed     57.05%
 125  Oxalis_corniculata_GardnerS1                           54.61%    failed      4.49%
 126  Oxalis_cratensis_Vaio404                               65.32%    failed      0.00%
 127  Oxalis_crocea_Dreyer693                                62.40%    passed     71.22%
 128  Oxalis_cuneata_Dreyer791                               62.75%    passed     61.77%
 129  Oxalis_cuzcensis_Emshwiller532                         89.48%    passed     13.11%
 130  Oxalis_cytisoides_Cabral139                            65.70%    passed     40.22%
 131  Oxalis_debilis_var_corymbosa_Vaio62                    56.53%    failed      0.00%
 132  Oxalis_debilis_var_debilis_Emshwiller171               51.92%    failed      0.02%
 133  Oxalis_decaphylla_Rodriguez2610                        51.78%    failed      0.00%
 134  Oxalis_decipiens_Vasques57                             68.83%    passed      5.12%
 135  Oxalis_densa_Oberlander0169                            62.59%    passed     40.02%
 136  Oxalis_densifolia_Cabral93                             66.09%    passed     19.41%
 137  Oxalis_dentata_Cilliers0004                            62.41%    passed     50.70%
 138  Oxalis_depressa_Oberlander0085                         63.27%    passed     12.20%
 139  Oxalis_deserticola_Oberlander0114                      62.20%    passed     44.38%
 140  Oxalis_desmodioides_Cabral194                          68.41%    passed     24.04%
 141  Oxalis_diamantinae_Richetti61                          65.23%    passed     20.34%
 142  Oxalis_dichotoma_Oberlander0052                        62.33%    passed     46.07%
 143  Oxalis_dilatata_BayerOberlander0014                    62.41%    passed     33.74%
 144  Oxalis_dillenii_Walter6565                             53.79%    failed      3.56%
 145  Oxalis_dines_Helme1355                                 73.88%    failed      0.01%
 146  Oxalis_discolor_Gardner35                              51.78%    failed      0.00%
 147  Oxalis_disticha_Oberlander0159                         62.64%    passed     75.94%
 148  Oxalis_divaricata_Felix13386                           56.64%    failed      0.61%
 149  Oxalis_divergens_Gardner58                             51.99%    failed      0.00%
 150  Oxalis_dolichopoda_Emshwiller292                       91.28%    failed      0.00%
 151  Oxalis_dombey_Cornejo10089                             65.22%    passed     11.55%
 152  Oxalis_dregei_Mucina210903_11                          62.35%    passed     40.87%
 153  Oxalis_droseroides_Oberlander0079                      62.36%    passed     70.61%
 154  Oxalis_drummondii_Weller965                            51.92%    failed      0.00%
 155  Oxalis_dumetorum_Mihoc7330                             77.25%    failed      0.33%
 156  Oxalis_duriuscula_Oberlander0082                       62.35%    passed     41.47%
 157  Oxalis_ebracteata_Dreyer644                            62.51%    passed     65.66%
 158  Oxalis_eckloniana_Dreyer628                            62.53%    passed     47.88%
 159  Oxalis_engleriana_Oberlander0010                       62.48%    passed     55.39%
 160  Oxalis_enneaphylla_HeiblMunozToro04-045                48.44%    failed      0.00%
 161  Oxalis_eriocarpa_Vaio31                                55.94%    failed      0.33%
 162  Oxalis_eriolepis_Emshwiller155                         51.89%    failed      0.00%
 163  Oxalis_erosa_UnknownN                                  58.03%    failed      0.03%
 164  Oxalis_erythrorhiza_Zuloaga12781                       89.69%    passed     12.53%
 165  Oxalis_exserta_Dreyer686                               62.40%    passed     50.85%
 166  Oxalis_fabaefolia_Dreyer721_A                          62.48%    passed     48.79%
 167  Oxalis_falcatula_Oberlander0096                        62.51%    passed     65.41%
 168  Oxalis_famatinae_FOZ11970                              81.89%    failed      0.00%
 169  Oxalis_fergusoniae_Oberlander0111                      62.49%    passed     27.74%
 170  Oxalis_fibrosa_Oberlander0051                          62.53%    passed     28.92%
 171  Oxalis_flagellata_Emshwiller246                        89.48%    passed      7.93%
 172  Oxalis_flava_Dreyer614                                 51.39%    failed      0.02%
 173  Oxalis_flaviuscula_Dreyer701                           62.19%    passed     44.20%
 174  Oxalis_floribunda_subsp_floribunda_Vaio358             52.34%    failed      0.00%
 175  Oxalis_floribunda_subsp_ostenii_Vaio388                54.79%    failed      0.00%
 176  Oxalis_fontana_Whang30761                              89.96%    failed      0.00%
 177  Oxalis_formosana_Aoki181                               58.91%    failed      3.10%
 178  Oxalis_fourcadei_BeanVlok2046                          74.12%    failed      0.09%
 179  Oxalis_frutescens_Vaio426                              56.75%    failed      4.48%
 180  Oxalis_fruticosa_Fiaschi4658                           69.03%    passed     62.39%
 181  Oxalis_furcillata_Oberlander0022                       62.27%    passed     59.77%
 182  Oxalis_galeottii_Gardner60                             51.89%    failed      0.00%
 183  Oxalis_gardneriana_Scatigna1336                        74.77%    failed      0.68%
 184  Oxalis_geralensis_UnknownN                             65.93%    failed      0.30%
 185  Oxalis_giftbergensis_Dreyer796                         62.36%    passed     63.10%
 186  Oxalis_gigantea_HeiblMunozToro04-010                   69.45%    passed      5.29%
 187  Oxalis_glabra_Mucina170601_2                           62.35%    passed     51.98%
 188  Oxalis_glaucescens_Felix13539                          55.63%    failed      0.61%
 189  Oxalis_goniorrhiza_Oberlander0157                      62.36%    passed     63.06%
 190  Oxalis_goyazensis_Cabral100                            68.92%    passed     75.66%
 191  Oxalis_gracilifolia_Cabral193                          69.21%    passed     20.14%
 192  Oxalis_gracilipes_Dreyer645                            62.36%    passed     57.03%
 193  Oxalis_gracilis_Oberlander123                          62.41%    passed     47.46%
 194  Oxalis_grammopetala_Oberlander0156                     62.41%    passed     52.52%
 195  Oxalis_grammophylla_Dreyer670                          62.67%    passed     54.42%
 196  Oxalis_gregaria_Roe1597                                63.50%    passed     71.72%
 197  Oxalis_griffithii_Aoki35                               52.63%    failed      0.00%
 198  Oxalis_grisea_Vaio512                                  54.84%    failed      0.23%
 199  Oxalis_gyrorhiza_Heibl02-035                           70.83%    failed      0.00%
 200  Oxalis_haedulipes_Mucina180903_9                       62.57%    passed     40.23%
 201  Oxalis_hedysarifolia_Almeida1980                       66.77%    passed     72.17%
 202  Oxalis_hedysaroides_Cornejo10079                       65.22%    passed     85.91%
 203  Oxalis_hepatica_Nuernberg1800                          64.42%    passed     98.85%
 204  Oxalis_hernandesii_Gardner56                           51.84%    failed      0.00%
 205  Oxalis_herrerae_Emshwiller459                          90.51%    failed      0.00%
 206  Oxalis_heterophylla_BayerOberlander0008                62.35%    passed     41.49%
 207  Oxalis_hirsutissima_Cordeiro987                        77.57%    failed      0.00%
 208  Oxalis_hirta_Dreyer646                                 62.36%    passed     39.28%
 209  Oxalis_hispidula_Vaio44                                66.73%    passed     26.33%
 210  Oxalis_holosericea_HeiblPfanzelt05-025                 26.22%    failed      0.22%
 211  Oxalis_humbertii_Emshwiller604                         89.48%    passed     14.11%
 212  Oxalis_hyalotricha_subsp_borealis_Melo4854             64.41%    passed     35.33%
 213  Oxalis_hyalotricha_subsp_hyalotricha_Cabral170         79.41%    failed      0.33%
 214  Oxalis_hygrophila_KumwendaDreyer0001                   62.36%    passed     25.26%
 215  Oxalis_hypsophila_Dreyer805                            41.54%    failed      2.37%
 216  Oxalis_idimae_Richetti70                               73.02%    failed      0.98%
 217  Oxalis_imbricata_Oberlander0062                        62.46%    passed     36.97%
 218  Oxalis_impatiens_Bilk382a                              72.35%    passed     71.21%
 219  Oxalis_incana_HeiblPfanzelt05-045                      29.66%    passed     38.58%
 220  Oxalis_incarnata_Emshwiller149                         51.89%    failed      0.01%
 221  Oxalis_inconspicua_Dreyer707                           62.43%    passed     37.82%
 222  Oxalis_inopinata_Fiaschi5544                           70.07%    passed     52.43%
 223  Oxalis_itamarajuensis_Fiaschi4657                      71.28%    passed     73.88%
 224  Oxalis_itatingae_Fiaschi4472                           71.57%    passed     82.99%
 225  Oxalis_jacobinensis_Cabral226                          65.38%    passed     51.57%
 226  Oxalis_jacquiniana_Gardner43                           52.13%    failed      0.00%
 227  Oxalis_jasminifolia_Cornejo9331                        70.10%    passed     52.89%
 228  Oxalis_johnstonii_Heibl01-080                          71.72%    failed      0.00%
 229  Oxalis_kamiesbergensis_MO592cfkamiebergensis           62.35%    passed     41.91%
 230  Oxalis_kantoensis_Aoki25                               52.75%    failed      0.00%
 231  Oxalis_knuthiana_Dreyer721                             62.32%    passed     55.41%
 232  Oxalis_kollmannii_Vasques53                            70.08%    passed     44.79%
 233  Oxalis_kuhlmannii_Fiaschi4662                          70.41%    passed     30.67%
 234  Oxalis_laciniata_HeiblMunozToro04-047                  54.34%    failed      0.00%
 235  Oxalis_lanata_Dreyer751                                73.84%    failed      0.27%
 236  Oxalis_lasiandra_Gardner69                             52.05%    failed      0.00%
 237  Oxalis_lasiopetala_Vaio87                              55.42%    failed      0.00%
 238  Oxalis_lateriflora_Dreyer651                           73.97%    failed      0.07%
 239  Oxalis_latifolia_Gardner38                             51.78%    failed      0.00%
 240  Oxalis_laxa_var_hispidissima_Heibl02-027               33.11%    passed     30.67%
 241  Oxalis_laxa_var_hispidula_FOZ12555                     86.54%    failed      0.00%
 242  Oxalis_laxa_var_laxa_Heibl03-091                       28.07%    failed      4.15%
 243  Oxalis_leonii_Costa122                                 76.71%    passed     66.74%
 244  Oxalis_leptocalyx_Oberlander0076                       62.35%    passed     49.68%
 245  Oxalis_leptogramma_Dreyer617                           62.62%    passed     67.07%
 246  Oxalis_leucolepis_Aoki420                              58.23%    passed      8.14%
 247  Oxalis_lichenoides_Dreyer785                           62.48%    passed     55.55%
 248  Oxalis_linarantha_Wasum3369                            53.95%    failed      2.68%
 249  Oxalis_linearis_Dreyer679                              62.77%    passed     70.37%
 250  Oxalis_livida_Oberlander0078                           73.97%    failed      0.10%
 251  Oxalis_lomana_Gaspar2                                  83.02%    failed      0.00%
 252  Oxalis_longissima_Emshwiller64_247                     89.77%    failed      0.00%
 253  Oxalis_loricata_HeiblPfanzelt05-006                    47.11%    failed      0.04%
 254  Oxalis_lotoides_Emshwiller789                          89.67%    passed     16.25%
 255  Oxalis_louisae_Dreyer708                               62.23%    passed     35.94%
 256  Oxalis_lucumayensis_subsp_lucumayensis_Emshwiller485   89.48%    passed     10.07%
 257  Oxalis_lucumayensis_subsp_subiens_Emshwiller289        89.48%    passed     11.91%
 258  Oxalis_luteola_Oberlander0026                          62.51%    passed     37.14%
 259  Oxalis_lutzii_Melo4829                                 70.63%    passed     15.92%
 260  Oxalis_macrocarpa_Gardner49                            51.71%    failed      0.00%
 261  Oxalis_magellanica_HeiblBotGardenMunich02              28.57%    failed      0.27%
 262  Oxalis_magnifica_Gardner68                             52.31%    failed      0.00%
 263  Oxalis_mandioccana_Fiaschi4660                         78.35%    passed     45.56%
 264  Oxalis_martiana_Emshwiller445                          90.90%    failed      0.00%
 265  Oxalis_massoniana_Holmes0016                           62.59%    passed     50.45%
 266  Oxalis_matancillae_HeiblMunozToro04-023                78.14%    failed      0.00%
 267  Oxalis_medicaginea_Emshwiller809                       89.54%    passed     14.43%
 268  Oxalis_megalorrhiza_Gaspar173                          83.15%    failed      0.02%
 269  Oxalis_meisneri_Oberlander0088                         62.38%    passed     58.22%
 270  Oxalis_melanosticta_Dreyer622                          62.41%    passed     35.68%
 271  Oxalis_melilotoides_Emshwiller190                      90.90%    failed      0.00%
 272  Oxalis_micrantha_Heibl03-092                           65.53%    passed     81.95%
 273  Oxalis_microcarpa_Cornejo9341                          89.02%    failed      0.00%
 274  Oxalis_minuta_var_callosa_KumwendaDreyer1              85.15%    failed      0.15%
 275  Oxalis_minuta_var_minuta_Dreyer727                     85.15%    failed      0.05%
 276  Oxalis_mollissima_Emshwiller359_x415                   90.60%    failed      0.00%
 277  Oxalis_monochasiata_Fiaschi4585                        67.29%    passed     37.38%
 278  Oxalis_monophylla_DreyerOberlander0003                 62.35%    passed     50.35%
 279  Oxalis_monticola_Vaio20                                54.78%    failed      0.00%
 280  Oxalis_morelosii_Perez4856                             51.78%    failed      0.00%
 281  Oxalis_morenoensis_Heibl01-009                         71.02%    passed     15.81%
 282  Oxalis_morronei_LZ204                                  82.26%    failed      0.00%
 283  Oxalis_multicaulis_Oberlander0080                      62.36%    passed     60.46%
 284  Oxalis_muscoides_Zuloaga12256                          85.73%    failed      0.01%
 285  Oxalis_nahuelhuapiensis_Pfanzelt227                    84.81%    failed      0.00%
 286  Oxalis_namaquana_Dreyer713                             62.32%    passed     66.82%
 287  Oxalis_natans_Oberlander0160                           62.35%    passed     67.18%
 288  Oxalis_nelsonii_Gardner66                              52.13%    failed      0.00%
 289  Oxalis_neuwiedii_EMA1336                               61.07%    failed      0.23%
 290  Oxalis_nidulans_Dreyer752                              62.66%    passed     65.40%
 291  Oxalis_niederleinii_Vaio190                            56.09%    failed      3.06%
 292  Oxalis_nortieri_Oberlander0112                         62.36%    passed     34.00%
 293  Oxalis_novemfoliolata_Heibl01-078                      81.61%    failed      0.00%
 294  Oxalis_nubigena_Emshwiller345                          89.69%    passed     20.28%
 295  Oxalis_obliquifolia_Bellstedt711                       62.49%    passed     42.86%
 296  Oxalis_oblongiformis_Emshwiller797                     89.70%    passed      9.49%
 297  Oxalis_obtriangulata_JNU140                            90.74%    failed      0.00%
 298  Oxalis_obtusa_Dreyer691                                62.22%    passed     31.86%
 299  Oxalis_occulta_Fiaschi5058                             72.00%    passed     40.29%
 300  Oxalis_oculifera_Dreyer799                             63.32%    passed     13.31%
 301  Oxalis_oligophylla_Dreyer797                           62.36%    passed     24.77%
 302  Oxalis_orbicularis_Oberlander0066                      62.19%    passed     36.59%
 303  Oxalis_oregana_Olmstead2003-33                         53.49%    failed      0.01%
 304  Oxalis_oreocharis_Emshwiller583                        51.42%    failed      0.01%
 305  Oxalis_oreophila_Dreyer666                             62.46%    passed     43.86%
 306  Oxalis_ornithopus_HeiblMunozToro04-015                 76.00%    failed      0.00%
 307  Oxalis_ortgiesii_Emshwiller458                         79.70%    failed      0.00%
 308  Oxalis_orthopoda_Oberlander0068                        62.40%    passed     37.53%
 309  Oxalis_oulophora_Emshwiller308                         81.43%    failed      0.00%
 310  Oxalis_pachyrrhiza_Weigend8479                         37.33%    failed      4.08%
 311  Oxalis_pallens_Dreyer654                               62.35%    passed     66.78%
 312  Oxalis_palmifrons_Holmes0019                           62.35%    passed     29.56%
 313  Oxalis_paludosa_Vaio479                                56.79%    passed      6.90%
 314  Oxalis_pampeana_Nuernberg1875                          63.14%    passed     90.34%
 315  Oxalis_paposana_Heibl03-062                            63.16%    passed     33.00%
 316  Oxalis_paranaensis_VaioC2                              55.96%    failed      1.60%
 317  Oxalis_pardoensis_Caxambu5990                          68.49%    failed      3.37%
 318  Oxalis_pataxorum_Cabral196                             67.62%    passed     26.03%
 319  Oxalis_paucartambensis_Emshwiller548                   89.48%    passed     19.12%
 320  Oxalis_peduncularis_var_peduncularis_Emshwiller418     91.15%    failed      0.00%
 321  Oxalis_peduncularis_var_pilosa_Emshwiller791           89.52%    passed      8.80%
 322  Oxalis_pendulifolia_Oberlander0067                     62.38%    passed     42.52%
 323  Oxalis_penicillata_HeiblPfanzelt05-032                 47.06%    failed      3.07%
 324  Oxalis_perdicaria_HeiblBotGardenMunich03               43.12%    failed      4.24%
 325  Oxalis_pes-caprae_Aoki6                                52.52%    failed      0.03%
 326  Oxalis_petrophila_Emshwiller933                        89.56%    passed     16.75%
 327  Oxalis_phloxidiflora_Dreyer678                         62.79%    passed     64.90%
 328  Oxalis_physocalyx_Melo6953                             66.53%    passed     45.31%
 329  Oxalis_picchensis_Emshwiller500                        89.69%    passed     25.05%
 330  Oxalis_pickeringii_Gaspar175                           61.73%    passed     69.51%
 331  Oxalis_pillansiana_Oberlander0135                      62.23%    passed     45.72%
 332  Oxalis_pilulifera_Sartor48                             88.31%    failed      0.00%
 333  Oxalis_pinguiculacea_Wood22147                         52.94%    failed      0.00%
 334  Oxalis_pocockiae_Dreyer626                             62.35%    passed     59.04%
 335  Oxalis_polymorpha_Fiaschi4618                          71.15%    passed     42.04%
 336  Oxalis_polyphylla_Cilliers0002                         62.40%    passed     65.42%
 337  Oxalis_polyrhiza_Emshwiller960                         89.95%    passed     16.18%
 338  Oxalis_porphyriosiphon_Oberlander0167                  62.36%    passed     55.20%
 339  Oxalis_praetexta_Cabral159                             75.69%    passed     27.85%
 340  Oxalis_primavera_Gardner50                             51.76%    failed      0.00%
 341  Oxalis_primuloides_Dreyer711                           62.38%    passed     41.98%
 342  Oxalis_pseudocernua_Craven4781                         62.45%    passed     53.95%
 343  Oxalis_psilopoda_Oberlander0064                        62.35%    passed     54.74%
 344  Oxalis_psoraleoides_subsp_insipida_Antar1317           77.59%    failed      0.00%
 345  Oxalis_psoraleoides_subsp_psoraleoides_Felix14001      57.78%    failed      0.09%
 346  Oxalis_ptychoclada_var_ptychoclada_Emshwiller916       55.25%    failed      0.02%
 347  Oxalis_ptychoclada_var_trichocarpa_Emshwiller600       89.52%    passed     13.18%
 348  Oxalis_puberula_Rhoden7                                68.75%    passed     27.98%
 349  Oxalis_pulchella_Dreyer612                             62.36%    passed     26.29%
 350  Oxalis_punctata_Cilliers0005                           62.19%    passed     79.48%
 351  Oxalis_purpurascens_Dreyer634                          62.27%    passed     42.54%
 352  Oxalis_purpurea_Oberlander0024                         62.40%    passed     44.59%
 353  Oxalis_pusilla_Dreyer746                               62.35%    passed     58.31%
 354  Oxalis_pycnophylla_Heibl01-005                         58.34%    failed      0.44%
 355  Oxalis_pyrenea_var_macrochaeta_Cabral96                64.03%    passed     25.19%
 356  Oxalis_pyrenea_var_pyrenea_Sartor65                    64.49%    passed     59.73%
 357  Oxalis_reclinata_Dreyer718                             62.53%    passed     59.09%
 358  Oxalis_recticaulis_Oberlander0170                      62.38%    passed     57.84%
 359  Oxalis_refracta_Vaio496                                56.04%    passed      5.52%
 360  Oxalis_regnellii_Emshwiller456                         91.29%    failed      0.00%
 361  Oxalis_rhombeo-ovata_Melo4750                          71.30%    passed     29.87%
 362  Oxalis_ricardii_Heibl01-072                            69.92%    failed      0.33%
 363  Oxalis_rigida_Heibl03-096                              79.65%    failed      0.00%
 364  Oxalis_rosea_Lammers7916                               45.24%    failed      0.00%
 365  Oxalis_roselata_Rhoden16                               70.36%    passed     45.81%
 366  Oxalis_salteri_Dreyer784                               62.28%    passed     71.10%
 367  Oxalis_sarmentosa_VaioC13                              57.47%    failed      2.48%
 368  Oxalis_sciophila_Costa118                              70.34%    failed      3.41%
 369  Oxalis_sellowiana_forma_alba_Vaio282                   54.19%    failed      0.08%
 370  Oxalis_sellowiana_forma_sellowiana_Giussani421         81.08%    failed      0.01%
 371  Oxalis_sellowii_Cabral109                              71.98%    passed      5.61%
 372  Oxalis_sepium_Radavelli76                              75.08%    failed      0.00%
 373  Oxalis_serpens_VaioC27                                 57.92%    passed     10.93%
 374  Oxalis_setosa_Bellstedt770                             62.95%    passed     23.45%
 375  Oxalis_smithiana_Bellstedt699                          62.36%    passed     41.82%
 376  Oxalis_sonderiana_Dreyer694                            62.43%    passed     49.10%
 377  Oxalis_spiralis_Aoki85                                 54.66%    failed      0.13%
 378  Oxalis_squamata_HeiblPfanzelt05-027                    57.13%    failed      0.00%
 379  Oxalis_squarrosa_Arancio14804                          71.77%    failed      0.00%
 380  Oxalis_staffordiana_Emshwiller512                      91.42%    passed     19.16%
 381  Oxalis_stellata_Oberlander0086                         62.35%    passed     45.40%
 382  Oxalis_stenopetala_Dreyer675                           62.83%    passed     81.96%
 383  Oxalis_stenoptera_Oberlander0138                       62.49%    passed     68.72%
 384  Oxalis_stictocheila_Dreyer749                          62.35%    passed     58.02%
 385  Oxalis_stricta_GardnerstrictaB                         65.19%    failed      0.00%
 386  Oxalis_strigosa_Oberlander0093                         62.35%    passed     43.49%
 387  Oxalis_suavis_Oberlander0075                           62.19%    passed     45.02%
 388  Oxalis_subacaulis_Salomon245                           85.62%    failed      0.02%
 389  Oxalis_subintegra_Emshwiller799                        89.56%    passed     12.93%
 390  Oxalis_suborbiculata_Cabral110                         72.87%    passed     86.51%
 391  Oxalis_suteroides_Oberlander0115                       62.36%    passed     48.67%
 392  Oxalis_tabaconasensis_Emshwiller786                    89.49%    passed     11.43%
 393  Oxalis_taimonii_Wang4456                               83.54%    passed      5.52%
 394  Oxalis_tenella_Dreyer639                               62.36%    passed     42.83%
 395  Oxalis_teneriensis_Emshwiller511                       91.08%    passed     19.12%
 396  Oxalis_tenerrima_VaioC30                               58.54%    passed     10.88%
 397  Oxalis_tenuifolia_Oberlander0027                       62.36%    passed     61.17%
 398  Oxalis_tenuipes_Dreyer800                              62.45%    passed     62.38%
 399  Oxalis_tenuis_Dreyer793                                62.41%    passed     58.65%
 400  Oxalis_tetraphylla_EmshwillerDEPP                      51.81%    failed      0.00%
 401  Oxalis_tijucana_Vasques85                              72.48%    passed     80.97%
 402  Oxalis_tomentosa_Roller0006                            62.36%    passed     27.77%
 403  Oxalis_tortuosa_KrausK-94                              44.74%    failed      0.25%
 404  Oxalis_triangularis_subsp_papilionacea_Emshwiller456   52.57%    failed      0.00%
 405  Oxalis_triangularis_subsp_triangularis_MO1165          88.88%    failed      0.00%
 406  Oxalis_triangulata_Aoki34                              52.12%    failed      0.00%
 407  Oxalis_trillifolia_MO275113                            58.73%    passed      5.42%
 408  Oxalis_trollii_Wood22158                               52.07%    failed      0.00%
 409  Oxalis_truncatula_Dreyer605                            62.40%    passed     45.33%
 410  Oxalis_tuberosa_Emshwiller97_50-02                     55.85%    failed      0.05%
 411  Oxalis_uliginosa_MO394uliginosa                        62.46%    passed     65.38%
 412  Oxalis_umbraticola_Richetti69                          69.87%    passed     10.35%
 413  Oxalis_unduavensis_Emshwiller168_291_351               90.68%    failed      0.00%
 414  Oxalis_urbaniana_Bytebier2015                          62.35%    passed     59.23%
 415  Oxalis_valdiviensis_HeiblPfanzelt05-016                32.90%    passed     41.48%
 416  Oxalis_veadeirosensis_Fiaschi5330                      66.11%    passed     44.91%
 417  Oxalis_versicolor_Oberlander0034                       62.35%    passed     56.64%
 418  Oxalis_villosula_UnknownN                              90.32%    failed      0.00%
 419  Oxalis_violacea_GardnerAGVIO1                          51.76%    failed      0.00%
 420  Oxalis_virgata_Emshwiller292                           76.57%    failed      2.78%
 421  Oxalis_virginea_MO580virginea                          64.75%    passed     61.36%
 422  Oxalis_virgosa_Ehrhart6-134                            64.91%    failed      3.49%
 423  Oxalis_viscosa_Dreyer642                               62.41%    passed     69.52%
 424  Oxalis_vulcanicola_MO702cfhedysaroides                 64.68%    passed     73.70%
 425  Oxalis_weberbaueri_Emshwiller746                       89.51%    passed     12.00%
 426  Oxalis_wulingensis_Deng544                             89.44%    failed      0.00%
 427  Oxalis_xantha_Dreyer671                                62.40%    passed     58.77%
 428  Oxalis_yungasensis_Emshwiller437_350                   89.82%    failed      0.00%
 429  Oxalis_zamorana_Balslev6515                            84.77%    failed      0.00%
 430  Oxalis_zeekoevleyensis_Oberlander0012                  62.46%    passed     22.54%
 431  Oxalis_zeyheri_MO590cfzeyheri                          62.35%    passed     49.78%
 432  Pancheria_hirsuta_CUN132                               78.94%    failed      0.00%
 433  Peripentadenia_phelpsii_Crayn887                       77.17%    failed      0.00%
 434  Platylophus_trifoliatus_UnknownN                       76.08%    failed      0.00%
 435  Platytheca_galioides_Crayn701                          89.87%    failed      0.00%
 436  Pseudoweinmannia_lanchnocarpa_UnknownN                 73.41%    failed      0.02%
 437  Pullea_stutzeri_WellsJ164-Pst                          87.38%    failed      0.81%
 438  Rourea_microphylla_SCBGP304                            76.70%    failed      0.00%
 439  Sarcotheca_laxa_SARLAX                                 79.24%    failed      0.00%
 440  Sarcotheca_monophylla_SARMON                           65.82%    passed      6.18%
 441  Schizomeria_ovata_UnknownN                             94.58%    passed     11.23%
 442  Sericolea_micans_Crayn536                              79.36%    failed      0.00%
 443  Sloanaea_syandra_UnknownN                              91.75%    failed      0.00%
 444  Spiraeanthemum_ellipticum_UnknownN                     72.29%    failed      0.03%
 445  Spiraeopsis_celebica_UnknownN                          70.16%    failed      0.00%
 446  Tetratheca_hirsuta_Butcher915                          78.01%    failed      0.00%
 447  Tremandra_diffusa_Butcher961                           80.43%    failed      0.62%
 448  Vallea_stipularis_Chase654                             78.14%    failed      0.00%
 449  Vesselowskya_rubifolia_CUN136                          78.29%    failed      0.00%
 450  Weinmannia_reticulata_CUN111                           78.43%    failed      0.03%
WARNING: 429 sequences contain more than 50% gaps/ambiguity
****  TOTAL                                                  67.53%  206 sequences failed composition chi2 test (p-value<5%; df=3)
NOTE: Oxalis_tabaconasensis_Emshwiller786 is identical to Oxalis_cf_peduncularis_Emshwiller850 but kept for subsequent analysis

Create initial parsimony tree by phylogenetic likelihood library (PLL)... 0.470 seconds
Generating 1000 samples for ultrafast bootstrap (seed: 385346)...

NOTE: 236 MB RAM (0 GB) is required!
Estimate model parameters (epsilon = 0.100)
1. Initial log-likelihood: -85530.763
2. Current log-likelihood: -78872.046
3. Current log-likelihood: -78714.024
4. Current log-likelihood: -78683.082
5. Current log-likelihood: -78670.046
6. Current log-likelihood: -78660.360
7. Current log-likelihood: -78652.989
8. Current log-likelihood: -78647.765
9. Current log-likelihood: -78644.261
10. Current log-likelihood: -78641.965
11. Current log-likelihood: -78640.470
12. Current log-likelihood: -78639.456
13. Current log-likelihood: -78638.640
14. Current log-likelihood: -78637.999
15. Current log-likelihood: -78637.463
16. Current log-likelihood: -78637.002
17. Current log-likelihood: -78636.586
18. Current log-likelihood: -78636.217
19. Current log-likelihood: -78635.871
20. Current log-likelihood: -78635.544
21. Current log-likelihood: -78635.237
22. Current log-likelihood: -78634.955
23. Current log-likelihood: -78634.783
24. Current log-likelihood: -78634.521
25. Current log-likelihood: -78634.362
26. Current log-likelihood: -78634.116
27. Current log-likelihood: -78633.977
28. Current log-likelihood: -78633.831
29. Current log-likelihood: -78633.692
30. Current log-likelihood: -78633.558
31. Current log-likelihood: -78633.426
32. Current log-likelihood: -78633.304
33. Current log-likelihood: -78633.185
34. Current log-likelihood: -78633.072
35. Current log-likelihood: -78632.965
36. Current log-likelihood: -78632.862
Optimal log-likelihood: -78632.700
Rate parameters:  A-C: 0.98507  A-G: 1.75073  A-T: 0.69294  C-G: 0.73302  C-T: 2.29937  G-T: 1.00000
Base frequencies:  A: 0.310  C: 0.196  G: 0.189  T: 0.305
Site proportion and rates:  (0.469,0.181) (0.388,0.910) (0.105,2.849) (0.037,7.078)
Parameters optimization took 36 rounds (265.422 sec)
Computing ML distances based on estimated model parameters... 6.708 sec
WARNING: Some pairwise ML distances are too long (saturated)
Computing BIONJ tree...
0.167 seconds
Log-likelihood of BIONJ tree: -86208.001
--------------------------------------------------------------------
|             INITIALIZING CANDIDATE TREE SET                      |
--------------------------------------------------------------------
Generating 98 parsimony trees... 69.212 second
Computing log-likelihood of 98 initial trees ... 96.163 seconds
Current best score: -78396.910

Do NNI search on 20 best initial trees
Estimate model parameters (epsilon = 0.100)
BETTER TREE FOUND at iteration 1: -78305.270
Estimate model parameters (epsilon = 0.100)
BETTER TREE FOUND at iteration 2: -78289.260
Iteration 10 / LogL: -78369.009 / Time: 0h:12m:48s
Iteration 20 / LogL: -78321.125 / Time: 0h:19m:7s
Finish initializing candidate tree set (20)
Current best tree score: -78289.260 / CPU time: 855.499
Number of iterations: 20
--------------------------------------------------------------------
|               OPTIMIZING CANDIDATE TREE SET                      |
--------------------------------------------------------------------
Estimate model parameters (epsilon = 0.100)
BETTER TREE FOUND at iteration 30: -78275.900
Iteration 30 / LogL: -78275.900 / Time: 0h:22m:54s (1h:18m:58s left)
Estimate model parameters (epsilon = 0.100)
BETTER TREE FOUND at iteration 34: -78267.554
Estimate model parameters (epsilon = 0.100)
BETTER TREE FOUND at iteration 40: -78258.963
Iteration 40 / LogL: -78258.963 / Time: 0h:28m:2s (1h:11m:52s left)
Estimate model parameters (epsilon = 0.100)
BETTER TREE FOUND at iteration 43: -78254.130
Iteration 50 / LogL: -78301.733 / Time: 0h:31m:41s (1h:0m:7s left)
Log-likelihood cutoff on original alignment: -78432.844
Estimate model parameters (epsilon = 0.100)
BETTER TREE FOUND at iteration 51: -78242.486
Estimate model parameters (epsilon = 0.100)
BETTER TREE FOUND at iteration 55: -78240.435
Iteration 60 / LogL: -78287.748 / Time: 0h:34m:44s (0h:55m:55s left)
Iteration 70 / LogL: -78253.494 / Time: 0h:37m:43s (0h:46m:27s left)
Iteration 80 / LogL: -78251.063 / Time: 0h:40m:19s (0h:38m:16s left)
Estimate model parameters (epsilon = 0.100)
BETTER TREE FOUND at iteration 82: -78236.131
Estimate model parameters (epsilon = 0.100)
BETTER TREE FOUND at iteration 84: -78235.397
Estimate model parameters (epsilon = 0.100)
BETTER TREE FOUND at iteration 86: -78234.193
Iteration 90 / LogL: -78248.511 / Time: 0h:43m:13s (0h:46m:36s left)
Estimate model parameters (epsilon = 0.100)
BETTER TREE FOUND at iteration 96: -78232.390
Iteration 100 / LogL: -78237.293 / Time: 0h:45m:54s (0h:44m:30s left)
Log-likelihood cutoff on original alignment: -78387.411
NOTE: Bootstrap correlation coefficient of split occurrence frequencies: 0.975
NOTE: UFBoot does not converge, continue at least 100 more iterations
Estimate model parameters (epsilon = 0.100)
BETTER TREE FOUND at iteration 109: -78230.737
Iteration 110 / LogL: -78265.324 / Time: 0h:48m:43s (0h:44m:15s left)
Iteration 120 / LogL: -78240.192 / Time: 0h:51m:8s (0h:38m:14s left)
Iteration 130 / LogL: -78299.632 / Time: 0h:54m:5s (0h:33m:7s left)
Iteration 140 / LogL: -78252.711 / Time: 0h:56m:49s (0h:28m:12s left)
Iteration 150 / LogL: -78251.162 / Time: 0h:59m:12s (0h:23m:26s left)
Log-likelihood cutoff on original alignment: -78387.411
Estimate model parameters (epsilon = 0.100)
BETTER TREE FOUND at iteration 157: -78229.796
Iteration 160 / LogL: -78330.118 / Time: 1h:1m:43s (0h:37m:39s left)
Iteration 170 / LogL: -78265.083 / Time: 1h:4m:3s (0h:32m:58s left)
Estimate model parameters (epsilon = 0.100)
BETTER TREE FOUND at iteration 179: -78225.363
Iteration 180 / LogL: -78235.370 / Time: 1h:6m:37s (0h:36m:50s left)
Iteration 190 / LogL: -78230.937 / Time: 1h:9m:19s (0h:32m:38s left)
Iteration 200 / LogL: -78229.115 / Time: 1h:11m:43s (0h:28m:28s left)
Log-likelihood cutoff on original alignment: -78387.411
NOTE: Bootstrap correlation coefficient of split occurrence frequencies: 0.994
Iteration 210 / LogL: -78247.582 / Time: 1h:14m:18s (0h:31m:59s left)
Estimate model parameters (epsilon = 0.100)
BETTER TREE FOUND at iteration 211: -78223.964
Iteration 220 / LogL: -78256.292 / Time: 1h:16m:46s (0h:31m:53s left)
Iteration 230 / LogL: -78302.736 / Time: 1h:19m:17s (0h:28m:2s left)
Estimate model parameters (epsilon = 0.100)
BETTER TREE FOUND at iteration 232: -78223.209
Iteration 240 / LogL: -78258.309 / Time: 1h:21m:41s (0h:31m:26s left)
Iteration 250 / LogL: -78247.747 / Time: 1h:24m:11s (0h:27m:43s left)
Log-likelihood cutoff on original alignment: -78372.515
Iteration 260 / LogL: -78252.828 / Time: 1h:26m:56s (0h:24m:10s left)
Estimate model parameters (epsilon = 0.100)
BETTER TREE FOUND at iteration 265: -78222.371
Iteration 270 / LogL: -78250.305 / Time: 1h:29m:32s (0h:31m:37s left)
Iteration 280 / LogL: -78240.943 / Time: 1h:32m:10s (0h:28m:4s left)
Iteration 290 / LogL: -78227.682 / Time: 1h:34m:38s (0h:24m:33s left)
Iteration 300 / LogL: -78243.126 / Time: 1h:37m:14s (0h:21m:8s left)
Log-likelihood cutoff on original alignment: -78372.515
NOTE: Bootstrap correlation coefficient of split occurrence frequencies: 0.995
Iteration 310 / LogL: -78244.347 / Time: 1h:39m:34s (0h:29m:0s left)
Iteration 320 / LogL: -78268.848 / Time: 1h:42m:15s (0h:25m:38s left)
Iteration 330 / LogL: -78224.076 / Time: 1h:44m:37s (0h:22m:15s left)
Iteration 340 / LogL: -78222.506 / Time: 1h:46m:49s (0h:18m:54s left)
Iteration 350 / LogL: -78243.798 / Time: 1h:49m:18s (0h:15m:39s left)
Log-likelihood cutoff on original alignment: -78372.515
Iteration 360 / LogL: -78240.354 / Time: 1h:51m:52s (0h:12m:27s left)
TREE SEARCH COMPLETED AFTER 366 ITERATIONS / Time: 1h:53m:21s

--------------------------------------------------------------------
|                    FINALIZING TREE SEARCH                        |
--------------------------------------------------------------------
Performs final model parameters optimization
Estimate model parameters (epsilon = 0.010)
1. Initial log-likelihood: -78222.371
2. Current log-likelihood: -78222.328
3. Current log-likelihood: -78222.283
4. Current log-likelihood: -78222.262
Optimal log-likelihood: -78222.249
Rate parameters:  A-C: 0.98749  A-G: 1.76614  A-T: 0.69201  C-G: 0.73543  C-T: 2.31434  G-T: 1.00000
Base frequencies:  A: 0.310  C: 0.196  G: 0.189  T: 0.305
Site proportion and rates:  (0.462,0.178) (0.397,0.894) (0.103,2.849) (0.039,6.986)
Parameters optimization took 4 rounds (10.347 sec)
BEST SCORE FOUND : -78222.249

Testing tree branches by SH-like aLRT with 1000 replicates...
Alternative NNI shows better log-likelihood -78222.244 > -78222.249
99.528 sec.
Creating bootstrap support values...
Split supports printed to NEXUS file 8_loci_450_spp.fasta.splits.nex
Total tree length: 5.828

Total number of iterations: 366
CPU time used for tree search: 4006.967 sec (1h:6m:46s)
Wall-clock time used for tree search: 6510.031 sec (1h:48m:30s)
Total CPU time used: 4239.102 sec (1h:10m:39s)
Total wall-clock time used: 6913.039 sec (1h:55m:13s)

Computing bootstrap consensus tree...
Reading input file 8_loci_450_spp.fasta.splits.nex...
450 taxa and 2243 splits.
Consensus tree written to 8_loci_450_spp.fasta.contree
Reading input trees file 8_loci_450_spp.fasta.contree
Log-likelihood of consensus tree: -78220.752

Analysis results written to: 
  IQ-TREE report:                8_loci_450_spp.fasta.iqtree
  Maximum-likelihood tree:       8_loci_450_spp.fasta.treefile
  Likelihood distances:          8_loci_450_spp.fasta.mldist

Ultrafast bootstrap approximation results written to:
  Split support values:          8_loci_450_spp.fasta.splits.nex
  Consensus tree:                8_loci_450_spp.fasta.contree
  Screen log file:               8_loci_450_spp.fasta.log

Date and Time: Mon Mar 23 22:42:52 2026
