#
#model:
#
#<?xml version="1.0" encoding="UTF-8" standalone="no"?><input id="posterior" spec="beast.base.inference.CompoundDistribution">
#    <distribution id="prior" spec="beast.base.inference.CompoundDistribution">
#        <distribution id="BirthDeath.t:ITS" spec="beast.base.evolution.speciation.BirthDeathGernhard08Model">
#            <parameter id="BDDeathRate.t:ITS" lower="0.0" name="relativeDeathRate" spec="beast.base.inference.parameter.RealParameter" upper="1.0">0.5</parameter>
#            <parameter id="BDBirthRate.t:ITS" lower="0.0" name="birthDiffRate" spec="beast.base.inference.parameter.RealParameter" upper="10000.0">1.0</parameter>
#            <tree id="Tree.t:ITS" spec="beast.base.evolution.tree.Tree">
#                <taxonset id="TaxonSet.ITS" spec="beast.base.evolution.alignment.TaxonSet">
#                    <alignment filter="1-819" id="ITS" spec="beast.base.evolution.alignment.FilteredAlignment">
#                    </alignment>
#                </taxonset>
#            </tree>
#        </distribution>
#        <prior id="BirthRatePrior.t:ITS" name="distribution" x="@BDBirthRate.t:ITS">
#            <Uniform id="Uniform.24" name="distr" upper="1000.0"/>
#        </prior>
#        <prior id="DeathRatePrior.t:ITS" name="distribution" x="@BDDeathRate.t:ITS">
#            <Uniform id="Uniform.25" name="distr"/>
#        </prior>
#        <distribution id="MultiMonophyleticConstraint.t:ITS" isBinary="false" newick="(((Davidsonia_pruriens_Carlsen3197,Callicoma_serratifolia_CUN120,Lamononia_ternata_Blum10-127,Ceratopetalum_apetalum_UnknownN,Eucryphia_cordifolia_CONC125000,(Caldcluvia_paniculosa_UnknownN,(Spiraeopsis_celebica_UnknownN,Opocunonia_papuana_UnknownN)),(Vesselowskya_rubifolia_CUN136,(Weinmannia_reticulata_CUN111,Ackama_rosifolia_UnknownN,(Cunonia_balansae_CUN069,Pancheria_hirsuta_CUN132)))),(Cephalotus_follicularis_ON149879,(Brunellia_trianae_MN585217,Brunellia_antioquensis_MN615725),(Crinodendron_patagua_AllenNSW605484,Peripentadenia_phelpsii_Crayn887,Sloanaea_syandra_UnknownN,Dubouzetia_campanulata_Crayn745,(Vallea_stipularis_Chase654,Aristotelia_fruticosa_Chase781),(Tremandra_diffusa_Butcher961,(Platytheca_galioides_Crayn701c,Tetratheca_hirsuta_Butcher915)),(Elaeocarpus_decipiens_MZ334669,Aceratium_ferrugineum_Harrington296,Sericolea_micans_Crayn536)))),((Cnestis_polyphylla_Abbott9113,Cnestidium_rufescens_DB0784,Jollydora_glandulosa_PM5146,Agelaea_borneensis_AS166,Connarus_panamensis_DB0282,(Ellipanthus_glabrifolius_CPG00356,Rourea_microphylla_MT537171)),((Biophytum_abyssinicum_BIOAB,(Averrhoa_carambola_NC033350,(Dapania_pentandra_DAPEN,Sarcotheca_monophylla_SARMON))),(((Oxalis_dumetorum_Mihoc7330,Oxalis_incana_HeiblPfanzelt05-045),(Oxalis_praetexta_Cabral159,(Oxalis_eriocarpa_Vaio31,(Oxalis_niederleinii_Vaio190,Oxalis_refracta_Vaio496),(Oxalis_paranaensis_VaioC2,Oxalis_pampeana_Nuernberg1875,Oxalis_hepatica_Nuernberg1800,(Oxalis_sarmentosa_VaioC13,Oxalis_bifrons_Fiaschi3633)))),(Oxalis_confertissima_Fiaschi4478,(Oxalis_subvilosa_Nuernberg1848,(Oxalis_serpens_VaioC27,((Oxalis_calachaccensis_Emshwiller880X,Oxalis_corniculata_GardnerS1),(Oxalis_fontana_Whang30761,(Oxalis_dillenii_Walter6565,Oxalis_stricta_BR0000013234621))),(Oxalis_aureoflava_Munoz4871,Oxalis_tenerrima_VaioC30,Oxalis_bisfracta_Emshwiller232,Oxalis_gyrorhiza_Heibl02-035,(Oxalis_conorrhiza_Vaio175,Oxalis_paludosa_Vaio479)))))),((Oxalis_hedysaroides_Cornejo10079,(Oxalis_pickeringii_Gaspar134,Oxalis_dombey_Cornejo10089)),(((Oxalis_glaucescens_Felix13539,(Oxalis_hirsutissima_Cordeiro987,Oxalis_physocalyx_Melo6953,Oxalis_grisea_Vaio512,(Oxalis_cordata_Cabral125,Oxalis_ciliata_Cabral124))),(((Oxalis_monochasiata_Fiaschi4585,Oxalis_jacobinensis_Cabral226),(Oxalis_veadeirosensis_Fiaschi5330,Oxalis_microcarpa_Cornejo9341,Oxalis_macrochaeta_Cabral96,(Oxalis_caesariata_Fiaschi5273,(Oxalis_gardneriana_Scatigna1336,Oxalis_densifolia_Cabral93)))),(Oxalis_frutescens_Vaio426,(Oxalis_divaricata_Felix13386,Oxalis_cerradoana_Cabral259),(Oxalis_hyalotricha_subsp_borealis_Melo4854,(Oxalis_hyalotricha_subsp_hyalotricha_Cabral170,Oxalis_diamantinae_Richetti61)),(Oxalis_hedysarifolia_Almeida1980,Oxalis_pilulifera_Sartor48,Oxalis_sellowii_Cabral109,Oxalis_pyrenea_Sartor65,Oxalis_suborbiculata_Cabral110,Oxalis_cytisoides_Cabral139,Oxalis_sepium_Radavelli76,(Oxalis_cratensis_Vaio404,Oxalis_barrelieri_Vaio517))))),(((Oxalis_itatingae_Fiaschi4472,Oxalis_tijucana_Vasques85,Oxalis_inopinata_Fiaschi5544),((Oxalis_sciophila_Costa118,Oxalis_capixaba_Costa117),((Oxalis_kuhlmannii_Fiaschi4662,Oxalis_leonii_Costa122),(Oxalis_alvimii_Fiaschi4597,((Oxalis_impatiens_Bilk382a,(Oxalis_mandioccana_Fiaschi4660,Oxalis_bela-vitoriae_Fiaschi4606)),(Oxalis_occulta_Fiaschi5058,(Oxalis_cornicarpa_Fiaschi5442,(Oxalis_adpressipila_Kuhlmann6587h,Oxalis_itamarajuensis_Fiaschi4657)))))))),((Oxalis_rhombeo-ovata_Vaio526,(Oxalis_psoraleoides_Vaio431,Oxalis_jasminifolia_Cornejo9331,Oxalis_erosa_Cabral138)),(Oxalis_pardoensis_Caxambu5990,Oxalis_animarum_Cabral275,Oxalis_alstonii_Vaio413,Oxalis_artemioides_Sartor81,Oxalis_cipoensis_Costa110,(Oxalis_umbraticola_Richetti69,Oxalis_lutzii_Melo4829),(Oxalis_decipiens_Vasques57,Oxalis_fruticosa_Fiaschi4658,Oxalis_idimae_Vasques78,(Oxalis_amorimii_Fiaschi5457,(Oxalis_kollmannii_Vasques53,((Oxalis_neuwiedii_Almeida1336,Oxalis_roselata_Rhoden16),(Oxalis_puberula_Rhoden7,(Oxalis_blackii_Costa115,Oxalis_colatinensis_Fiaschi4625),(Oxalis_pataxorum_Cabral196,(Oxalis_gracilifolia_Cabral193,(Oxalis_polymorpha_Fiaschi4618,Oxalis_desmodioides_Cabral194))))))))))))),((Oxalis_caesia_Heibl02-012,Oxalis_arbuscula_HeiblPfanzelt05-050),(Oxalis_magellanica_HeiblBotGardenMunich02,Oxalis_rosea_Lammers7916,(Oxalis_trillifolia_MO275113,(Oxalis_griffithii_subsp_taimonii_Wang4456,Oxalis_griffithii_subsp_wulingensis_Deng544,Oxalis_acetosella_HeiblBotGardenMunich01,Oxalis_oregana_Olmstead2003-33,Oxalis_leucolepis_Aoki420,Oxalis_smalliana_Brinegar,(Oxalis_triangulata_Aoki34,Oxalis_obtriangulata_JNU140),(Oxalis_griffithii_subsp_formosana_Aoki181,Oxalis_nippponica_subsp_kantoensis_Aoki25,Oxalis_griffithii_subsp_griffithii_Aoki35))),(((Oxalis_squarrosa_Munzo4533,((Oxalis_cinerea_Heibl03-095,Oxalis_holosericea_HeiblPfanzelt05-025),((Oxalis_subacaulis_Salomon245,Oxalis_chachahuensis_MartinezCarretero1570,Oxalis_nahuelhuapiensis_Biganzoli2126,(Oxalis_muscoides_Zuloaga12256,(Oxalis_famatinae_Zuloaga11970,Oxalis_pycnophylla_Zuloaga11747))),(Oxalis_penicillata_HeiblPfanzelt05-032,Oxalis_erythrorhiza_Zuloaga12781,Oxalis_micrantha_Heibl03-092,Oxalis_rigida_Heibl03-096,Oxalis_hypsophila_HeibPfanzelt05-040,(Oxalis_valdiviensis_HeiblPfanzelt05-016,Oxalis_squamata_HeiblPfanzelt05-027),(Oxalis_compacta_Teillier5013,Oxalis_laxa_var_hispidissima_Zuloaga12555,Oxalis_laxa_var_laxa_Heibl03-091))))),(((Oxalis_gigantea_HeiblMunozToro04-010,Oxalis_virgosa_HeiblMunozToro04-042),(Oxalis_paposana_Heibl03-062,Oxalis_morenoensis_Heibl01-009,Oxalis_ornithopus_HeiblMunozToro04-015,Oxalis_johnstonii_Heibl01-080,Oxalis_ricardii_Heibl01-072,Oxalis_atacamensis_Heibl01-054,Oxalis_novemfoliolata_Heibl01-078,Oxalis_matancillae_HeiblMunozToro04-023,Oxalis_mollendoensis_Ge18325,Oxalis_pachyrrhiza_Weigend8479,Oxalis_megalorrhiza_Gaspar173,Oxalis_tortuosa_KrausK-94,(Oxalis_bulbocastanum_Heibl01-071,Oxalis_lomana_Gaspar2))),(Oxalis_ortgiesii_Emshwiller458,(Oxalis_boliviana_Emshwiller310,((Oxalis_virgata_Emshwiller292,(Oxalis_andina_Emshwiller315,Oxalis_yungasensis_Emshwiller437/350,Oxalis_dolichopoda_Emshwiller292)),(Oxalis_herrerae_Emshwiller459,Oxalis_staffordiana_Emshwiller512,Oxalis_polyrhiza_Emshwiller960,Oxalis_cuzcensis_Emshwiller532,Oxalis_paucartambensis_Emshwiller548,Oxalis_picchensis_Emshwiller500,Oxalis_ptychoclada_Emshwiller916,Oxalis_humbertii_Emshwiller604,Oxalis_lucumayensis_subsp_subiens_Emshwiller289,Oxalis_lucumayensis_subsp_lucumayensis_Emshwiller485,Oxalis_nubigena_Emshwiller701,Oxalis_lotoides_Emshwiller789,Oxalis_teneriensis_Emshwiller605,Oxalis_longissima_Emshwiller64/247,Oxalis_tuberosa_Emshwiller97/50-02,Oxalis_unduavensis_Emshwiller168/291/351,Oxalis_oulophora_Emshwiller308,Oxalis_vulcanicola_MO702cfhedysaroides,Oxalis_mollissima_Emshwiller359/x415,Oxalis_spiralis_Aoki85,Oxalis_melilotoides_Emshwiller190,Oxalis_medicaginea_Emshwiller809,Oxalis_subintegra_Emshwiller799,Oxalis_flagellata_Emshwiller246,Oxalis_petrophila_Emshwiller933,(Oxalis_peduncularis_Emshwiller466,(Oxalis_weberbaueri_Emshwiller746,Oxalis_tabaconasensis_Emshwiller786,Oxalis_oblongiformis_Emshwiller797)))))))),(Oxalis_linarantha_Fiaschi3710,(Oxalis_dentata_Cilliers0004,Oxalis_livida_Oberlander0078,Oxalis_lateriflora_Dreyer651),(Oxalis_loricata_HeiblPfanzelt05-006,(Oxalis_adenophylla_HeiblPfanzelt05-024,(Oxalis_morronei_Zabala204,Oxalis_laciniata_HeiblMunozToro04-047,Oxalis_enneaphylla_HeiblMunozToro04-045))),(Oxalis_monticola_Vaio20,(Oxalis_articulata_subsp_rubra_Emshwiller146,Oxalis_articulata_forma_crassipes_Emshwiller463),(Oxalis_floribunda_subsp_floribunda_Vaio358,(Oxalis_floribunda_subsp_ostenii_Vaio388,(Oxalis_lasiopetala_Vaio87,Oxalis_articulata_subsp_articulata_Vaio505)))),(Oxalis_pseudocernua_Craven4781,Oxalis_purpurascens_Dreyer634,(Oxalis_knuthiana_Dreyer721,Oxalis_fenestrata_MO1527,(Oxalis_petricola_MO1472,Oxalis_rubricallosa_MO1461)),((Oxalis_compressa_BayerOberlander0009,(Oxalis_pes-caprae_Aoki6,Oxalis_lasiorrhiza_MO1555)),(Oxalis_purpurata_MO1118,(Oxalis_hirsutibulba_MO1519,((Oxalis_nivea_MO1462,Oxalis_rosettifolia_MO1468),(Oxalis_haedulipes_Mucina180903/9,Oxalis_copiosa_Oberlander0021)))))),((Oxalis_geralensis_UnknownN,Oxalis_debilis_var_debilis_Emshwiller171,Oxalis_perdicaria_HeiblBotGardenMunich03,Oxalis_brasiliensis_EmshwillerBRAS2,(Oxalis_sellowiana_forma_alba_Vaio282,Oxalis_sellowiana_forma_sellowiana_Giussani421),(Oxalis_debilis_var_corymbosa_Vaio62,(Oxalis_hispidula_Vaio44,Oxalis_bipartita_Vaio320))),(Oxalis_eriolepis_Emshwiller155,Oxalis_macrocarpa_Gardner49,Oxalis_oreocharis_Emshwiller583,Oxalis_triangularis_subsp_triangularis_MO1165,Oxalis_triangularis_subsp_papilionacea_Emshwiller456,(Oxalis_pinguiculacea_Wood22147,Oxalis_argentina_Emshwiller235),(Oxalis_cardenasiana_Wood22331,Oxalis_trollii_Wood22158),(Oxalis_discolor_Gardner35,(Oxalis_galeottii_Gardner60,Oxalis_latifolia_Gardner38),(Oxalis_magnifica_Gardner68,Oxalis_lasiandra_Gardner69,Oxalis_tetraphylla_EmshwillerDEPP,Oxalis_nelsonii_Gardner66),(Oxalis_gregaria_Roe1597,Oxalis_drummondii_Weller965,Oxalis_violacea_GardnerAGVIO1,Oxalis_divergens_Gardner58,(Oxalis_caerulea_Gardner39,Oxalis_primavera_Gardner50,Oxalis_hernandesii_Gardner56),(Oxalis_jacquiniana_Gardner43,(Oxalis_morelosii_Perez4856,Oxalis_alpina_Gardner45,Oxalis_decaphylla_Rodriguez2610)))))),(Oxalis_zeekoevleyensis_Oberlander0012,Oxalis_commutata_Dreyer606,Oxalis_orbicularis_Oberlander0066,Oxalis_oculifera_Dreyer799,Oxalis_comosa_Mucina220901/30A,Oxalis_virginea_MO580virginea,Oxalis_engleriana_Oberlander0010,Oxalis_fibrosa_Oberlander0051,Oxalis_incarnata_Emshwiller149,Oxalis_lanata_Dreyer751,Oxalis_truncatula_Dreyer605,Oxalis_orthopoda_Oberlander0068,Oxalis_strigosa_Oberlander0093,(Oxalis_suteroides_Oberlander0115,Oxalis_zeyheri_MO590cfzeyheri),(Oxalis_bifurca_Bellstedt764,Oxalis_smithiana_Bellstedt699),(Oxalis_eckloniana_Dreyer628,(Oxalis_nidulans_Dreyer752,Oxalis_minuta_MO163minuta)),(Oxalis_palmifrons_Holmes0019,(Oxalis_tomentosa_Roller0006,(Oxalis_oligophylla_Dreyer797,Oxalis_hygrophila_KumwendaDreyer0001))),(Oxalis_bifida_Dreyer608,(Oxalis_heterophylla_BayerOberlander0008,Oxalis_duriuscula_Oberlander0082,Oxalis_pendulifolia_Oberlander0067)),((Oxalis_grammophylla_Dreyer670,Oxalis_massoniana_Holmes0016),((Oxalis_leptogramma_Dreyer617,Oxalis_capillacea_Dreyer625),(Oxalis_camelopardalis_Oberlander0071,Oxalis_confertifolia_Oberlander0075))),(Oxalis_bowiei_MO502cfbowiei,Oxalis_imbricata_Oberlander0062,Oxalis_cf_tragopoda_MO490cftragopoda,(Oxalis_stellata_Oberlander0086,(Oxalis_psilopoda_Oberlander0064,(Oxalis_dichotoma_Oberlander0052,Oxalis_caprina_DreyerOberlander0001)))),((Oxalis_exserta_Dreyer686,((Oxalis_helicoides_MO936,Oxalis_primuloides_Dreyer711),(Oxalis_reclinata_Dreyer718,Oxalis_cuneata_Dreyer791))),(Oxalis_kamiesbergensis_MO592cfkamiebergensis,(Oxalis_hirta_Dreyer646,(((Oxalis_blastorrhiza_Dreyer788,Oxalis_gracilis_Oberlander123),(Oxalis_callosa_Oberlander0120,Oxalis_linearis_Dreyer679)),(Oxalis_campicola_Dreyer780,Oxalis_burkei_Dreyer618,Oxalis_oreophila_Dreyer666,Oxalis_aridicola_Dreyer672,Oxalis_xantha_Dreyer671,Oxalis_tenella_Dreyer639,Oxalis_ciliaris_Dreyer613))))),(Oxalis_tenuipes_Dreyer800,Oxalis_stenopetala_Dreyer675,Oxalis_amblyosepala_Oberlander0168,((Oxalis_phloxidiflora_Dreyer678,Oxalis_comptonii_Dreyer802),(Oxalis_ebracteata_Dreyer644,(Oxalis_tenuis_Dreyer793,(Oxalis_giftbergensis_Dreyer796,Oxalis_porphyriosiphon_Oberlander0167)),(Oxalis_burtoniae_Oberlander0031,Oxalis_polyphylla_Cilliers0002,Oxalis_falcatula_Oberlander0096,Oxalis_urbaniana_Bytebier2015,Oxalis_goniorrhiza_Oberlander0157,Oxalis_amblyodonta_Bayer7397,Oxalis_versicolor_Oberlander0034,Oxalis_pallens_Dreyer654,Oxalis_pusilla_Dreyer746,Oxalis_argyrophylla_Oberlander0040,Oxalis_recticaulis_Oberlander0170,Oxalis_stictocheila_Dreyer749,Oxalis_droseroides_Oberlander0079,Oxalis_natans_Oberlander0160,Oxalis_tenuifolia_Oberlander0027,Oxalis_multicaulis_Oberlander0080,Oxalis_meisneri_Oberlander0088,Oxalis_gracilipes_Dreyer645,(Oxalis_leptocalyx_Oberlander0076,Oxalis_glabra_Mucina170601/2))))),(Oxalis_dregei_Mucina210903/11,Oxalis_cathara_MO582cathara,Oxalis_salteri_Dreyer784,Oxalis_bullulata_Dreyer792,Oxalis_depressa_Oberlander0085,Oxalis_dilatata_BayerOberlander0014,Oxalis_pocockiae_Dreyer626,Oxalis_nortieri_Oberlander0112,Oxalis_grammopetala_Oberlander0156,Oxalis_pulchella_Dreyer612,Oxalis_punctata_Cilliers0005,Oxalis_fourcadei_BeanVlok2046,Oxalis_attaquana_Bayer7007,Oxalis_setosa_Bellstedt770,Oxalis_obliquifolia_Bellstedt711,(Oxalis_fergusoniae_Oberlander0111,Oxalis_convexula_Oberlander0014),(Oxalis_monophylla_DreyerOberlander0003,(Oxalis_cf_pulvinata_MO576cfpulvinata,Oxalis_flava_Dreyer614)),(Oxalis_namaquana_Dreyer713,(Oxalis_dines_Helme1355,Oxalis_disticha_Oberlander0159)),(Oxalis_stenoptera_Oberlander0138,Oxalis_uliginosa_MO394uliginosa,(Oxalis_adspersa_Dreyer635,Oxalis_aurea_Dreyer771)),(Oxalis_obtusa_Dreyer691,(Oxalis_lichenoides_Dreyer785,(Oxalis_densa_Oberlander0169,Oxalis_annae_Mucina170903/3))),(Oxalis_purpurea_Oberlander0024,(Oxalis_melanosticta_Dreyer622,(Oxalis_adenodes_Dreyer716,(Oxalis_ambigua_Oberlander0140,Oxalis_luteola_Oberlander0026)))),(Oxalis_flaviuscula_Dreyer701,Oxalis_louisae_Dreyer708,((Oxalis_argillacea_Dreyer786,Oxalis_deserticola_Oberlander0114),(Oxalis_pillansiana_Oberlander0135,Oxalis_suavis_Oberlander0075))),(Oxalis_campylorrhiza_Dreyer696,(Oxalis_sonderiana_Dreyer694,(Oxalis_inconspicua_Dreyer707,Oxalis_cf_canaliculata_BayerN)),(Oxalis_furcillata_Oberlander0022,(Oxalis_viscosa_Dreyer642,(Oxalis_crocea_Dreyer693,Oxalis_clavifolia_Oberlander0141))))))))))))));" spec="beastlabs.math.distributions.MultiMonophyleticConstraint" tree="@Tree.t:ITS"/>
#        <prior id="ORCRatePriorDistribution.c:ITS" name="distribution">
#            <parameter dimension="852" id="ORCRates.c:ITS" lower="1.0E-100" name="x" spec="beast.base.inference.parameter.RealParameter">0.5</parameter>
#            <LogNormal id="LogNormalDistributionModel.0" meanInRealSpace="true" name="distr">
#                <parameter estimate="false" id="RealParameter.9" name="M" spec="beast.base.inference.parameter.RealParameter">1.0</parameter>
#                <parameter id="ORCsigma.c:ITS" lower="0.0" name="S" spec="beast.base.inference.parameter.RealParameter">0.2</parameter>
#            </LogNormal>
#        </prior>
#        <prior id="ORCRatePriorDistribution.c:psbA_trnH" name="distribution">
#            <parameter dimension="852" id="ORCRates.c:psbA_trnH" lower="1.0E-100" name="x" spec="beast.base.inference.parameter.RealParameter">0.5</parameter>
#            <LogNormal id="LogNormalDistributionModel.2" meanInRealSpace="true" name="distr">
#                <parameter estimate="false" id="RealParameter.17" name="M" spec="beast.base.inference.parameter.RealParameter">1.0</parameter>
#                <parameter id="ORCsigma.c:psbA_trnH" lower="0.0" name="S" spec="beast.base.inference.parameter.RealParameter">0.2</parameter>
#            </LogNormal>
#        </prior>
#        <prior id="ORCsigmaPrior.c:ITS" name="distribution" x="@ORCsigma.c:ITS">
#            <Gamma id="Gamma.0" name="distr">
#                <parameter estimate="false" id="RealParameter.10" name="alpha" spec="beast.base.inference.parameter.RealParameter">5.0</parameter>
#                <parameter estimate="false" id="RealParameter.11" name="beta" spec="beast.base.inference.parameter.RealParameter">0.05</parameter>
#            </Gamma>
#        </prior>
#        <prior id="ORCsigmaPrior.c:psbA_trnH" name="distribution" x="@ORCsigma.c:psbA_trnH">
#            <Gamma id="Gamma.4" name="distr">
#                <parameter estimate="false" id="RealParameter.18" name="alpha" spec="beast.base.inference.parameter.RealParameter">5.0</parameter>
#                <parameter estimate="false" id="RealParameter.19" name="beta" spec="beast.base.inference.parameter.RealParameter">0.05</parameter>
#            </Gamma>
#        </prior>
#        <prior id="FrequenciesPrior.s:ITS" name="distribution">
#            <parameter dimension="4" id="freqParameter.s:ITS" lower="0.0" name="x" spec="beast.base.inference.parameter.RealParameter" upper="1.0">0.25</parameter>
#            <distr id="Dirichlet.1" spec="beast.base.inference.distribution.Dirichlet">
#                <parameter dimension="4" estimate="false" id="RealParameter.55" name="alpha" spec="beast.base.inference.parameter.RealParameter">4.0 4.0 4.0 4.0</parameter>
#            </distr>
#        </prior>
#        <prior id="FrequenciesPrior.s:ncpGS" name="distribution">
#            <parameter dimension="4" id="freqParameter.s:ncpGS" lower="0.0" name="x" spec="beast.base.inference.parameter.RealParameter" upper="1.0">0.25</parameter>
#            <distr id="Dirichlet.0" spec="beast.base.inference.distribution.Dirichlet">
#                <parameter dimension="4" estimate="false" id="RealParameter.42" name="alpha" spec="beast.base.inference.parameter.RealParameter">4.0 4.0 4.0 4.0</parameter>
#            </distr>
#        </prior>
#        <prior id="FrequenciesPrior.s:psbA_trnH" name="distribution">
#            <parameter dimension="4" id="freqParameter.s:psbA_trnH" lower="0.0" name="x" spec="beast.base.inference.parameter.RealParameter" upper="1.0">0.25</parameter>
#            <distr id="Dirichlet.2" spec="beast.base.inference.distribution.Dirichlet">
#                <parameter dimension="4" estimate="false" id="RealParameter.68" name="alpha" spec="beast.base.inference.parameter.RealParameter">4.0 4.0 4.0 4.0</parameter>
#            </distr>
#        </prior>
#        <prior id="FrequenciesPrior.s:rbcL" name="distribution">
#            <parameter dimension="4" id="freqParameter.s:rbcL" lower="0.0" name="x" spec="beast.base.inference.parameter.RealParameter" upper="1.0">0.25</parameter>
#            <distr id="Dirichlet.3" spec="beast.base.inference.distribution.Dirichlet">
#                <parameter dimension="4" estimate="false" id="RealParameter.81" name="alpha" spec="beast.base.inference.parameter.RealParameter">4.0 4.0 4.0 4.0</parameter>
#            </distr>
#        </prior>
#        <prior id="GammaShapePrior.s:ITS" name="distribution">
#            <parameter id="gammaShape.s:ITS" lower="0.1" name="x" spec="beast.base.inference.parameter.RealParameter">1.0</parameter>
#            <Exponential id="Exponential.0" name="distr">
#                <parameter estimate="false" id="RealParameter.0" name="mean" spec="beast.base.inference.parameter.RealParameter">1.0</parameter>
#            </Exponential>
#        </prior>
#        <prior id="GammaShapePrior.s:psbA_trnH" name="distribution">
#            <parameter id="gammaShape.s:psbA_trnH" lower="0.1" name="x" spec="beast.base.inference.parameter.RealParameter">1.0</parameter>
#            <Exponential id="Exponential.2" name="distr">
#                <parameter estimate="false" id="RealParameter.2" name="mean" spec="beast.base.inference.parameter.RealParameter">1.0</parameter>
#            </Exponential>
#        </prior>
#        <prior id="GammaShapePrior.s:rbcL" name="distribution">
#            <parameter id="gammaShape.s:rbcL" lower="0.1" name="x" spec="beast.base.inference.parameter.RealParameter">1.0</parameter>
#            <Exponential id="Exponential.4" name="distr">
#                <parameter estimate="false" id="RealParameter.4" name="mean" spec="beast.base.inference.parameter.RealParameter">1.0</parameter>
#            </Exponential>
#        </prior>
#        <prior id="KappaPrior.s:ncpGS" name="distribution">
#            <parameter id="kappa.s:ncpGS" lower="0.0" name="x" spec="beast.base.inference.parameter.RealParameter">2.0</parameter>
#            <LogNormal id="LogNormalDistributionModel.8" name="distr">
#                <parameter estimate="false" id="RealParameter.40" name="M" spec="beast.base.inference.parameter.RealParameter">1.0</parameter>
#                <parameter estimate="false" id="RealParameter.41" name="S" spec="beast.base.inference.parameter.RealParameter">1.25</parameter>
#            </LogNormal>
#        </prior>
#        <prior id="PropInvariantPrior.s:psbA_trnH" name="distribution">
#            <parameter id="proportionInvariant.s:psbA_trnH" lower="0.0" name="x" spec="beast.base.inference.parameter.RealParameter" upper="1.0">0.1</parameter>
#            <Uniform id="Uniform.8" name="distr"/>
#        </prior>
#        <prior id="PropInvariantPrior.s:rbcL" name="distribution">
#            <parameter id="proportionInvariant.s:rbcL" lower="0.0" name="x" spec="beast.base.inference.parameter.RealParameter" upper="1.0">0.1</parameter>
#            <Uniform id="Uniform.14" name="distr"/>
#        </prior>
#        <prior id="RateACPrior.s:ITS" name="distribution">
#            <parameter id="rateAC.s:ITS" lower="0.0" name="x" spec="beast.base.inference.parameter.RealParameter">1.0</parameter>
#            <Gamma id="Gamma.16" name="distr">
#                <parameter estimate="false" id="RealParameter.43" name="alpha" spec="beast.base.inference.parameter.RealParameter">0.05</parameter>
#                <parameter estimate="false" id="RealParameter.44" name="beta" spec="beast.base.inference.parameter.RealParameter">10.0</parameter>
#            </Gamma>
#        </prior>
#        <prior id="RateACPrior.s:psbA_trnH" name="distribution">
#            <parameter id="rateAC.s:psbA_trnH" lower="0.0" name="x" spec="beast.base.inference.parameter.RealParameter">1.0</parameter>
#            <Gamma id="Gamma.22" name="distr">
#                <parameter estimate="false" id="RealParameter.56" name="alpha" spec="beast.base.inference.parameter.RealParameter">0.05</parameter>
#                <parameter estimate="false" id="RealParameter.57" name="beta" spec="beast.base.inference.parameter.RealParameter">10.0</parameter>
#            </Gamma>
#        </prior>
#        <prior id="RateACPrior.s:rbcL" name="distribution">
#            <parameter id="rateAC.s:rbcL" lower="0.0" name="x" spec="beast.base.inference.parameter.RealParameter">1.0</parameter>
#            <Gamma id="Gamma.28" name="distr">
#                <parameter estimate="false" id="RealParameter.69" name="alpha" spec="beast.base.inference.parameter.RealParameter">0.05</parameter>
#                <parameter estimate="false" id="RealParameter.70" name="beta" spec="beast.base.inference.parameter.RealParameter">10.0</parameter>
#            </Gamma>
#        </prior>
#        <prior id="RateAGPrior.s:ITS" name="distribution">
#            <parameter id="rateAG.s:ITS" lower="0.0" name="x" spec="beast.base.inference.parameter.RealParameter">1.0</parameter>
#            <Gamma id="Gamma.17" name="distr">
#                <parameter estimate="false" id="RealParameter.45" name="alpha" spec="beast.base.inference.parameter.RealParameter">0.05</parameter>
#                <parameter estimate="false" id="RealParameter.46" name="beta" spec="beast.base.inference.parameter.RealParameter">20.0</parameter>
#            </Gamma>
#        </prior>
#        <prior id="RateAGPrior.s:psbA_trnH" name="distribution">
#            <parameter id="rateAG.s:psbA_trnH" lower="0.0" name="x" spec="beast.base.inference.parameter.RealParameter">1.0</parameter>
#            <Gamma id="Gamma.23" name="distr">
#                <parameter estimate="false" id="RealParameter.58" name="alpha" spec="beast.base.inference.parameter.RealParameter">0.05</parameter>
#                <parameter estimate="false" id="RealParameter.59" name="beta" spec="beast.base.inference.parameter.RealParameter">20.0</parameter>
#            </Gamma>
#        </prior>
#        <prior id="RateAGPrior.s:rbcL" name="distribution">
#            <parameter id="rateAG.s:rbcL" lower="0.0" name="x" spec="beast.base.inference.parameter.RealParameter">1.0</parameter>
#            <Gamma id="Gamma.29" name="distr">
#                <parameter estimate="false" id="RealParameter.71" name="alpha" spec="beast.base.inference.parameter.RealParameter">0.05</parameter>
#                <parameter estimate="false" id="RealParameter.72" name="beta" spec="beast.base.inference.parameter.RealParameter">20.0</parameter>
#            </Gamma>
#        </prior>
#        <prior id="RateATPrior.s:psbA_trnH" name="distribution">
#            <parameter id="rateAT.s:psbA_trnH" lower="0.0" name="x" spec="beast.base.inference.parameter.RealParameter">1.0</parameter>
#            <Gamma id="Gamma.24" name="distr">
#                <parameter estimate="false" id="RealParameter.60" name="alpha" spec="beast.base.inference.parameter.RealParameter">0.05</parameter>
#                <parameter estimate="false" id="RealParameter.61" name="beta" spec="beast.base.inference.parameter.RealParameter">10.0</parameter>
#            </Gamma>
#        </prior>
#        <distribution id="Elaeocarpus.prior" monophyletic="true" spec="beast.base.evolution.tree.MRCAPrior" tree="@Tree.t:ITS">
#            <taxonset id="Elaeocarpus" spec="beast.base.evolution.alignment.TaxonSet">
#                <taxon id="Aceratium_ferrugineum_Harrington296" spec="beast.base.evolution.alignment.Taxon"/>
#                <taxon id="Elaeocarpus_decipiens_MZ334669" spec="beast.base.evolution.alignment.Taxon"/>
#                <taxon id="Sericolea_micans_Crayn536" spec="beast.base.evolution.alignment.Taxon"/>
#            </taxonset>
#            <Normal id="Normal.11" name="distr">
#                <parameter estimate="false" id="RealParameter.272" name="mean" spec="beast.base.inference.parameter.RealParameter">31.15</parameter>
#                <parameter estimate="false" id="RealParameter.274" name="sigma" spec="beast.base.inference.parameter.RealParameter">2.0</parameter>
#            </Normal>
#        </distribution>
#        <distribution id="Oxalidales.prior" monophyletic="true" spec="beast.base.evolution.tree.MRCAPrior" tree="@Tree.t:ITS">
#            <taxonset id="Oxalidales" spec="beast.base.evolution.alignment.TaxonSet">
#                <taxon idref="Aceratium_ferrugineum_Harrington296"/>
#                <taxon id="Ackama_rosifolia_UnknownN" spec="beast.base.evolution.alignment.Taxon"/>
#                <taxon id="Agelaea_borneensis_AS166" spec="beast.base.evolution.alignment.Taxon"/>
#                <taxon id="Aristotelia_fruticosa_Chase781" spec="beast.base.evolution.alignment.Taxon"/>
#                <taxon id="Averrhoa_carambola_NC033350" spec="beast.base.evolution.alignment.Taxon"/>
#                <taxon id="Biophytum_abyssinicum_BIOAB" spec="beast.base.evolution.alignment.Taxon"/>
#                <taxon id="Brunellia_antioquensis_MN615725" spec="beast.base.evolution.alignment.Taxon"/>
#                <taxon id="Brunellia_trianae_MN585217" spec="beast.base.evolution.alignment.Taxon"/>
#                <taxon id="Caldcluvia_paniculosa_UnknownN" spec="beast.base.evolution.alignment.Taxon"/>
#                <taxon id="Callicoma_serratifolia_CUN120" spec="beast.base.evolution.alignment.Taxon"/>
#                <taxon id="Cephalotus_follicularis_ON149879" spec="beast.base.evolution.alignment.Taxon"/>
#                <taxon id="Ceratopetalum_apetalum_UnknownN" spec="beast.base.evolution.alignment.Taxon"/>
#                <taxon id="Cnestidium_rufescens_DB0784" spec="beast.base.evolution.alignment.Taxon"/>
#                <taxon id="Cnestis_polyphylla_Abbott9113" spec="beast.base.evolution.alignment.Taxon"/>
#                <taxon id="Connarus_panamensis_DB0282" spec="beast.base.evolution.alignment.Taxon"/>
#                <taxon id="Crinodendron_patagua_AllenNSW605484" spec="beast.base.evolution.alignment.Taxon"/>
#                <taxon id="Cunonia_balansae_CUN069" spec="beast.base.evolution.alignment.Taxon"/>
#                <taxon id="Dapania_pentandra_DAPEN" spec="beast.base.evolution.alignment.Taxon"/>
#                <taxon id="Davidsonia_pruriens_Carlsen3197" spec="beast.base.evolution.alignment.Taxon"/>
#                <taxon id="Dubouzetia_campanulata_Crayn745" spec="beast.base.evolution.alignment.Taxon"/>
#                <taxon idref="Elaeocarpus_decipiens_MZ334669"/>
#                <taxon id="Ellipanthus_glabrifolius_CPG00356" spec="beast.base.evolution.alignment.Taxon"/>
#                <taxon id="Eucryphia_cordifolia_CONC125000" spec="beast.base.evolution.alignment.Taxon"/>
#                <taxon id="Jollydora_glandulosa_PM5146" spec="beast.base.evolution.alignment.Taxon"/>
#                <taxon id="Lamononia_ternata_Blum10-127" spec="beast.base.evolution.alignment.Taxon"/>
#                <taxon id="Opocunonia_papuana_UnknownN" spec="beast.base.evolution.alignment.Taxon"/>
#                <taxon id="Oxalis_acetosella_HeiblBotGardenMunich01" spec="beast.base.evolution.alignment.Taxon"/>
#                <taxon id="Oxalis_adenodes_Dreyer716" spec="beast.base.evolution.alignment.Taxon"/>
#                <taxon id="Oxalis_adenophylla_HeiblPfanzelt05-024" spec="beast.base.evolution.alignment.Taxon"/>
#                <taxon id="Oxalis_adpressipila_Kuhlmann6587h" spec="beast.base.evolution.alignment.Taxon"/>
#                <taxon id="Oxalis_adspersa_Dreyer635" spec="beast.base.evolution.alignment.Taxon"/>
#                <taxon id="Oxalis_alpina_Gardner45" spec="beast.base.evolution.alignment.Taxon"/>
#                <taxon id="Oxalis_alstonii_Vaio413" spec="beast.base.evolution.alignment.Taxon"/>
#                <taxon id="Oxalis_alvimii_Fiaschi4597" spec="beast.base.evolution.alignment.Taxon"/>
#                <taxon id="Oxalis_ambigua_Oberlander0140" spec="beast.base.evolution.alignment.Taxon"/>
#                <taxon id="Oxalis_amblyodonta_Bayer7397" spec="beast.base.evolution.alignment.Taxon"/>
#                <taxon id="Oxalis_amblyosepala_Oberlander0168" spec="beast.base.evolution.alignment.Taxon"/>
#                <taxon id="Oxalis_amorimii_Fiaschi5457" spec="beast.base.evolution.alignment.Taxon"/>
#                <taxon id="Oxalis_andina_Emshwiller315" spec="beast.base.evolution.alignment.Taxon"/>
#                <taxon id="Oxalis_animarum_Cabral275" spec="beast.base.evolution.alignment.Taxon"/>
#                <taxon id="Oxalis_annae_Mucina170903/3" spec="beast.base.evolution.alignment.Taxon"/>
#                <taxon id="Oxalis_arbuscula_HeiblPfanzelt05-050" spec="beast.base.evolution.alignment.Taxon"/>
#                <taxon id="Oxalis_argentina_Emshwiller235" spec="beast.base.evolution.alignment.Taxon"/>
#                <taxon id="Oxalis_argillacea_Dreyer786" spec="beast.base.evolution.alignment.Taxon"/>
#                <taxon id="Oxalis_argyrophylla_Oberlander0040" spec="beast.base.evolution.alignment.Taxon"/>
#                <taxon id="Oxalis_aridicola_Dreyer672" spec="beast.base.evolution.alignment.Taxon"/>
#                <taxon id="Oxalis_artemioides_Sartor81" spec="beast.base.evolution.alignment.Taxon"/>
#                <taxon id="Oxalis_articulata_forma_crassipes_Emshwiller463" spec="beast.base.evolution.alignment.Taxon"/>
#                <taxon id="Oxalis_articulata_subsp_articulata_Vaio505" spec="beast.base.evolution.alignment.Taxon"/>
#                <taxon id="Oxalis_articulata_subsp_rubra_Emshwiller146" spec="beast.base.evolution.alignment.Taxon"/>
#                <taxon id="Oxalis_atacamensis_Heibl01-054" spec="beast.base.evolution.alignment.Taxon"/>
#                <taxon id="Oxalis_attaquana_Bayer7007" spec="beast.base.evolution.alignment.Taxon"/>
#                <taxon id="Oxalis_aurea_Dreyer771" spec="beast.base.evolution.alignment.Taxon"/>
#                <taxon id="Oxalis_aureoflava_Munoz4871" spec="beast.base.evolution.alignment.Taxon"/>
#                <taxon id="Oxalis_barrelieri_Vaio517" spec="beast.base.evolution.alignment.Taxon"/>
#                <taxon id="Oxalis_bela-vitoriae_Fiaschi4606" spec="beast.base.evolution.alignment.Taxon"/>
#                <taxon id="Oxalis_bifida_Dreyer608" spec="beast.base.evolution.alignment.Taxon"/>
#                <taxon id="Oxalis_bifrons_Fiaschi3633" spec="beast.base.evolution.alignment.Taxon"/>
#                <taxon id="Oxalis_bifurca_Bellstedt764" spec="beast.base.evolution.alignment.Taxon"/>
#                <taxon id="Oxalis_bipartita_Vaio320" spec="beast.base.evolution.alignment.Taxon"/>
#                <taxon id="Oxalis_bisfracta_Emshwiller232" spec="beast.base.evolution.alignment.Taxon"/>
#                <taxon id="Oxalis_blackii_Costa115" spec="beast.base.evolution.alignment.Taxon"/>
#                <taxon id="Oxalis_blastorrhiza_Dreyer788" spec="beast.base.evolution.alignment.Taxon"/>
#                <taxon id="Oxalis_boliviana_Emshwiller310" spec="beast.base.evolution.alignment.Taxon"/>
#                <taxon id="Oxalis_bowiei_MO502cfbowiei" spec="beast.base.evolution.alignment.Taxon"/>
#                <taxon id="Oxalis_brasiliensis_EmshwillerBRAS2" spec="beast.base.evolution.alignment.Taxon"/>
#                <taxon id="Oxalis_bulbocastanum_Heibl01-071" spec="beast.base.evolution.alignment.Taxon"/>
#                <taxon id="Oxalis_bullulata_Dreyer792" spec="beast.base.evolution.alignment.Taxon"/>
#                <taxon id="Oxalis_burkei_Dreyer618" spec="beast.base.evolution.alignment.Taxon"/>
#                <taxon id="Oxalis_burtoniae_Oberlander0031" spec="beast.base.evolution.alignment.Taxon"/>
#                <taxon id="Oxalis_caerulea_Gardner39" spec="beast.base.evolution.alignment.Taxon"/>
#                <taxon id="Oxalis_caesariata_Fiaschi5273" spec="beast.base.evolution.alignment.Taxon"/>
#                <taxon id="Oxalis_caesia_Heibl02-012" spec="beast.base.evolution.alignment.Taxon"/>
#                <taxon id="Oxalis_calachaccensis_Emshwiller880X" spec="beast.base.evolution.alignment.Taxon"/>
#                <taxon id="Oxalis_callosa_Oberlander0120" spec="beast.base.evolution.alignment.Taxon"/>
#                <taxon id="Oxalis_camelopardalis_Oberlander0071" spec="beast.base.evolution.alignment.Taxon"/>
#                <taxon id="Oxalis_campicola_Dreyer780" spec="beast.base.evolution.alignment.Taxon"/>
#                <taxon id="Oxalis_campylorrhiza_Dreyer696" spec="beast.base.evolution.alignment.Taxon"/>
#                <taxon id="Oxalis_capillacea_Dreyer625" spec="beast.base.evolution.alignment.Taxon"/>
#                <taxon id="Oxalis_capixaba_Costa117" spec="beast.base.evolution.alignment.Taxon"/>
#                <taxon id="Oxalis_caprina_DreyerOberlander0001" spec="beast.base.evolution.alignment.Taxon"/>
#                <taxon id="Oxalis_cardenasiana_Wood22331" spec="beast.base.evolution.alignment.Taxon"/>
#                <taxon id="Oxalis_cathara_MO582cathara" spec="beast.base.evolution.alignment.Taxon"/>
#                <taxon id="Oxalis_cerradoana_Cabral259" spec="beast.base.evolution.alignment.Taxon"/>
#                <taxon id="Oxalis_cf_canaliculata_BayerN" spec="beast.base.evolution.alignment.Taxon"/>
#                <taxon id="Oxalis_cf_pulvinata_MO576cfpulvinata" spec="beast.base.evolution.alignment.Taxon"/>
#                <taxon id="Oxalis_cf_tragopoda_MO490cftragopoda" spec="beast.base.evolution.alignment.Taxon"/>
#                <taxon id="Oxalis_chachahuensis_MartinezCarretero1570" spec="beast.base.evolution.alignment.Taxon"/>
#                <taxon id="Oxalis_ciliaris_Dreyer613" spec="beast.base.evolution.alignment.Taxon"/>
#                <taxon id="Oxalis_ciliata_Cabral124" spec="beast.base.evolution.alignment.Taxon"/>
#                <taxon id="Oxalis_cinerea_Heibl03-095" spec="beast.base.evolution.alignment.Taxon"/>
#                <taxon id="Oxalis_cipoensis_Costa110" spec="beast.base.evolution.alignment.Taxon"/>
#                <taxon id="Oxalis_clavifolia_Oberlander0141" spec="beast.base.evolution.alignment.Taxon"/>
#                <taxon id="Oxalis_colatinensis_Fiaschi4625" spec="beast.base.evolution.alignment.Taxon"/>
#                <taxon id="Oxalis_commutata_Dreyer606" spec="beast.base.evolution.alignment.Taxon"/>
#                <taxon id="Oxalis_comosa_Mucina220901/30A" spec="beast.base.evolution.alignment.Taxon"/>
#                <taxon id="Oxalis_compacta_Teillier5013" spec="beast.base.evolution.alignment.Taxon"/>
#                <taxon id="Oxalis_compressa_BayerOberlander0009" spec="beast.base.evolution.alignment.Taxon"/>
#                <taxon id="Oxalis_comptonii_Dreyer802" spec="beast.base.evolution.alignment.Taxon"/>
#                <taxon id="Oxalis_confertifolia_Oberlander0075" spec="beast.base.evolution.alignment.Taxon"/>
#                <taxon id="Oxalis_confertissima_Fiaschi4478" spec="beast.base.evolution.alignment.Taxon"/>
#                <taxon id="Oxalis_conorrhiza_Vaio175" spec="beast.base.evolution.alignment.Taxon"/>
#                <taxon id="Oxalis_convexula_Oberlander0014" spec="beast.base.evolution.alignment.Taxon"/>
#                <taxon id="Oxalis_copiosa_Oberlander0021" spec="beast.base.evolution.alignment.Taxon"/>
#                <taxon id="Oxalis_cordata_Cabral125" spec="beast.base.evolution.alignment.Taxon"/>
#                <taxon id="Oxalis_cornicarpa_Fiaschi5442" spec="beast.base.evolution.alignment.Taxon"/>
#                <taxon id="Oxalis_corniculata_GardnerS1" spec="beast.base.evolution.alignment.Taxon"/>
#                <taxon id="Oxalis_cratensis_Vaio404" spec="beast.base.evolution.alignment.Taxon"/>
#                <taxon id="Oxalis_crocea_Dreyer693" spec="beast.base.evolution.alignment.Taxon"/>
#                <taxon id="Oxalis_cuneata_Dreyer791" spec="beast.base.evolution.alignment.Taxon"/>
#                <taxon id="Oxalis_cuzcensis_Emshwiller532" spec="beast.base.evolution.alignment.Taxon"/>
#                <taxon id="Oxalis_cytisoides_Cabral139" spec="beast.base.evolution.alignment.Taxon"/>
#                <taxon id="Oxalis_debilis_var_corymbosa_Vaio62" spec="beast.base.evolution.alignment.Taxon"/>
#                <taxon id="Oxalis_debilis_var_debilis_Emshwiller171" spec="beast.base.evolution.alignment.Taxon"/>
#                <taxon id="Oxalis_decaphylla_Rodriguez2610" spec="beast.base.evolution.alignment.Taxon"/>
#                <taxon id="Oxalis_decipiens_Vasques57" spec="beast.base.evolution.alignment.Taxon"/>
#                <taxon id="Oxalis_densa_Oberlander0169" spec="beast.base.evolution.alignment.Taxon"/>
#                <taxon id="Oxalis_densifolia_Cabral93" spec="beast.base.evolution.alignment.Taxon"/>
#                <taxon id="Oxalis_dentata_Cilliers0004" spec="beast.base.evolution.alignment.Taxon"/>
#                <taxon id="Oxalis_depressa_Oberlander0085" spec="beast.base.evolution.alignment.Taxon"/>
#                <taxon id="Oxalis_deserticola_Oberlander0114" spec="beast.base.evolution.alignment.Taxon"/>
#                <taxon id="Oxalis_desmodioides_Cabral194" spec="beast.base.evolution.alignment.Taxon"/>
#                <taxon id="Oxalis_diamantinae_Richetti61" spec="beast.base.evolution.alignment.Taxon"/>
#                <taxon id="Oxalis_dichotoma_Oberlander0052" spec="beast.base.evolution.alignment.Taxon"/>
#                <taxon id="Oxalis_dilatata_BayerOberlander0014" spec="beast.base.evolution.alignment.Taxon"/>
#                <taxon id="Oxalis_dillenii_Walter6565" spec="beast.base.evolution.alignment.Taxon"/>
#                <taxon id="Oxalis_dines_Helme1355" spec="beast.base.evolution.alignment.Taxon"/>
#                <taxon id="Oxalis_discolor_Gardner35" spec="beast.base.evolution.alignment.Taxon"/>
#                <taxon id="Oxalis_disticha_Oberlander0159" spec="beast.base.evolution.alignment.Taxon"/>
#                <taxon id="Oxalis_divaricata_Felix13386" spec="beast.base.evolution.alignment.Taxon"/>
#                <taxon id="Oxalis_divergens_Gardner58" spec="beast.base.evolution.alignment.Taxon"/>
#                <taxon id="Oxalis_dolichopoda_Emshwiller292" spec="beast.base.evolution.alignment.Taxon"/>
#                <taxon id="Oxalis_dombey_Cornejo10089" spec="beast.base.evolution.alignment.Taxon"/>
#                <taxon id="Oxalis_dregei_Mucina210903/11" spec="beast.base.evolution.alignment.Taxon"/>
#                <taxon id="Oxalis_droseroides_Oberlander0079" spec="beast.base.evolution.alignment.Taxon"/>
#                <taxon id="Oxalis_drummondii_Weller965" spec="beast.base.evolution.alignment.Taxon"/>
#                <taxon id="Oxalis_dumetorum_Mihoc7330" spec="beast.base.evolution.alignment.Taxon"/>
#                <taxon id="Oxalis_duriuscula_Oberlander0082" spec="beast.base.evolution.alignment.Taxon"/>
#                <taxon id="Oxalis_ebracteata_Dreyer644" spec="beast.base.evolution.alignment.Taxon"/>
#                <taxon id="Oxalis_eckloniana_Dreyer628" spec="beast.base.evolution.alignment.Taxon"/>
#                <taxon id="Oxalis_engleriana_Oberlander0010" spec="beast.base.evolution.alignment.Taxon"/>
#                <taxon id="Oxalis_enneaphylla_HeiblMunozToro04-045" spec="beast.base.evolution.alignment.Taxon"/>
#                <taxon id="Oxalis_eriocarpa_Vaio31" spec="beast.base.evolution.alignment.Taxon"/>
#                <taxon id="Oxalis_eriolepis_Emshwiller155" spec="beast.base.evolution.alignment.Taxon"/>
#                <taxon id="Oxalis_erosa_Cabral138" spec="beast.base.evolution.alignment.Taxon"/>
#                <taxon id="Oxalis_erythrorhiza_Zuloaga12781" spec="beast.base.evolution.alignment.Taxon"/>
#                <taxon id="Oxalis_exserta_Dreyer686" spec="beast.base.evolution.alignment.Taxon"/>
#                <taxon id="Oxalis_falcatula_Oberlander0096" spec="beast.base.evolution.alignment.Taxon"/>
#                <taxon id="Oxalis_famatinae_Zuloaga11970" spec="beast.base.evolution.alignment.Taxon"/>
#                <taxon id="Oxalis_fenestrata_MO1527" spec="beast.base.evolution.alignment.Taxon"/>
#                <taxon id="Oxalis_fergusoniae_Oberlander0111" spec="beast.base.evolution.alignment.Taxon"/>
#                <taxon id="Oxalis_fibrosa_Oberlander0051" spec="beast.base.evolution.alignment.Taxon"/>
#                <taxon id="Oxalis_flagellata_Emshwiller246" spec="beast.base.evolution.alignment.Taxon"/>
#                <taxon id="Oxalis_flava_Dreyer614" spec="beast.base.evolution.alignment.Taxon"/>
#                <taxon id="Oxalis_flaviuscula_Dreyer701" spec="beast.base.evolution.alignment.Taxon"/>
#                <taxon id="Oxalis_floribunda_subsp_floribunda_Vaio358" spec="beast.base.evolution.alignment.Taxon"/>
#                <taxon id="Oxalis_floribunda_subsp_ostenii_Vaio388" spec="beast.base.evolution.alignment.Taxon"/>
#                <taxon id="Oxalis_fontana_Whang30761" spec="beast.base.evolution.alignment.Taxon"/>
#                <taxon id="Oxalis_fourcadei_BeanVlok2046" spec="beast.base.evolution.alignment.Taxon"/>
#                <taxon id="Oxalis_frutescens_Vaio426" spec="beast.base.evolution.alignment.Taxon"/>
#                <taxon id="Oxalis_fruticosa_Fiaschi4658" spec="beast.base.evolution.alignment.Taxon"/>
#                <taxon id="Oxalis_furcillata_Oberlander0022" spec="beast.base.evolution.alignment.Taxon"/>
#                <taxon id="Oxalis_galeottii_Gardner60" spec="beast.base.evolution.alignment.Taxon"/>
#                <taxon id="Oxalis_gardneriana_Scatigna1336" spec="beast.base.evolution.alignment.Taxon"/>
#                <taxon id="Oxalis_geralensis_UnknownN" spec="beast.base.evolution.alignment.Taxon"/>
#                <taxon id="Oxalis_giftbergensis_Dreyer796" spec="beast.base.evolution.alignment.Taxon"/>
#                <taxon id="Oxalis_gigantea_HeiblMunozToro04-010" spec="beast.base.evolution.alignment.Taxon"/>
#                <taxon id="Oxalis_glabra_Mucina170601/2" spec="beast.base.evolution.alignment.Taxon"/>
#                <taxon id="Oxalis_glaucescens_Felix13539" spec="beast.base.evolution.alignment.Taxon"/>
#                <taxon id="Oxalis_goniorrhiza_Oberlander0157" spec="beast.base.evolution.alignment.Taxon"/>
#                <taxon id="Oxalis_gracilifolia_Cabral193" spec="beast.base.evolution.alignment.Taxon"/>
#                <taxon id="Oxalis_gracilipes_Dreyer645" spec="beast.base.evolution.alignment.Taxon"/>
#                <taxon id="Oxalis_gracilis_Oberlander123" spec="beast.base.evolution.alignment.Taxon"/>
#                <taxon id="Oxalis_grammopetala_Oberlander0156" spec="beast.base.evolution.alignment.Taxon"/>
#                <taxon id="Oxalis_grammophylla_Dreyer670" spec="beast.base.evolution.alignment.Taxon"/>
#                <taxon id="Oxalis_gregaria_Roe1597" spec="beast.base.evolution.alignment.Taxon"/>
#                <taxon id="Oxalis_griffithii_subsp_formosana_Aoki181" spec="beast.base.evolution.alignment.Taxon"/>
#                <taxon id="Oxalis_griffithii_subsp_griffithii_Aoki35" spec="beast.base.evolution.alignment.Taxon"/>
#                <taxon id="Oxalis_griffithii_subsp_taimonii_Wang4456" spec="beast.base.evolution.alignment.Taxon"/>
#                <taxon id="Oxalis_griffithii_subsp_wulingensis_Deng544" spec="beast.base.evolution.alignment.Taxon"/>
#                <taxon id="Oxalis_grisea_Vaio512" spec="beast.base.evolution.alignment.Taxon"/>
#                <taxon id="Oxalis_gyrorhiza_Heibl02-035" spec="beast.base.evolution.alignment.Taxon"/>
#                <taxon id="Oxalis_haedulipes_Mucina180903/9" spec="beast.base.evolution.alignment.Taxon"/>
#                <taxon id="Oxalis_hedysarifolia_Almeida1980" spec="beast.base.evolution.alignment.Taxon"/>
#                <taxon id="Oxalis_hedysaroides_Cornejo10079" spec="beast.base.evolution.alignment.Taxon"/>
#                <taxon id="Oxalis_helicoides_MO936" spec="beast.base.evolution.alignment.Taxon"/>
#                <taxon id="Oxalis_hepatica_Nuernberg1800" spec="beast.base.evolution.alignment.Taxon"/>
#                <taxon id="Oxalis_hernandesii_Gardner56" spec="beast.base.evolution.alignment.Taxon"/>
#                <taxon id="Oxalis_herrerae_Emshwiller459" spec="beast.base.evolution.alignment.Taxon"/>
#                <taxon id="Oxalis_heterophylla_BayerOberlander0008" spec="beast.base.evolution.alignment.Taxon"/>
#                <taxon id="Oxalis_hirsutibulba_MO1519" spec="beast.base.evolution.alignment.Taxon"/>
#                <taxon id="Oxalis_hirsutissima_Cordeiro987" spec="beast.base.evolution.alignment.Taxon"/>
#                <taxon id="Oxalis_hirta_Dreyer646" spec="beast.base.evolution.alignment.Taxon"/>
#                <taxon id="Oxalis_hispidula_Vaio44" spec="beast.base.evolution.alignment.Taxon"/>
#                <taxon id="Oxalis_holosericea_HeiblPfanzelt05-025" spec="beast.base.evolution.alignment.Taxon"/>
#                <taxon id="Oxalis_humbertii_Emshwiller604" spec="beast.base.evolution.alignment.Taxon"/>
#                <taxon id="Oxalis_hyalotricha_subsp_borealis_Melo4854" spec="beast.base.evolution.alignment.Taxon"/>
#                <taxon id="Oxalis_hyalotricha_subsp_hyalotricha_Cabral170" spec="beast.base.evolution.alignment.Taxon"/>
#                <taxon id="Oxalis_hygrophila_KumwendaDreyer0001" spec="beast.base.evolution.alignment.Taxon"/>
#                <taxon id="Oxalis_hypsophila_HeibPfanzelt05-040" spec="beast.base.evolution.alignment.Taxon"/>
#                <taxon id="Oxalis_idimae_Vasques78" spec="beast.base.evolution.alignment.Taxon"/>
#                <taxon id="Oxalis_imbricata_Oberlander0062" spec="beast.base.evolution.alignment.Taxon"/>
#                <taxon id="Oxalis_impatiens_Bilk382a" spec="beast.base.evolution.alignment.Taxon"/>
#                <taxon id="Oxalis_incana_HeiblPfanzelt05-045" spec="beast.base.evolution.alignment.Taxon"/>
#                <taxon id="Oxalis_incarnata_Emshwiller149" spec="beast.base.evolution.alignment.Taxon"/>
#                <taxon id="Oxalis_inconspicua_Dreyer707" spec="beast.base.evolution.alignment.Taxon"/>
#                <taxon id="Oxalis_inopinata_Fiaschi5544" spec="beast.base.evolution.alignment.Taxon"/>
#                <taxon id="Oxalis_itamarajuensis_Fiaschi4657" spec="beast.base.evolution.alignment.Taxon"/>
#                <taxon id="Oxalis_itatingae_Fiaschi4472" spec="beast.base.evolution.alignment.Taxon"/>
#                <taxon id="Oxalis_jacobinensis_Cabral226" spec="beast.base.evolution.alignment.Taxon"/>
#                <taxon id="Oxalis_jacquiniana_Gardner43" spec="beast.base.evolution.alignment.Taxon"/>
#                <taxon id="Oxalis_jasminifolia_Cornejo9331" spec="beast.base.evolution.alignment.Taxon"/>
#                <taxon id="Oxalis_johnstonii_Heibl01-080" spec="beast.base.evolution.alignment.Taxon"/>
#                <taxon id="Oxalis_kamiesbergensis_MO592cfkamiebergensis" spec="beast.base.evolution.alignment.Taxon"/>
#                <taxon id="Oxalis_knuthiana_Dreyer721" spec="beast.base.evolution.alignment.Taxon"/>
#                <taxon id="Oxalis_kollmannii_Vasques53" spec="beast.base.evolution.alignment.Taxon"/>
#                <taxon id="Oxalis_kuhlmannii_Fiaschi4662" spec="beast.base.evolution.alignment.Taxon"/>
#                <taxon id="Oxalis_laciniata_HeiblMunozToro04-047" spec="beast.base.evolution.alignment.Taxon"/>
#                <taxon id="Oxalis_lanata_Dreyer751" spec="beast.base.evolution.alignment.Taxon"/>
#                <taxon id="Oxalis_lasiandra_Gardner69" spec="beast.base.evolution.alignment.Taxon"/>
#                <taxon id="Oxalis_lasiopetala_Vaio87" spec="beast.base.evolution.alignment.Taxon"/>
#                <taxon id="Oxalis_lasiorrhiza_MO1555" spec="beast.base.evolution.alignment.Taxon"/>
#                <taxon id="Oxalis_lateriflora_Dreyer651" spec="beast.base.evolution.alignment.Taxon"/>
#                <taxon id="Oxalis_latifolia_Gardner38" spec="beast.base.evolution.alignment.Taxon"/>
#                <taxon id="Oxalis_laxa_var_hispidissima_Zuloaga12555" spec="beast.base.evolution.alignment.Taxon"/>
#                <taxon id="Oxalis_laxa_var_laxa_Heibl03-091" spec="beast.base.evolution.alignment.Taxon"/>
#                <taxon id="Oxalis_leonii_Costa122" spec="beast.base.evolution.alignment.Taxon"/>
#                <taxon id="Oxalis_leptocalyx_Oberlander0076" spec="beast.base.evolution.alignment.Taxon"/>
#                <taxon id="Oxalis_leptogramma_Dreyer617" spec="beast.base.evolution.alignment.Taxon"/>
#                <taxon id="Oxalis_leucolepis_Aoki420" spec="beast.base.evolution.alignment.Taxon"/>
#                <taxon id="Oxalis_lichenoides_Dreyer785" spec="beast.base.evolution.alignment.Taxon"/>
#                <taxon id="Oxalis_linarantha_Fiaschi3710" spec="beast.base.evolution.alignment.Taxon"/>
#                <taxon id="Oxalis_linearis_Dreyer679" spec="beast.base.evolution.alignment.Taxon"/>
#                <taxon id="Oxalis_livida_Oberlander0078" spec="beast.base.evolution.alignment.Taxon"/>
#                <taxon id="Oxalis_lomana_Gaspar2" spec="beast.base.evolution.alignment.Taxon"/>
#                <taxon id="Oxalis_longissima_Emshwiller64/247" spec="beast.base.evolution.alignment.Taxon"/>
#                <taxon id="Oxalis_loricata_HeiblPfanzelt05-006" spec="beast.base.evolution.alignment.Taxon"/>
#                <taxon id="Oxalis_lotoides_Emshwiller789" spec="beast.base.evolution.alignment.Taxon"/>
#                <taxon id="Oxalis_louisae_Dreyer708" spec="beast.base.evolution.alignment.Taxon"/>
#                <taxon id="Oxalis_lucumayensis_subsp_lucumayensis_Emshwiller485" spec="beast.base.evolution.alignment.Taxon"/>
#                <taxon id="Oxalis_lucumayensis_subsp_subiens_Emshwiller289" spec="beast.base.evolution.alignment.Taxon"/>
#                <taxon id="Oxalis_luteola_Oberlander0026" spec="beast.base.evolution.alignment.Taxon"/>
#                <taxon id="Oxalis_lutzii_Melo4829" spec="beast.base.evolution.alignment.Taxon"/>
#                <taxon id="Oxalis_macrocarpa_Gardner49" spec="beast.base.evolution.alignment.Taxon"/>
#                <taxon id="Oxalis_macrochaeta_Cabral96" spec="beast.base.evolution.alignment.Taxon"/>
#                <taxon id="Oxalis_magellanica_HeiblBotGardenMunich02" spec="beast.base.evolution.alignment.Taxon"/>
#                <taxon id="Oxalis_magnifica_Gardner68" spec="beast.base.evolution.alignment.Taxon"/>
#                <taxon id="Oxalis_mandioccana_Fiaschi4660" spec="beast.base.evolution.alignment.Taxon"/>
#                <taxon id="Oxalis_massoniana_Holmes0016" spec="beast.base.evolution.alignment.Taxon"/>
#                <taxon id="Oxalis_matancillae_HeiblMunozToro04-023" spec="beast.base.evolution.alignment.Taxon"/>
#                <taxon id="Oxalis_medicaginea_Emshwiller809" spec="beast.base.evolution.alignment.Taxon"/>
#                <taxon id="Oxalis_megalorrhiza_Gaspar173" spec="beast.base.evolution.alignment.Taxon"/>
#                <taxon id="Oxalis_meisneri_Oberlander0088" spec="beast.base.evolution.alignment.Taxon"/>
#                <taxon id="Oxalis_melanosticta_Dreyer622" spec="beast.base.evolution.alignment.Taxon"/>
#                <taxon id="Oxalis_melilotoides_Emshwiller190" spec="beast.base.evolution.alignment.Taxon"/>
#                <taxon id="Oxalis_micrantha_Heibl03-092" spec="beast.base.evolution.alignment.Taxon"/>
#                <taxon id="Oxalis_microcarpa_Cornejo9341" spec="beast.base.evolution.alignment.Taxon"/>
#                <taxon id="Oxalis_minuta_MO163minuta" spec="beast.base.evolution.alignment.Taxon"/>
#                <taxon id="Oxalis_mollendoensis_Ge18325" spec="beast.base.evolution.alignment.Taxon"/>
#                <taxon id="Oxalis_mollissima_Emshwiller359/x415" spec="beast.base.evolution.alignment.Taxon"/>
#                <taxon id="Oxalis_monochasiata_Fiaschi4585" spec="beast.base.evolution.alignment.Taxon"/>
#                <taxon id="Oxalis_monophylla_DreyerOberlander0003" spec="beast.base.evolution.alignment.Taxon"/>
#                <taxon id="Oxalis_monticola_Vaio20" spec="beast.base.evolution.alignment.Taxon"/>
#                <taxon id="Oxalis_morelosii_Perez4856" spec="beast.base.evolution.alignment.Taxon"/>
#                <taxon id="Oxalis_morenoensis_Heibl01-009" spec="beast.base.evolution.alignment.Taxon"/>
#                <taxon id="Oxalis_morronei_Zabala204" spec="beast.base.evolution.alignment.Taxon"/>
#                <taxon id="Oxalis_multicaulis_Oberlander0080" spec="beast.base.evolution.alignment.Taxon"/>
#                <taxon id="Oxalis_muscoides_Zuloaga12256" spec="beast.base.evolution.alignment.Taxon"/>
#                <taxon id="Oxalis_nahuelhuapiensis_Biganzoli2126" spec="beast.base.evolution.alignment.Taxon"/>
#                <taxon id="Oxalis_namaquana_Dreyer713" spec="beast.base.evolution.alignment.Taxon"/>
#                <taxon id="Oxalis_natans_Oberlander0160" spec="beast.base.evolution.alignment.Taxon"/>
#                <taxon id="Oxalis_nelsonii_Gardner66" spec="beast.base.evolution.alignment.Taxon"/>
#                <taxon id="Oxalis_neuwiedii_Almeida1336" spec="beast.base.evolution.alignment.Taxon"/>
#                <taxon id="Oxalis_nidulans_Dreyer752" spec="beast.base.evolution.alignment.Taxon"/>
#                <taxon id="Oxalis_niederleinii_Vaio190" spec="beast.base.evolution.alignment.Taxon"/>
#                <taxon id="Oxalis_nippponica_subsp_kantoensis_Aoki25" spec="beast.base.evolution.alignment.Taxon"/>
#                <taxon id="Oxalis_nivea_MO1462" spec="beast.base.evolution.alignment.Taxon"/>
#                <taxon id="Oxalis_nortieri_Oberlander0112" spec="beast.base.evolution.alignment.Taxon"/>
#                <taxon id="Oxalis_novemfoliolata_Heibl01-078" spec="beast.base.evolution.alignment.Taxon"/>
#                <taxon id="Oxalis_nubigena_Emshwiller701" spec="beast.base.evolution.alignment.Taxon"/>
#                <taxon id="Oxalis_obliquifolia_Bellstedt711" spec="beast.base.evolution.alignment.Taxon"/>
#                <taxon id="Oxalis_oblongiformis_Emshwiller797" spec="beast.base.evolution.alignment.Taxon"/>
#                <taxon id="Oxalis_obtriangulata_JNU140" spec="beast.base.evolution.alignment.Taxon"/>
#                <taxon id="Oxalis_obtusa_Dreyer691" spec="beast.base.evolution.alignment.Taxon"/>
#                <taxon id="Oxalis_occulta_Fiaschi5058" spec="beast.base.evolution.alignment.Taxon"/>
#                <taxon id="Oxalis_oculifera_Dreyer799" spec="beast.base.evolution.alignment.Taxon"/>
#                <taxon id="Oxalis_oligophylla_Dreyer797" spec="beast.base.evolution.alignment.Taxon"/>
#                <taxon id="Oxalis_orbicularis_Oberlander0066" spec="beast.base.evolution.alignment.Taxon"/>
#                <taxon id="Oxalis_oregana_Olmstead2003-33" spec="beast.base.evolution.alignment.Taxon"/>
#                <taxon id="Oxalis_oreocharis_Emshwiller583" spec="beast.base.evolution.alignment.Taxon"/>
#                <taxon id="Oxalis_oreophila_Dreyer666" spec="beast.base.evolution.alignment.Taxon"/>
#                <taxon id="Oxalis_ornithopus_HeiblMunozToro04-015" spec="beast.base.evolution.alignment.Taxon"/>
#                <taxon id="Oxalis_ortgiesii_Emshwiller458" spec="beast.base.evolution.alignment.Taxon"/>
#                <taxon id="Oxalis_orthopoda_Oberlander0068" spec="beast.base.evolution.alignment.Taxon"/>
#                <taxon id="Oxalis_oulophora_Emshwiller308" spec="beast.base.evolution.alignment.Taxon"/>
#                <taxon id="Oxalis_pachyrrhiza_Weigend8479" spec="beast.base.evolution.alignment.Taxon"/>
#                <taxon id="Oxalis_pallens_Dreyer654" spec="beast.base.evolution.alignment.Taxon"/>
#                <taxon id="Oxalis_palmifrons_Holmes0019" spec="beast.base.evolution.alignment.Taxon"/>
#                <taxon id="Oxalis_paludosa_Vaio479" spec="beast.base.evolution.alignment.Taxon"/>
#                <taxon id="Oxalis_pampeana_Nuernberg1875" spec="beast.base.evolution.alignment.Taxon"/>
#                <taxon id="Oxalis_paposana_Heibl03-062" spec="beast.base.evolution.alignment.Taxon"/>
#                <taxon id="Oxalis_paranaensis_VaioC2" spec="beast.base.evolution.alignment.Taxon"/>
#                <taxon id="Oxalis_pardoensis_Caxambu5990" spec="beast.base.evolution.alignment.Taxon"/>
#                <taxon id="Oxalis_pataxorum_Cabral196" spec="beast.base.evolution.alignment.Taxon"/>
#                <taxon id="Oxalis_paucartambensis_Emshwiller548" spec="beast.base.evolution.alignment.Taxon"/>
#                <taxon id="Oxalis_peduncularis_Emshwiller466" spec="beast.base.evolution.alignment.Taxon"/>
#                <taxon id="Oxalis_pendulifolia_Oberlander0067" spec="beast.base.evolution.alignment.Taxon"/>
#                <taxon id="Oxalis_penicillata_HeiblPfanzelt05-032" spec="beast.base.evolution.alignment.Taxon"/>
#                <taxon id="Oxalis_perdicaria_HeiblBotGardenMunich03" spec="beast.base.evolution.alignment.Taxon"/>
#                <taxon id="Oxalis_pes-caprae_Aoki6" spec="beast.base.evolution.alignment.Taxon"/>
#                <taxon id="Oxalis_petricola_MO1472" spec="beast.base.evolution.alignment.Taxon"/>
#                <taxon id="Oxalis_petrophila_Emshwiller933" spec="beast.base.evolution.alignment.Taxon"/>
#                <taxon id="Oxalis_phloxidiflora_Dreyer678" spec="beast.base.evolution.alignment.Taxon"/>
#                <taxon id="Oxalis_physocalyx_Melo6953" spec="beast.base.evolution.alignment.Taxon"/>
#                <taxon id="Oxalis_picchensis_Emshwiller500" spec="beast.base.evolution.alignment.Taxon"/>
#                <taxon id="Oxalis_pickeringii_Gaspar134" spec="beast.base.evolution.alignment.Taxon"/>
#                <taxon id="Oxalis_pillansiana_Oberlander0135" spec="beast.base.evolution.alignment.Taxon"/>
#                <taxon id="Oxalis_pilulifera_Sartor48" spec="beast.base.evolution.alignment.Taxon"/>
#                <taxon id="Oxalis_pinguiculacea_Wood22147" spec="beast.base.evolution.alignment.Taxon"/>
#                <taxon id="Oxalis_pocockiae_Dreyer626" spec="beast.base.evolution.alignment.Taxon"/>
#                <taxon id="Oxalis_polymorpha_Fiaschi4618" spec="beast.base.evolution.alignment.Taxon"/>
#                <taxon id="Oxalis_polyphylla_Cilliers0002" spec="beast.base.evolution.alignment.Taxon"/>
#                <taxon id="Oxalis_polyrhiza_Emshwiller960" spec="beast.base.evolution.alignment.Taxon"/>
#                <taxon id="Oxalis_porphyriosiphon_Oberlander0167" spec="beast.base.evolution.alignment.Taxon"/>
#                <taxon id="Oxalis_praetexta_Cabral159" spec="beast.base.evolution.alignment.Taxon"/>
#                <taxon id="Oxalis_primavera_Gardner50" spec="beast.base.evolution.alignment.Taxon"/>
#                <taxon id="Oxalis_primuloides_Dreyer711" spec="beast.base.evolution.alignment.Taxon"/>
#                <taxon id="Oxalis_pseudocernua_Craven4781" spec="beast.base.evolution.alignment.Taxon"/>
#                <taxon id="Oxalis_psilopoda_Oberlander0064" spec="beast.base.evolution.alignment.Taxon"/>
#                <taxon id="Oxalis_psoraleoides_Vaio431" spec="beast.base.evolution.alignment.Taxon"/>
#                <taxon id="Oxalis_ptychoclada_Emshwiller916" spec="beast.base.evolution.alignment.Taxon"/>
#                <taxon id="Oxalis_puberula_Rhoden7" spec="beast.base.evolution.alignment.Taxon"/>
#                <taxon id="Oxalis_pulchella_Dreyer612" spec="beast.base.evolution.alignment.Taxon"/>
#                <taxon id="Oxalis_punctata_Cilliers0005" spec="beast.base.evolution.alignment.Taxon"/>
#                <taxon id="Oxalis_purpurascens_Dreyer634" spec="beast.base.evolution.alignment.Taxon"/>
#                <taxon id="Oxalis_purpurata_MO1118" spec="beast.base.evolution.alignment.Taxon"/>
#                <taxon id="Oxalis_purpurea_Oberlander0024" spec="beast.base.evolution.alignment.Taxon"/>
#                <taxon id="Oxalis_pusilla_Dreyer746" spec="beast.base.evolution.alignment.Taxon"/>
#                <taxon id="Oxalis_pycnophylla_Zuloaga11747" spec="beast.base.evolution.alignment.Taxon"/>
#                <taxon id="Oxalis_pyrenea_Sartor65" spec="beast.base.evolution.alignment.Taxon"/>
#                <taxon id="Oxalis_reclinata_Dreyer718" spec="beast.base.evolution.alignment.Taxon"/>
#                <taxon id="Oxalis_recticaulis_Oberlander0170" spec="beast.base.evolution.alignment.Taxon"/>
#                <taxon id="Oxalis_refracta_Vaio496" spec="beast.base.evolution.alignment.Taxon"/>
#                <taxon id="Oxalis_rhombeo-ovata_Vaio526" spec="beast.base.evolution.alignment.Taxon"/>
#                <taxon id="Oxalis_ricardii_Heibl01-072" spec="beast.base.evolution.alignment.Taxon"/>
#                <taxon id="Oxalis_rigida_Heibl03-096" spec="beast.base.evolution.alignment.Taxon"/>
#                <taxon id="Oxalis_rosea_Lammers7916" spec="beast.base.evolution.alignment.Taxon"/>
#                <taxon id="Oxalis_roselata_Rhoden16" spec="beast.base.evolution.alignment.Taxon"/>
#                <taxon id="Oxalis_rosettifolia_MO1468" spec="beast.base.evolution.alignment.Taxon"/>
#                <taxon id="Oxalis_rubricallosa_MO1461" spec="beast.base.evolution.alignment.Taxon"/>
#                <taxon id="Oxalis_salteri_Dreyer784" spec="beast.base.evolution.alignment.Taxon"/>
#                <taxon id="Oxalis_sarmentosa_VaioC13" spec="beast.base.evolution.alignment.Taxon"/>
#                <taxon id="Oxalis_sciophila_Costa118" spec="beast.base.evolution.alignment.Taxon"/>
#                <taxon id="Oxalis_sellowiana_forma_alba_Vaio282" spec="beast.base.evolution.alignment.Taxon"/>
#                <taxon id="Oxalis_sellowiana_forma_sellowiana_Giussani421" spec="beast.base.evolution.alignment.Taxon"/>
#                <taxon id="Oxalis_sellowii_Cabral109" spec="beast.base.evolution.alignment.Taxon"/>
#                <taxon id="Oxalis_sepium_Radavelli76" spec="beast.base.evolution.alignment.Taxon"/>
#                <taxon id="Oxalis_serpens_VaioC27" spec="beast.base.evolution.alignment.Taxon"/>
#                <taxon id="Oxalis_setosa_Bellstedt770" spec="beast.base.evolution.alignment.Taxon"/>
#                <taxon id="Oxalis_smalliana_Brinegar" spec="beast.base.evolution.alignment.Taxon"/>
#                <taxon id="Oxalis_smithiana_Bellstedt699" spec="beast.base.evolution.alignment.Taxon"/>
#                <taxon id="Oxalis_sonderiana_Dreyer694" spec="beast.base.evolution.alignment.Taxon"/>
#                <taxon id="Oxalis_spiralis_Aoki85" spec="beast.base.evolution.alignment.Taxon"/>
#                <taxon id="Oxalis_squamata_HeiblPfanzelt05-027" spec="beast.base.evolution.alignment.Taxon"/>
#                <taxon id="Oxalis_squarrosa_Munzo4533" spec="beast.base.evolution.alignment.Taxon"/>
#                <taxon id="Oxalis_staffordiana_Emshwiller512" spec="beast.base.evolution.alignment.Taxon"/>
#                <taxon id="Oxalis_stellata_Oberlander0086" spec="beast.base.evolution.alignment.Taxon"/>
#                <taxon id="Oxalis_stenopetala_Dreyer675" spec="beast.base.evolution.alignment.Taxon"/>
#                <taxon id="Oxalis_stenoptera_Oberlander0138" spec="beast.base.evolution.alignment.Taxon"/>
#                <taxon id="Oxalis_stictocheila_Dreyer749" spec="beast.base.evolution.alignment.Taxon"/>
#                <taxon id="Oxalis_stricta_BR0000013234621" spec="beast.base.evolution.alignment.Taxon"/>
#                <taxon id="Oxalis_strigosa_Oberlander0093" spec="beast.base.evolution.alignment.Taxon"/>
#                <taxon id="Oxalis_suavis_Oberlander0075" spec="beast.base.evolution.alignment.Taxon"/>
#                <taxon id="Oxalis_subacaulis_Salomon245" spec="beast.base.evolution.alignment.Taxon"/>
#                <taxon id="Oxalis_subintegra_Emshwiller799" spec="beast.base.evolution.alignment.Taxon"/>
#                <taxon id="Oxalis_suborbiculata_Cabral110" spec="beast.base.evolution.alignment.Taxon"/>
#                <taxon id="Oxalis_subvilosa_Nuernberg1848" spec="beast.base.evolution.alignment.Taxon"/>
#                <taxon id="Oxalis_suteroides_Oberlander0115" spec="beast.base.evolution.alignment.Taxon"/>
#                <taxon id="Oxalis_tabaconasensis_Emshwiller786" spec="beast.base.evolution.alignment.Taxon"/>
#                <taxon id="Oxalis_tenella_Dreyer639" spec="beast.base.evolution.alignment.Taxon"/>
#                <taxon id="Oxalis_teneriensis_Emshwiller605" spec="beast.base.evolution.alignment.Taxon"/>
#                <taxon id="Oxalis_tenerrima_VaioC30" spec="beast.base.evolution.alignment.Taxon"/>
#                <taxon id="Oxalis_tenuifolia_Oberlander0027" spec="beast.base.evolution.alignment.Taxon"/>
#                <taxon id="Oxalis_tenuipes_Dreyer800" spec="beast.base.evolution.alignment.Taxon"/>
#                <taxon id="Oxalis_tenuis_Dreyer793" spec="beast.base.evolution.alignment.Taxon"/>
#                <taxon id="Oxalis_tetraphylla_EmshwillerDEPP" spec="beast.base.evolution.alignment.Taxon"/>
#                <taxon id="Oxalis_tijucana_Vasques85" spec="beast.base.evolution.alignment.Taxon"/>
#                <taxon id="Oxalis_tomentosa_Roller0006" spec="beast.base.evolution.alignment.Taxon"/>
#                <taxon id="Oxalis_tortuosa_KrausK-94" spec="beast.base.evolution.alignment.Taxon"/>
#                <taxon id="Oxalis_triangularis_subsp_papilionacea_Emshwiller456" spec="beast.base.evolution.alignment.Taxon"/>
#                <taxon id="Oxalis_triangularis_subsp_triangularis_MO1165" spec="beast.base.evolution.alignment.Taxon"/>
#                <taxon id="Oxalis_triangulata_Aoki34" spec="beast.base.evolution.alignment.Taxon"/>
#                <taxon id="Oxalis_trillifolia_MO275113" spec="beast.base.evolution.alignment.Taxon"/>
#                <taxon id="Oxalis_trollii_Wood22158" spec="beast.base.evolution.alignment.Taxon"/>
#                <taxon id="Oxalis_truncatula_Dreyer605" spec="beast.base.evolution.alignment.Taxon"/>
#                <taxon id="Oxalis_tuberosa_Emshwiller97/50-02" spec="beast.base.evolution.alignment.Taxon"/>
#                <taxon id="Oxalis_uliginosa_MO394uliginosa" spec="beast.base.evolution.alignment.Taxon"/>
#                <taxon id="Oxalis_umbraticola_Richetti69" spec="beast.base.evolution.alignment.Taxon"/>
#                <taxon id="Oxalis_unduavensis_Emshwiller168/291/351" spec="beast.base.evolution.alignment.Taxon"/>
#                <taxon id="Oxalis_urbaniana_Bytebier2015" spec="beast.base.evolution.alignment.Taxon"/>
#                <taxon id="Oxalis_valdiviensis_HeiblPfanzelt05-016" spec="beast.base.evolution.alignment.Taxon"/>
#                <taxon id="Oxalis_veadeirosensis_Fiaschi5330" spec="beast.base.evolution.alignment.Taxon"/>
#                <taxon id="Oxalis_versicolor_Oberlander0034" spec="beast.base.evolution.alignment.Taxon"/>
#                <taxon id="Oxalis_violacea_GardnerAGVIO1" spec="beast.base.evolution.alignment.Taxon"/>
#                <taxon id="Oxalis_virgata_Emshwiller292" spec="beast.base.evolution.alignment.Taxon"/>
#                <taxon id="Oxalis_virginea_MO580virginea" spec="beast.base.evolution.alignment.Taxon"/>
#                <taxon id="Oxalis_virgosa_HeiblMunozToro04-042" spec="beast.base.evolution.alignment.Taxon"/>
#                <taxon id="Oxalis_viscosa_Dreyer642" spec="beast.base.evolution.alignment.Taxon"/>
#                <taxon id="Oxalis_vulcanicola_MO702cfhedysaroides" spec="beast.base.evolution.alignment.Taxon"/>
#                <taxon id="Oxalis_weberbaueri_Emshwiller746" spec="beast.base.evolution.alignment.Taxon"/>
#                <taxon id="Oxalis_xantha_Dreyer671" spec="beast.base.evolution.alignment.Taxon"/>
#                <taxon id="Oxalis_yungasensis_Emshwiller437/350" spec="beast.base.evolution.alignment.Taxon"/>
#                <taxon id="Oxalis_zeekoevleyensis_Oberlander0012" spec="beast.base.evolution.alignment.Taxon"/>
#                <taxon id="Oxalis_zeyheri_MO590cfzeyheri" spec="beast.base.evolution.alignment.Taxon"/>
#                <taxon id="Pancheria_hirsuta_CUN132" spec="beast.base.evolution.alignment.Taxon"/>
#                <taxon id="Peripentadenia_phelpsii_Crayn887" spec="beast.base.evolution.alignment.Taxon"/>
#                <taxon id="Platytheca_galioides_Crayn701c" spec="beast.base.evolution.alignment.Taxon"/>
#                <taxon id="Rourea_microphylla_MT537171" spec="beast.base.evolution.alignment.Taxon"/>
#                <taxon id="Sarcotheca_monophylla_SARMON" spec="beast.base.evolution.alignment.Taxon"/>
#                <taxon idref="Sericolea_micans_Crayn536"/>
#                <taxon id="Sloanaea_syandra_UnknownN" spec="beast.base.evolution.alignment.Taxon"/>
#                <taxon id="Spiraeopsis_celebica_UnknownN" spec="beast.base.evolution.alignment.Taxon"/>
#                <taxon id="Tetratheca_hirsuta_Butcher915" spec="beast.base.evolution.alignment.Taxon"/>
#                <taxon id="Tremandra_diffusa_Butcher961" spec="beast.base.evolution.alignment.Taxon"/>
#                <taxon id="Vallea_stipularis_Chase654" spec="beast.base.evolution.alignment.Taxon"/>
#                <taxon id="Vesselowskya_rubifolia_CUN136" spec="beast.base.evolution.alignment.Taxon"/>
#                <taxon id="Weinmannia_reticulata_CUN111" spec="beast.base.evolution.alignment.Taxon"/>
#            </taxonset>
#            <Normal id="Normal.0" name="distr">
#                <parameter estimate="false" id="RealParameter.82" name="mean" spec="beast.base.inference.parameter.RealParameter">103.5</parameter>
#                <parameter estimate="false" id="RealParameter.83" name="sigma" spec="beast.base.inference.parameter.RealParameter">2.0</parameter>
#            </Normal>
#        </distribution>
#        <distribution id="Vesselowskya.prior" monophyletic="true" spec="beast.base.evolution.tree.MRCAPrior" tree="@Tree.t:ITS">
#            <taxonset id="Vesselowskya" spec="beast.base.evolution.alignment.TaxonSet">
#                <taxon idref="Ackama_rosifolia_UnknownN"/>
#                <taxon idref="Cunonia_balansae_CUN069"/>
#                <taxon idref="Pancheria_hirsuta_CUN132"/>
#                <taxon idref="Vesselowskya_rubifolia_CUN136"/>
#                <taxon idref="Weinmannia_reticulata_CUN111"/>
#            </taxonset>
#            <Normal id="Normal.12" name="distr">
#                <parameter estimate="false" id="RealParameter.277" name="mean" spec="beast.base.inference.parameter.RealParameter">31.15</parameter>
#                <parameter estimate="false" id="RealParameter.278" name="sigma" spec="beast.base.inference.parameter.RealParameter">2.0</parameter>
#            </Normal>
#        </distribution>
#    </distribution>
#    <distribution id="likelihood" spec="beast.base.inference.CompoundDistribution" useThreads="true">
#        <distribution data="@ITS" id="treeLikelihood.ITS" spec="beast.base.evolution.likelihood.ThreadedTreeLikelihood" tree="@Tree.t:ITS">
#            <siteModel gammaCategoryCount="4" id="SiteModel.s:ITS" shape="@gammaShape.s:ITS" spec="beast.base.evolution.sitemodel.SiteModel">
#                <parameter estimate="false" id="mutationRate.s:ITS" lower="0.0" name="mutationRate" spec="beast.base.inference.parameter.RealParameter">1.0</parameter>
#                <parameter estimate="false" id="proportionInvariant.s:ITS" lower="0.0" name="proportionInvariant" spec="beast.base.inference.parameter.RealParameter" upper="1.0">0.0</parameter>
#                <substModel id="gtr.s:ITS" rateAC="@rateAC.s:ITS" rateAG="@rateAG.s:ITS" rateAT="@rateAC.s:ITS" rateCG="@rateAC.s:ITS" rateCT="@rateAG.s:ITS" rateGT="@rateAC.s:ITS" spec="beast.base.evolution.substitutionmodel.GTR">
#                    <frequencies frequencies="@freqParameter.s:ITS" id="estimatedFreqs.s:ITS" spec="beast.base.evolution.substitutionmodel.Frequencies"/>
#                </substModel>
#            </siteModel>
#            <branchRateModel id="OptimisedRelaxedClock.c:ITS" rates="@ORCRates.c:ITS" spec="beast.base.evolution.branchratemodel.UCRelaxedClockModel" tree="@Tree.t:ITS">
#                <LogNormal S="@ORCsigma.c:ITS" id="ORCLogNormalDistributionModel.c:ITS" meanInRealSpace="true" name="distr">
#                    <parameter estimate="false" id="RealParameter.8" name="M" spec="beast.base.inference.parameter.RealParameter">1.0</parameter>
#                </LogNormal>
#                <parameter estimate="false" id="ORCucldMean.c:ITS" name="clock.rate" spec="beast.base.inference.parameter.RealParameter">0.01</parameter>
#            </branchRateModel>
#        </distribution>
#        <distribution branchRateModel="@OptimisedRelaxedClock.c:ITS" id="treeLikelihood.ncpGS" spec="beast.base.evolution.likelihood.ThreadedTreeLikelihood" tree="@Tree.t:ITS">
#            <data data="@8_loci_427_spp" filter="820-1468" id="ncpGS" spec="beast.base.evolution.alignment.FilteredAlignment"/>
#            <siteModel id="SiteModel.s:ncpGS" spec="beast.base.evolution.sitemodel.SiteModel">
#                <parameter estimate="false" id="mutationRate.s:ncpGS" lower="0.0" name="mutationRate" spec="beast.base.inference.parameter.RealParameter">1.0</parameter>
#                <parameter estimate="false" id="gammaShape.s:ncpGS" lower="0.1" name="shape" spec="beast.base.inference.parameter.RealParameter">1.0</parameter>
#                <parameter estimate="false" id="proportionInvariant.s:ncpGS" lower="0.0" name="proportionInvariant" spec="beast.base.inference.parameter.RealParameter" upper="1.0">0.0</parameter>
#                <substModel id="hky.s:ncpGS" kappa="@kappa.s:ncpGS" spec="beast.base.evolution.substitutionmodel.HKY">
#                    <frequencies frequencies="@freqParameter.s:ncpGS" id="estimatedFreqs.s:ncpGS" spec="beast.base.evolution.substitutionmodel.Frequencies"/>
#                </substModel>
#            </siteModel>
#        </distribution>
#        <distribution id="treeLikelihood.psbA_trnH" spec="beast.base.evolution.likelihood.ThreadedTreeLikelihood" tree="@Tree.t:ITS">
#            <data data="@8_loci_427_spp" filter="1469-2037" id="psbA_trnH" spec="beast.base.evolution.alignment.FilteredAlignment"/>
#            <siteModel gammaCategoryCount="4" id="SiteModel.s:psbA_trnH" proportionInvariant="@proportionInvariant.s:psbA_trnH" shape="@gammaShape.s:psbA_trnH" spec="beast.base.evolution.sitemodel.SiteModel">
#                <parameter estimate="false" id="mutationRate.s:psbA_trnH" lower="0.0" name="mutationRate" spec="beast.base.inference.parameter.RealParameter">1.0</parameter>
#                <substModel id="gtr.s:psbA_trnH" rateAC="@rateAC.s:psbA_trnH" rateAG="@rateAG.s:psbA_trnH" rateAT="@rateAT.s:psbA_trnH" rateCG="@rateAT.s:psbA_trnH" rateCT="@rateAG.s:psbA_trnH" rateGT="@rateAC.s:psbA_trnH" spec="beast.base.evolution.substitutionmodel.GTR">
#                    <frequencies frequencies="@freqParameter.s:psbA_trnH" id="estimatedFreqs.s:psbA_trnH" spec="beast.base.evolution.substitutionmodel.Frequencies"/>
#                </substModel>
#            </siteModel>
#            <branchRateModel id="OptimisedRelaxedClock.c:psbA_trnH" rates="@ORCRates.c:psbA_trnH" spec="beast.base.evolution.branchratemodel.UCRelaxedClockModel" tree="@Tree.t:ITS">
#                <LogNormal S="@ORCsigma.c:psbA_trnH" id="ORCLogNormalDistributionModel.c:psbA_trnH" meanInRealSpace="true" name="distr">
#                    <parameter estimate="false" id="RealParameter.16" name="M" spec="beast.base.inference.parameter.RealParameter">1.0</parameter>
#                </LogNormal>
#                <parameter estimate="false" id="ORCucldMean.c:psbA_trnH" name="clock.rate" spec="beast.base.inference.parameter.RealParameter">0.01</parameter>
#            </branchRateModel>
#        </distribution>
#        <distribution branchRateModel="@OptimisedRelaxedClock.c:psbA_trnH" id="treeLikelihood.psbJ_petA" siteModel="@SiteModel.s:psbA_trnH" spec="beast.base.evolution.likelihood.ThreadedTreeLikelihood" tree="@Tree.t:ITS">
#            <data data="@8_loci_427_spp" filter="2038-2821" id="psbJ_petA" spec="beast.base.evolution.alignment.FilteredAlignment"/>
#        </distribution>
#        <distribution branchRateModel="@OptimisedRelaxedClock.c:psbA_trnH" id="treeLikelihood.rbcL" spec="beast.base.evolution.likelihood.ThreadedTreeLikelihood" tree="@Tree.t:ITS">
#            <data data="@8_loci_427_spp" filter="2822-4223" id="rbcL" spec="beast.base.evolution.alignment.FilteredAlignment"/>
#            <siteModel gammaCategoryCount="4" id="SiteModel.s:rbcL" proportionInvariant="@proportionInvariant.s:rbcL" shape="@gammaShape.s:rbcL" spec="beast.base.evolution.sitemodel.SiteModel">
#                <parameter estimate="false" id="mutationRate.s:rbcL" lower="0.0" name="mutationRate" spec="beast.base.inference.parameter.RealParameter">1.0</parameter>
#                <substModel id="gtr.s:rbcL" rateAC="@rateAC.s:rbcL" rateAG="@rateAG.s:rbcL" rateAT="@rateAC.s:rbcL" rateCG="@rateAC.s:rbcL" rateGT="@rateAC.s:rbcL" spec="beast.base.evolution.substitutionmodel.GTR">
#                    <parameter estimate="false" id="rateCT.s:rbcL" lower="0.0" name="rateCT" spec="beast.base.inference.parameter.RealParameter">1.0</parameter>
#                    <frequencies frequencies="@freqParameter.s:rbcL" id="estimatedFreqs.s:rbcL" spec="beast.base.evolution.substitutionmodel.Frequencies"/>
#                </substModel>
#            </siteModel>
#        </distribution>
#        <distribution branchRateModel="@OptimisedRelaxedClock.c:psbA_trnH" id="treeLikelihood.trnL_trnF" siteModel="@SiteModel.s:psbA_trnH" spec="beast.base.evolution.likelihood.ThreadedTreeLikelihood" tree="@Tree.t:ITS">
#            <data data="@8_loci_427_spp" filter="4224-5169" id="trnL_trnF" spec="beast.base.evolution.alignment.FilteredAlignment"/>
#        </distribution>
#        <distribution branchRateModel="@OptimisedRelaxedClock.c:psbA_trnH" id="treeLikelihood.trnS_trnG" siteModel="@SiteModel.s:psbA_trnH" spec="beast.base.evolution.likelihood.ThreadedTreeLikelihood" tree="@Tree.t:ITS">
#            <data data="@8_loci_427_spp" filter="5170-5908" id="trnS_trnG" spec="beast.base.evolution.alignment.FilteredAlignment"/>
#        </distribution>
#        <distribution branchRateModel="@OptimisedRelaxedClock.c:psbA_trnH" id="treeLikelihood.trnT_trnL" siteModel="@SiteModel.s:psbA_trnH" spec="beast.base.evolution.likelihood.ThreadedTreeLikelihood" tree="@Tree.t:ITS">
#            <data data="@8_loci_427_spp" filter="5909-6755" id="trnT_trnL" spec="beast.base.evolution.alignment.FilteredAlignment"/>
#        </distribution>
#    </distribution>
#</input>
#
Sample	posterior	likelihood	prior	treeLikelihood.ITS	treeLikelihood.ncpGS	treeLikelihood.psbA_trnH	treeLikelihood.psbJ_petA	treeLikelihood.rbcL	treeLikelihood.trnL_trnF	treeLikelihood.trnS_trnG	treeLikelihood.trnT_trnL	Tree.height	Tree.treeLength	kappa.ncpGS	freqParameter.ITS.1	freqParameter.ITS.2	freqParameter.ITS.3	freqParameter.ITS.4	freqParameter.ncpGS.1	freqParameter.ncpGS.2	freqParameter.ncpGS.3	freqParameter.ncpGS.4	freqParameter.psbA_trnH.1	freqParameter.psbA_trnH.2	freqParameter.psbA_trnH.3	freqParameter.psbA_trnH.4	freqParameter.rbcL.1	freqParameter.rbcL.2	freqParameter.rbcL.3	freqParameter.rbcL.4	rateAC.ITS	rateAC.psbA_trnH	rateAC.rbcL	rateAG.ITS	rateAG.psbA_trnH	rateAG.rbcL	gammaShape.ITS	gammaShape.psbA_trnH	gammaShape.rbcL	proportionInvariant.psbA_trnH	proportionInvariant.rbcL	rateAT.psbA_trnH	ORCsigma.ITS	ORCsigma.psbA_trnH	ORCRatesStat.ITS.mean	ORCRatesStat.ITS.variance	ORCRatesStat.ITS.coefficientOfVariation	ORCRatesStat.psbA_trnH.mean	ORCRatesStat.psbA_trnH.variance	ORCRatesStat.psbA_trnH.coefficientOfVariation	BirthDeath	BDBirthRate	BDDeathRate	logP(mrca(Oxalidales))	mrca.age(Oxalidales)	logP(mrca(Elaeocarpus))	mrca.age(Elaeocarpus)	logP(mrca(Vesselowskya))	mrca.age(Vesselowskya)
0	-169672.92241378827	-161063.57116372435	-8609.351250063919	-80226.22919954981	-1848.804275225436	-8147.010659464651	-10620.35126428879	-5066.478028760021	-23640.605358310586	-19410.008675042784	-12104.083703082279	0.017000000807456672	3.3780001604463905	2.0	0.25	0.25	0.25	0.25	0.25	0.25	0.25	0.25	0.25	0.25	0.25	0.25	0.25	0.25	0.25	0.25	1.0	1.0	1.0	1.0	1.0	1.0	1.0	1.0	1.0	0.1	0.1	1.0	0.2	0.2	0.00500000000000009	6.514430454902519E-33	1.614240434991359E-14	0.004999999999999979	6.514430454902519E-33	1.614240434991359E-14	285.2235171467723	1.0	0.5	-1340.203496817875	0.017000000807456672	-122.80118183395808	0.013000000617466867	-122.79339770858851	0.014000000664964318
