#
#model:
#
#<?xml version="1.0" encoding="UTF-8" standalone="no"?><input id="posterior" spec="beast.base.inference.CompoundDistribution">
#    <distribution id="prior" spec="beast.base.inference.CompoundDistribution">
#        <distribution id="BirthDeath.t:ITS" spec="beast.base.evolution.speciation.BirthDeathGernhard08Model">
#            <parameter id="BDDeathRate.t:ITS" lower="0.0" name="relativeDeathRate" spec="beast.base.inference.parameter.RealParameter" upper="1.0">0.5</parameter>
#            <parameter id="BDBirthRate.t:ITS" lower="0.0" name="birthDiffRate" spec="beast.base.inference.parameter.RealParameter" upper="10000.0">1.0</parameter>
#            <tree id="Tree.t:ITS" spec="beast.base.evolution.tree.Tree">
#                <taxonset id="TaxonSet.ITS" spec="beast.base.evolution.alignment.TaxonSet">
#                    <alignment filter="1-817" id="ITS" spec="beast.base.evolution.alignment.FilteredAlignment">
#                    </alignment>
#                </taxonset>
#            </tree>
#        </distribution>
#        <prior id="BirthRatePrior.t:ITS" name="distribution" x="@BDBirthRate.t:ITS">
#            <Uniform id="Uniform.4" name="distr" upper="1000.0"/>
#        </prior>
#        <prior id="DeathRatePrior.t:ITS" name="distribution" x="@BDDeathRate.t:ITS">
#            <Uniform id="Uniform.5" name="distr"/>
#        </prior>
#        <distribution id="MultiMonophyleticConstraint.t:ITS" isBinary="false" newick="" spec="beastlabs.math.distributions.MultiMonophyleticConstraint" tree="@Tree.t:ITS"/>
#        <prior id="FrequenciesPrior.s:ITS" name="distribution">
#            <parameter dimension="4" id="freqParameter.s:ITS" lower="0.0" name="x" spec="beast.base.inference.parameter.RealParameter" upper="1.0">0.25</parameter>
#            <distr id="Dirichlet.2" spec="beast.base.inference.distribution.Dirichlet">
#                <parameter dimension="4" estimate="false" id="RealParameter.4" name="alpha" spec="beast.base.inference.parameter.RealParameter">4.0 4.0 4.0 4.0</parameter>
#            </distr>
#        </prior>
#        <prior id="FrequenciesPrior.s:ncpGS" name="distribution">
#            <parameter dimension="4" id="freqParameter.s:ncpGS" lower="0.0" name="x" spec="beast.base.inference.parameter.RealParameter" upper="1.0">0.25</parameter>
#            <distr id="Dirichlet.0" spec="beast.base.inference.distribution.Dirichlet">
#                <parameter dimension="4" estimate="false" id="RealParameter.62" name="alpha" spec="beast.base.inference.parameter.RealParameter">4.0 4.0 4.0 4.0</parameter>
#            </distr>
#        </prior>
#        <prior id="FrequenciesPrior.s:psbA_trnH" name="distribution">
#            <parameter dimension="4" id="freqParameter.s:psbA_trnH" lower="0.0" name="x" spec="beast.base.inference.parameter.RealParameter" upper="1.0">0.25</parameter>
#            <distr id="Dirichlet.7" spec="beast.base.inference.distribution.Dirichlet">
#                <parameter dimension="4" estimate="false" id="RealParameter.108" name="alpha" spec="beast.base.inference.parameter.RealParameter">4.0 4.0 4.0 4.0</parameter>
#            </distr>
#        </prior>
#        <prior id="FrequenciesPrior.s:rbcL" name="distribution">
#            <parameter dimension="4" id="freqParameter.s:rbcL" lower="0.0" name="x" spec="beast.base.inference.parameter.RealParameter" upper="1.0">0.25</parameter>
#            <distr id="Dirichlet.11" spec="beast.base.inference.distribution.Dirichlet">
#                <parameter dimension="4" estimate="false" id="RealParameter.175" name="alpha" spec="beast.base.inference.parameter.RealParameter">4.0 4.0 4.0 4.0</parameter>
#            </distr>
#        </prior>
#        <prior id="GammaShapePrior.s:psbA_trnH" name="distribution">
#            <parameter id="gammaShape.s:psbA_trnH" lower="0.1" name="x" spec="beast.base.inference.parameter.RealParameter">1.0</parameter>
#            <Exponential id="Exponential.6" name="distr">
#                <parameter estimate="false" id="RealParameter.104" name="mean" spec="beast.base.inference.parameter.RealParameter">1.0</parameter>
#            </Exponential>
#        </prior>
#        <prior id="GammaShapePrior.s:rbcL" name="distribution">
#            <parameter id="gammaShape.s:rbcL" lower="0.1" name="x" spec="beast.base.inference.parameter.RealParameter">1.0</parameter>
#            <Exponential id="Exponential.10" name="distr">
#                <parameter estimate="false" id="RealParameter.171" name="mean" spec="beast.base.inference.parameter.RealParameter">1.0</parameter>
#            </Exponential>
#        </prior>
#        <prior id="KappaPrior.s:ncpGS" name="distribution">
#            <parameter id="kappa.s:ncpGS" lower="0.0" name="x" spec="beast.base.inference.parameter.RealParameter">2.0</parameter>
#            <LogNormal id="LogNormalDistributionModel.8" name="distr">
#                <parameter estimate="false" id="RealParameter.60" name="M" spec="beast.base.inference.parameter.RealParameter">1.0</parameter>
#                <parameter estimate="false" id="RealParameter.61" name="S" spec="beast.base.inference.parameter.RealParameter">1.25</parameter>
#            </LogNormal>
#        </prior>
#        <prior id="PropInvariantPrior.s:psbA_trnH" name="distribution">
#            <parameter id="proportionInvariant.s:psbA_trnH" lower="0.0" name="x" spec="beast.base.inference.parameter.RealParameter" upper="1.0">0.1</parameter>
#            <Uniform id="Uniform.15" name="distr"/>
#        </prior>
#        <prior id="PropInvariantPrior.s:rbcL" name="distribution">
#            <parameter id="proportionInvariant.s:rbcL" lower="0.0" name="x" spec="beast.base.inference.parameter.RealParameter" upper="1.0">0.1</parameter>
#            <Uniform id="Uniform.18" name="distr"/>
#        </prior>
#        <prior id="RateACPrior.s:ITS" name="distribution">
#            <parameter id="rateAC.s:ITS" lower="0.0" name="x" spec="beast.base.inference.parameter.RealParameter">1.0</parameter>
#            <Gamma id="Gamma.0" name="distr">
#                <parameter estimate="false" id="RealParameter.9" name="alpha" spec="beast.base.inference.parameter.RealParameter">0.05</parameter>
#                <parameter estimate="false" id="RealParameter.10" name="beta" spec="beast.base.inference.parameter.RealParameter">10.0</parameter>
#            </Gamma>
#        </prior>
#        <prior id="RateACPrior.s:psbA_trnH" name="distribution">
#            <parameter id="rateAC.s:psbA_trnH" lower="0.0" name="x" spec="beast.base.inference.parameter.RealParameter">1.0</parameter>
#            <Gamma id="Gamma.24" name="distr">
#                <parameter estimate="false" id="RealParameter.113" name="alpha" spec="beast.base.inference.parameter.RealParameter">0.05</parameter>
#                <parameter estimate="false" id="RealParameter.114" name="beta" spec="beast.base.inference.parameter.RealParameter">10.0</parameter>
#            </Gamma>
#        </prior>
#        <prior id="RateACPrior.s:rbcL" name="distribution">
#            <parameter id="rateAC.s:rbcL" lower="0.0" name="x" spec="beast.base.inference.parameter.RealParameter">1.0</parameter>
#            <Gamma id="Gamma.37" name="distr">
#                <parameter estimate="false" id="RealParameter.180" name="alpha" spec="beast.base.inference.parameter.RealParameter">0.05</parameter>
#                <parameter estimate="false" id="RealParameter.181" name="beta" spec="beast.base.inference.parameter.RealParameter">10.0</parameter>
#            </Gamma>
#        </prior>
#        <prior id="RateAGPrior.s:rbcL" name="distribution">
#            <parameter id="rateAG.s:rbcL" lower="0.0" name="x" spec="beast.base.inference.parameter.RealParameter">1.0</parameter>
#            <Gamma id="Gamma.38" name="distr">
#                <parameter estimate="false" id="RealParameter.182" name="alpha" spec="beast.base.inference.parameter.RealParameter">0.05</parameter>
#                <parameter estimate="false" id="RealParameter.183" name="beta" spec="beast.base.inference.parameter.RealParameter">20.0</parameter>
#            </Gamma>
#        </prior>
#        <prior id="RateATPrior.s:psbA_trnH" name="distribution">
#            <parameter id="rateAT.s:psbA_trnH" lower="0.0" name="x" spec="beast.base.inference.parameter.RealParameter">1.0</parameter>
#            <Gamma id="Gamma.26" name="distr">
#                <parameter estimate="false" id="RealParameter.117" name="alpha" spec="beast.base.inference.parameter.RealParameter">0.05</parameter>
#                <parameter estimate="false" id="RealParameter.118" name="beta" spec="beast.base.inference.parameter.RealParameter">10.0</parameter>
#            </Gamma>
#        </prior>
#        <prior id="MeanRatePrior.c:ITS" name="distribution">
#            <parameter id="ucldMean.c:ITS" lower="0.0" name="x" spec="beast.base.inference.parameter.RealParameter">1.0</parameter>
#            <Gamma id="Gamma.17" name="distr">
#                <parameter estimate="false" id="RealParameter.43" name="alpha" spec="beast.base.inference.parameter.RealParameter">0.01</parameter>
#                <parameter estimate="false" id="RealParameter.44" name="beta" spec="beast.base.inference.parameter.RealParameter">100.0</parameter>
#            </Gamma>
#        </prior>
#        <prior id="MeanRatePrior.c:psbA_trnH" name="distribution">
#            <parameter id="ucldMean.c:psbA_trnH" lower="0.0" name="x" spec="beast.base.inference.parameter.RealParameter">1.0</parameter>
#            <Gamma id="Gamma.23" name="distr">
#                <parameter estimate="false" id="RealParameter.58" name="alpha" spec="beast.base.inference.parameter.RealParameter">0.01</parameter>
#                <parameter estimate="false" id="RealParameter.59" name="beta" spec="beast.base.inference.parameter.RealParameter">100.0</parameter>
#            </Gamma>
#        </prior>
#        <prior id="ucldStdevPrior.c:ITS" name="distribution">
#            <parameter id="ucldStdev.c:ITS" lower="0.0" name="x" spec="beast.base.inference.parameter.RealParameter">0.1</parameter>
#            <Gamma id="Gamma.16" name="distr">
#                <parameter estimate="false" id="RealParameter.41" name="alpha" spec="beast.base.inference.parameter.RealParameter">0.5396</parameter>
#                <parameter estimate="false" id="RealParameter.42" name="beta" spec="beast.base.inference.parameter.RealParameter">0.3819</parameter>
#            </Gamma>
#        </prior>
#        <prior id="ucldStdevPrior.c:psbA_trnH" name="distribution">
#            <parameter id="ucldStdev.c:psbA_trnH" lower="0.0" name="x" spec="beast.base.inference.parameter.RealParameter">0.1</parameter>
#            <Gamma id="Gamma.22" name="distr">
#                <parameter estimate="false" id="RealParameter.56" name="alpha" spec="beast.base.inference.parameter.RealParameter">0.5396</parameter>
#                <parameter estimate="false" id="RealParameter.57" name="beta" spec="beast.base.inference.parameter.RealParameter">0.3819</parameter>
#            </Gamma>
#        </prior>
#        <distribution id="Elaeocarpus.prior" monophyletic="true" spec="beast.base.evolution.tree.MRCAPrior" tree="@Tree.t:ITS">
#            <taxonset id="Elaeocarpus" spec="beast.base.evolution.alignment.TaxonSet">
#                <taxon id="Elaeocarpus_decipiens_MZ334669" spec="beast.base.evolution.alignment.Taxon"/>
#                <taxon id="Aceratium_ferrugineum_Harrington296" spec="beast.base.evolution.alignment.Taxon"/>
#                <taxon id="Sericolea_micans_Crayn536" spec="beast.base.evolution.alignment.Taxon"/>
#            </taxonset>
#            <LogNormal id="LogNormalDistributionModel.22" meanInRealSpace="true" name="distr">
#                <parameter estimate="false" id="RealParameter.271" name="M" spec="beast.base.inference.parameter.RealParameter">33.0</parameter>
#                <parameter estimate="false" id="RealParameter.272" lower="0.0" name="S" spec="beast.base.inference.parameter.RealParameter" upper="5.0">1.25</parameter>
#            </LogNormal>
#        </distribution>
#    </distribution>
#    <distribution id="likelihood" spec="beast.base.inference.CompoundDistribution" useThreads="true">
#        <distribution data="@ITS" id="treeLikelihood.ITS" spec="beast.base.evolution.likelihood.ThreadedTreeLikelihood" tree="@Tree.t:ITS">
#            <siteModel id="SiteModel.s:ITS" spec="beast.base.evolution.sitemodel.SiteModel">
#                <parameter estimate="false" id="mutationRate.s:ITS" lower="0.0" name="mutationRate" spec="beast.base.inference.parameter.RealParameter">1.0</parameter>
#                <parameter estimate="false" id="gammaShape.s:ITS" lower="0.1" name="shape" spec="beast.base.inference.parameter.RealParameter">1.0</parameter>
#                <parameter estimate="false" id="proportionInvariant.s:ITS" lower="0.0" name="proportionInvariant" spec="beast.base.inference.parameter.RealParameter" upper="1.0">0.0</parameter>
#                <substModel id="gtr.s:ITS" rateAC="@rateAC.s:ITS" rateAT="@rateAC.s:ITS" rateCG="@rateAC.s:ITS" rateGT="@rateAC.s:ITS" spec="beast.base.evolution.substitutionmodel.GTR">
#                    <parameter estimate="false" id="rateAG.s:ITS" lower="0.0" name="rateAG" spec="beast.base.inference.parameter.RealParameter">1.0</parameter>
#                    <parameter estimate="false" id="rateCT.s:ITS" lower="0.0" name="rateCT" spec="beast.base.inference.parameter.RealParameter">1.0</parameter>
#                    <frequencies frequencies="@freqParameter.s:ITS" id="estimatedFreqs.s:ITS" spec="beast.base.evolution.substitutionmodel.Frequencies"/>
#                </substModel>
#            </siteModel>
#            <branchRateModel clock.rate="@ucldMean.c:ITS" id="RelaxedClock.c:ITS" spec="beast.base.evolution.branchratemodel.UCRelaxedClockModel" tree="@Tree.t:ITS">
#                <LogNormal S="@ucldStdev.c:ITS" id="LogNormalDistributionModel.c:ITS" meanInRealSpace="true" name="distr">
#                    <parameter estimate="false" id="RealParameter.40" lower="0.0" name="M" spec="beast.base.inference.parameter.RealParameter" upper="1.0">1.0</parameter>
#                </LogNormal>
#                <rateCategories dimension="840" id="rateCategories.c:ITS" spec="beast.base.inference.parameter.IntegerParameter">1</rateCategories>
#            </branchRateModel>
#        </distribution>
#        <distribution branchRateModel="@RelaxedClock.c:ITS" id="treeLikelihood.ncpGS" spec="beast.base.evolution.likelihood.ThreadedTreeLikelihood" tree="@Tree.t:ITS">
#            <data data="@complete_8_loci_421_spp" filter="818-1466" id="ncpGS" spec="beast.base.evolution.alignment.FilteredAlignment"/>
#            <siteModel id="SiteModel.s:ncpGS" spec="beast.base.evolution.sitemodel.SiteModel">
#                <parameter estimate="false" id="mutationRate.s:ncpGS" lower="0.0" name="mutationRate" spec="beast.base.inference.parameter.RealParameter">1.0</parameter>
#                <parameter estimate="false" id="gammaShape.s:ncpGS" lower="0.1" name="shape" spec="beast.base.inference.parameter.RealParameter">1.0</parameter>
#                <parameter estimate="false" id="proportionInvariant.s:ncpGS" lower="0.0" name="proportionInvariant" spec="beast.base.inference.parameter.RealParameter" upper="1.0">0.0</parameter>
#                <substModel id="hky.s:ncpGS" kappa="@kappa.s:ncpGS" spec="beast.base.evolution.substitutionmodel.HKY">
#                    <frequencies frequencies="@freqParameter.s:ncpGS" id="estimatedFreqs.s:ncpGS" spec="beast.base.evolution.substitutionmodel.Frequencies"/>
#                </substModel>
#            </siteModel>
#        </distribution>
#        <distribution id="treeLikelihood.psbA_trnH" spec="beast.base.evolution.likelihood.ThreadedTreeLikelihood" tree="@Tree.t:ITS">
#            <data data="@complete_8_loci_421_spp" filter="1467-2035" id="psbA_trnH" spec="beast.base.evolution.alignment.FilteredAlignment"/>
#            <siteModel gammaCategoryCount="4" id="SiteModel.s:psbA_trnH" proportionInvariant="@proportionInvariant.s:psbA_trnH" shape="@gammaShape.s:psbA_trnH" spec="beast.base.evolution.sitemodel.SiteModel">
#                <parameter estimate="false" id="mutationRate.s:psbA_trnH" lower="0.0" name="mutationRate" spec="beast.base.inference.parameter.RealParameter">1.0</parameter>
#                <substModel id="gtr.s:psbA_trnH" rateAC="@rateAC.s:psbA_trnH" rateAT="@rateAT.s:psbA_trnH" rateCG="@rateAT.s:psbA_trnH" rateGT="@rateAC.s:psbA_trnH" spec="beast.base.evolution.substitutionmodel.GTR">
#                    <parameter estimate="false" id="rateAG.s:psbA_trnH" lower="0.0" name="rateAG" spec="beast.base.inference.parameter.RealParameter">1.0</parameter>
#                    <parameter estimate="false" id="rateCT.s:psbA_trnH" lower="0.0" name="rateCT" spec="beast.base.inference.parameter.RealParameter">1.0</parameter>
#                    <frequencies frequencies="@freqParameter.s:psbA_trnH" id="estimatedFreqs.s:psbA_trnH" spec="beast.base.evolution.substitutionmodel.Frequencies"/>
#                </substModel>
#            </siteModel>
#            <branchRateModel clock.rate="@ucldMean.c:psbA_trnH" id="RelaxedClock.c:psbA_trnH" spec="beast.base.evolution.branchratemodel.UCRelaxedClockModel" tree="@Tree.t:ITS">
#                <LogNormal S="@ucldStdev.c:psbA_trnH" id="LogNormalDistributionModel.c:psbA_trnH" meanInRealSpace="true" name="distr">
#                    <parameter estimate="false" id="RealParameter.55" lower="0.0" name="M" spec="beast.base.inference.parameter.RealParameter" upper="1.0">1.0</parameter>
#                </LogNormal>
#                <rateCategories dimension="840" id="rateCategories.c:psbA_trnH" spec="beast.base.inference.parameter.IntegerParameter">1</rateCategories>
#            </branchRateModel>
#        </distribution>
#        <distribution branchRateModel="@RelaxedClock.c:psbA_trnH" id="treeLikelihood.psbJ_petA" siteModel="@SiteModel.s:psbA_trnH" spec="beast.base.evolution.likelihood.ThreadedTreeLikelihood" tree="@Tree.t:ITS">
#            <data data="@complete_8_loci_421_spp" filter="2036-2819" id="psbJ_petA" spec="beast.base.evolution.alignment.FilteredAlignment"/>
#        </distribution>
#        <distribution branchRateModel="@RelaxedClock.c:psbA_trnH" id="treeLikelihood.rbcL" spec="beast.base.evolution.likelihood.ThreadedTreeLikelihood" tree="@Tree.t:ITS">
#            <data data="@complete_8_loci_421_spp" filter="2820-4221" id="rbcL" spec="beast.base.evolution.alignment.FilteredAlignment"/>
#            <siteModel gammaCategoryCount="4" id="SiteModel.s:rbcL" proportionInvariant="@proportionInvariant.s:rbcL" shape="@gammaShape.s:rbcL" spec="beast.base.evolution.sitemodel.SiteModel">
#                <parameter estimate="false" id="mutationRate.s:rbcL" lower="0.0" name="mutationRate" spec="beast.base.inference.parameter.RealParameter">1.0</parameter>
#                <substModel id="gtr.s:rbcL" rateAC="@rateAC.s:rbcL" rateAG="@rateAG.s:rbcL" rateAT="@rateAC.s:rbcL" rateCG="@rateAC.s:rbcL" rateGT="@rateAC.s:rbcL" spec="beast.base.evolution.substitutionmodel.GTR">
#                    <parameter estimate="false" id="rateCT.s:rbcL" lower="0.0" name="rateCT" spec="beast.base.inference.parameter.RealParameter">1.0</parameter>
#                    <frequencies frequencies="@freqParameter.s:rbcL" id="estimatedFreqs.s:rbcL" spec="beast.base.evolution.substitutionmodel.Frequencies"/>
#                </substModel>
#            </siteModel>
#        </distribution>
#        <distribution branchRateModel="@RelaxedClock.c:psbA_trnH" id="treeLikelihood.trnL_trnF" siteModel="@SiteModel.s:psbA_trnH" spec="beast.base.evolution.likelihood.ThreadedTreeLikelihood" tree="@Tree.t:ITS">
#            <data data="@complete_8_loci_421_spp" filter="4222-5167" id="trnL_trnF" spec="beast.base.evolution.alignment.FilteredAlignment"/>
#        </distribution>
#        <distribution branchRateModel="@RelaxedClock.c:psbA_trnH" id="treeLikelihood.trnS_trnG" siteModel="@SiteModel.s:psbA_trnH" spec="beast.base.evolution.likelihood.ThreadedTreeLikelihood" tree="@Tree.t:ITS">
#            <data data="@complete_8_loci_421_spp" filter="5168-5906" id="trnS_trnG" spec="beast.base.evolution.alignment.FilteredAlignment"/>
#        </distribution>
#        <distribution branchRateModel="@RelaxedClock.c:psbA_trnH" id="treeLikelihood.trnT_trnL" siteModel="@SiteModel.s:psbA_trnH" spec="beast.base.evolution.likelihood.ThreadedTreeLikelihood" tree="@Tree.t:ITS">
#            <data data="@complete_8_loci_421_spp" filter="5907-6753" id="trnT_trnL" spec="beast.base.evolution.alignment.FilteredAlignment"/>
#        </distribution>
#    </distribution>
#</input>
#
Sample	posterior	likelihood	prior	treeLikelihood.ITS	treeLikelihood.ncpGS	treeLikelihood.psbA_trnH	treeLikelihood.psbJ_petA	treeLikelihood.rbcL	treeLikelihood.trnL_trnF	treeLikelihood.trnS_trnG	treeLikelihood.trnT_trnL	Tree.height	Tree.treeLength	ucldStdev.ITS	ucldStdev.psbA_trnH	rate.ITS.mean	rate.ITS.variance	rate.ITS.coefficientOfVariation	rate.psbA_trnH.mean	rate.psbA_trnH.variance	rate.psbA_trnH.coefficientOfVariation	ucldMean.ITS	ucldMean.psbA_trnH	kappa.ncpGS	freqParameter.ITS.1	freqParameter.ITS.2	freqParameter.ITS.3	freqParameter.ITS.4	freqParameter.ncpGS.1	freqParameter.ncpGS.2	freqParameter.ncpGS.3	freqParameter.ncpGS.4	freqParameter.psbA_trnH.1	freqParameter.psbA_trnH.2	freqParameter.psbA_trnH.3	freqParameter.psbA_trnH.4	freqParameter.rbcL.1	freqParameter.rbcL.2	freqParameter.rbcL.3	freqParameter.rbcL.4	rateAC.ITS	rateAC.psbA_trnH	rateAC.rbcL	rateAT.psbA_trnH	gammaShape.psbA_trnH	gammaShape.rbcL	rateAG.rbcL	proportionInvariant.psbA_trnH	proportionInvariant.rbcL	BirthDeath	BDBirthRate	BDDeathRate	logP(mrca(Elaeocarpus))	mrca.age(Elaeocarpus)
0	-310919.1294728848	-310622.20951776335	-296.91995512148	-186113.1149668502	-7051.183206340441	-6327.62346753308	-19925.121864509045	-7084.842656681555	-44834.960586891684	-22298.61202805067	-16986.750740906675	1.4626335305736107	273.23769336665924	0.1	0.1	0.9986960646548729	0.010405117571860693	0.10191913830253457	1.002679662131071	0.010503959307596076	0.10260541533814051	1.0	1.0	2.0	0.25	0.25	0.25	0.25	0.25	0.25	0.25	0.25	0.25	0.25	0.25	0.25	0.25	0.25	0.25	0.25	1.0	1.0	1.0	1.0	1.0	1.0	1.0	0.1	0.1	-275.6893208848678	1.0	0.5	-3.2672891105184	1.4619591242832901
1000	-216582.57104123913	-217037.0609188753	454.48987763616924	-118361.8447004495	-2243.2296058273305	-5670.675179206408	-17486.064169899866	-5562.129558932137	-34650.12943510535	-18132.19968443655	-14930.788585018176	0.46760042298273274	44.88159173705109	0.08526086600842432	0.03210730485137869	0.8836441539950407	0.005884964903741862	0.08651003272331448	0.7211100429212519	5.793074891340254E-4	0.03338743531893988	0.8872677905989587	0.7214976099128121	2.0	0.243674195574192	0.25	0.25	0.256325804425808	0.25	0.25	0.25	0.25	0.25	0.25	0.25	0.25	0.25	0.25	0.25	0.25	1.0	1.0	1.0	1.0	1.0	1.0	1.4833224751742387	0.1	0.1	476.82908689176605	5.678544192127332	0.03319578422771976	-5.233530532608114	0.23603406851579073
2000	-212616.58215527076	-213053.9697382621	437.38758299132365	-115753.62771571588	-2300.6259401106163	-5664.24556199691	-17259.273930080988	-5438.987000489325	-34141.797184577656	-17745.980805721312	-14749.431599569418	0.5639042058764423	51.27238252895022	0.18541039799999692	0.09872390794739176	0.7858352565823231	0.022508056131522458	0.18888234624453581	0.5699892144522705	0.0034220416138262544	0.10246457147037483	0.7932593317832441	0.5732611958708251	2.0	0.243674195574192	0.25	0.25	0.256325804425808	0.25	0.25	0.25	0.25	0.25	0.25	0.25	0.25	0.25	0.25	0.25	0.25	1.0	1.0	1.0	1.0	1.0	1.0	1.4833224751742387	0.1	0.1	460.46350568213495	7.409306827342915	0.020938365265094183	-4.999750038222739	0.27278645946519803
3000	-209622.87526225075	-210073.1017414011	450.226479150352	-113801.95840853799	-2325.023661135843	-5640.632527316328	-17194.534393049984	-5402.518463422847	-33640.44394564616	-17600.656373798683	-14467.333968493273	0.558091962327813	49.21415458995662	0.24229119242252004	0.16318309440035414	0.7768598545539032	0.037949492742293096	0.24503061004860444	0.5570114023354109	0.008960761363756875	0.1686140938104195	0.7932593317832441	0.5656896021179378	2.0	0.243674195574192	0.25	0.25	0.256325804425808	0.25	0.25	0.25	0.25	0.25	0.25	0.25	0.25	0.25	0.25	0.25	0.25	1.0	1.0	1.0	1.0	1.0	1.0	2.0037803573996533	0.1	0.1	474.43322725154025	7.409306827342915	0.051204439804855305	-5.159790006205977	0.24683899396757597
4000	-207201.88045467014	-207613.42191565357	411.54146098343443	-112200.46612030147	-2330.346808733297	-5602.981407024208	-16988.904922558868	-5366.256395198522	-33346.16165404623	-17459.755617152976	-14318.548990637975	1.0252289381571826	54.53006750237928	0.29435749832857677	0.23452832623372677	0.7524928061660955	0.054370078838372804	0.30209198330437254	0.5387248452511059	0.017773806509276232	0.24179481785252888	0.7731240388707326	0.5584586860271822	2.0	0.243674195574192	0.25	0.25	0.256325804425808	0.25	0.25	0.25	0.25	0.25	0.25	0.25	0.25	0.25	0.25	0.25	0.25	1.0	1.0	1.0	1.0	1.0	1.0	2.0037803573996533	0.1	0.1	436.2635589575724	7.409306827342915	0.013900212941168381	-5.133844169586421	0.25080435166399834
5000	-203981.90218417437	-204389.06767127817	407.16548710379357	-110163.97117212365	-2345.5638950435496	-5607.689578925499	-16708.62719032781	-5305.422519148155	-32792.7095682242	-17352.520776071357	-14112.562971413956	0.9570222722886936	55.0409828137012	0.37863961652858485	0.3202062930003963	0.7355581995897927	0.09402070904437615	0.3963831147944969	0.5113579584333571	0.03126235576937889	0.3324722525165476	0.7751649088445481	0.5390526615729186	2.0	0.243674195574192	0.25	0.25	0.256325804425808	0.25	0.25	0.25	0.25	0.25	0.25	0.25	0.25	0.25	0.25	0.25	0.25	1.0	1.0	1.0	1.0	1.0	1.0	2.0037803573996533	0.1	0.1	432.5871441068267	7.409306827342915	0.01158691330474511	-5.161654845398268	0.24655735838468726
6000	-202614.72928126826	-203016.2047160298	401.4754347615499	-109599.80557501418	-2283.0281876013273	-5570.332208452411	-16485.938606495696	-5312.07733417697	-32532.83640763461	-17280.837244332663	-13951.349152321958	1.001089602014696	55.85235740591944	0.39366394960456325	0.34918676031270746	0.71192482888152	0.09757281365147807	0.4109392428020262	0.5070060335068852	0.03768281193792955	0.364901430343318	0.764793931235697	0.5390526615729186	2.0	0.243674195574192	0.25	0.25	0.256325804425808	0.25	0.25	0.25	0.25	0.25	0.25	0.25	0.25	0.25	0.25	0.25	0.25	1.0	1.0	1.0	1.0	1.0	1.0	2.0037803573996533	0.18334225304335305	0.1	426.99845537975733	7.409306827342915	0.005019946199019006	-5.103425708676553	0.2555673013648936
7000	-201229.86975286933	-201628.8413211026	398.97156823327066	-108843.26162047427	-2192.8593470292835	-5552.442212295309	-16482.59156104348	-5249.598195458489	-32277.098121500974	-17116.47154453865	-13914.518718762123	0.9389416109273895	55.87106358502434	0.4645357774381723	0.38128277611128725	0.7086543580807788	0.13756708139656063	0.49347258343039574	0.4822026357966568	0.04355734627044629	0.4040215214041897	0.7582293618439778	0.5203419303214022	2.0	0.243674195574192	0.25	0.25	0.256325804425808	0.25	0.25	0.25	0.25	0.25	0.25	0.25	0.25	0.25	0.25	0.25	0.25	1.0	1.0	1.0	1.0	1.0	1.0	2.0037803573996533	0.18334225304335305	0.1	424.89189070514755	7.409306827342915	0.0341759856774078	-5.158168496526185	0.24708424501531978
8000	-199483.79897916724	-199887.01097821462	403.2119990473715	-107433.66197993688	-2186.9819372614593	-5544.128523770487	-16446.40353689756	-5232.526744348841	-32207.679375924094	-17032.125003084755	-13803.503876990557	0.9737229599781063	55.569208082116035	0.4579285923925803	0.42127088534019363	0.7453805632259168	0.14971307625307348	0.48541748663627465	0.4703882493601245	0.052450041476071255	0.45149568599710166	0.8004613798189478	0.5102494672062623	2.125205225553541	0.243674195574192	0.25	0.25	0.256325804425808	0.25	0.25	0.25	0.25	0.25	0.2551730046350629	0.24482699536493707	0.25	0.25	0.25	0.25	0.25	1.0	1.0	1.0	1.0	1.0	1.0	2.0037803573996533	0.18334225304335305	0.1	429.402012699806	7.409306827342915	3.4217003577892234E-4	-5.215277442526938	0.2386465341283042
9000	-197992.98767738199	-198387.94692557227	394.95924819027664	-106329.14942148414	-2127.4956993046894	-5547.684059854092	-16332.432733411206	-5231.091032990137	-32054.458043918596	-16998.03416808337	-13767.601766526048	0.9770705802437163	56.50199481220756	0.5582827673300738	0.4694507723298525	0.7113604999313075	0.2140123611807444	0.590657907570004	0.4746140836413628	0.06977784513141452	0.511244805750608	0.7964656245601847	0.521741591686073	2.125205225553541	0.243674195574192	0.25	0.25	0.256325804425808	0.25	0.25	0.25	0.25	0.25	0.2551730046350629	0.24482699536493707	0.25	0.25	0.25	0.25	0.25	1.0	1.0	1.0	1.0	1.0	1.0	2.0037803573996533	0.18334225304335305	0.1	421.6622136185705	7.409306827342915	0.014240729112473703	-5.181039302024712	0.24365613407279604
10000	-196137.61627953209	-196494.75387728415	357.1375977520574	-104816.37026914518	-2110.152033989708	-5528.535547449587	-16229.655182390981	-5291.931140125841	-31917.551140828215	-16908.741216820054	-13691.817346534615	0.9159502231422396	61.6638058119944	0.6440205637497588	0.482490399715101	0.7044364104555101	0.3043674563511492	0.6989688740855271	0.49077488643911393	0.07700645276246873	0.5279792473938831	0.8075672253308951	0.5285043962892904	2.125205225553541	0.243674195574192	0.25	0.25	0.256325804425808	0.2530889319361319	0.25	0.2469110680638681	0.25	0.25	0.2551730046350629	0.24482699536493707	0.25	0.25	0.25	0.25	0.25	1.0	1.0	1.0	1.0	1.0	1.0	2.0037803573996533	0.18334225304335305	0.1	384.13832088632824	7.409306827342915	0.001494013441938338	-5.114670243543455	0.2537920281589028
11000	-195262.69408327804	-195679.82123432116	417.1271510431285	-104323.12647129434	-2046.704551977175	-5543.48894335526	-16204.449775521482	-5236.302426022402	-31796.162090487982	-16886.14194850696	-13643.44502715558	0.7587885923428221	53.47303814099333	0.6440205637497588	0.5097563552720399	0.749249878170391	0.34254799686628956	0.7020143809674341	0.5097980708400531	0.09911371557122513	0.570691472986533	0.8577658364678007	0.5472684183641401	2.1413923197464295	0.243674195574192	0.25	0.25	0.256325804425808	0.2530889319361319	0.25	0.2469110680638681	0.25	0.25588296975788805	0.2551730046350629	0.24482699536493707	0.24411703024211195	0.25	0.25	0.25	0.25	1.0	1.0	1.0	1.0	1.0	1.0	2.0037803573996533	0.18334225304335305	0.1	444.5944250648091	8.277939987033536	0.005978910853127593	-5.381513027460513	0.2162429506333688
12000	-194078.68405551597	-194511.22841362338	432.5443581074107	-103631.90725824411	-2041.1190506802025	-5553.70608246728	-15950.844094077422	-5215.908141792321	-31677.692680362285	-16865.17096301931	-13574.880142980419	0.7328230502074691	51.137156226029276	0.6792622078018334	0.5487194875005074	0.7736199256305621	0.4192776637220876	0.745824769042715	0.5064151656096569	0.1169219634377031	0.6128065087589151	0.8966413294280251	0.5472684183641401	2.1413923197464295	0.243674195574192	0.25	0.25	0.256325804425808	0.2530889319361319	0.25	0.2469110680638681	0.25	0.25588296975788805	0.2551730046350629	0.24482699536493707	0.24411703024211195	0.25	0.25	0.25	0.25	1.0	1.0	1.0	1.0	1.0	1.0	2.0037803573996533	0.18334225304335305	0.1	460.35854724664557	8.277939987033536	0.05657499579939657	-5.431414596228476	0.21008430103562015
13000	-192301.73776299864	-192737.56780814365	435.830045145	-102463.38405167966	-2019.3068458543194	-5547.857854909019	-15592.866760429231	-5220.786676942629	-31541.8562075465	-16901.513199715257	-13449.99621106703	0.6998309908438962	51.10132696343776	0.6845132102204744	0.5487194875005074	0.7612501172682737	0.4201923875215939	0.755261128344838	0.5007181908592699	0.11527229844114231	0.6110318601881354	0.8843169824483071	0.5471659722724971	2.1413923197464295	0.243674195574192	0.25	0.25	0.256325804425808	0.2530889319361319	0.25	0.2469110680638681	0.25	0.25588296975788805	0.2551730046350629	0.24482699536493707	0.24411703024211195	0.25	0.25	0.25	0.25	1.0	1.0	1.0	1.0	1.0	1.0	2.0037803573996533	0.18334225304335305	0.1	463.6539336687128	8.277939987033536	0.015386625347921916	-5.437830444551658	0.2093099814343371
14000	-190115.49079602072	-190568.2518372499	452.76104122918366	-101727.08878092867	-2008.5588840631747	-5462.834898071043	-15175.74661112814	-5166.45084300689	-31055.42166283673	-16854.502348711627	-13117.647808503614	0.667693120969483	48.99831976493224	0.6845132102204744	0.5970216707500842	0.7827917786057844	0.46873869093507153	0.7616098442003651	0.5018249479569786	0.1407538625894612	0.6682336925540902	0.9127443163634719	0.5513060643144356	2.1413923197464295	0.243674195574192	0.25	0.25	0.256325804425808	0.2530889319361319	0.25	0.2469110680638681	0.25	0.2780846299865514	0.15713614658069283	0.2523531471807857	0.31242607625197	0.25	0.25	0.24592066082624217	0.2540793391737578	1.0	0.7449680495436718	0.7428910012124327	0.7606607052961494	0.8032041594971953	1.0	2.0037803573996533	0.19369894474129493	0.1	480.1389906893505	8.277939987033536	0.0345284146068784	-5.506653794984983	0.201243782095697
15000	-186703.08801603634	-187138.52879383758	435.4407778012447	-98705.51963289936	-2029.253740461933	-5448.835108819415	-15115.1859743245	-5077.729629580894	-30824.735898182244	-16805.069123003777	-13132.199686565458	0.670008264582738	51.33742243601607	0.693565661423982	0.6096537325678504	0.7643731934931423	0.4806886525999978	0.7744176864037853	0.48886597285997085	0.14331074088280343	0.682119718613245	0.9098837400985756	0.5513060643144356	2.1413923197464295	0.243674195574192	0.25	0.25	0.256325804425808	0.2530889319361319	0.25	0.2469110680638681	0.25	0.2780846299865514	0.15713614658069283	0.2523531471807857	0.31242607625197	0.25	0.25	0.24592066082624217	0.2540793391737578	0.5636545213514567	0.7449680495436718	0.7428910012124327	0.7606607052961494	0.8032041594971953	1.0	2.0037803573996533	0.19369894474129493	0.18132909724968246	462.21366936159944	8.277939987033536	0.00827167918573184	-5.420545637634779	0.21140503273447653
16000	-185211.00809738002	-185647.8380303544	436.82993297438844	-97436.11755503848	-1932.721066132826	-5451.121218162812	-15064.210954479699	-5071.5879273408045	-30695.07929987961	-16872.80710483921	-13124.19290448097	0.6721054864878961	50.61015792198652	0.693565661423982	0.6096537325678504	0.7313422292470938	0.44593409584906807	0.774766307008842	0.49131771197205304	0.1465512987260871	0.6811475250541237	0.8711184224678252	0.5598518263194013	2.1413923197464295	0.243674195574192	0.25	0.25	0.256325804425808	0.2530889319361319	0.25	0.2469110680638681	0.25	0.2780846299865514	0.15713614658069283	0.2523531471807857	0.31242607625197	0.25	0.25	0.24592066082624217	0.2540793391737578	0.5636545213514567	0.7449680495436718	0.7428910012124327	0.7606607052961494	0.8032041594971953	1.0	2.0037803573996533	0.19369894474129493	0.18132909724968246	463.5999558796349	8.277939987033536	0.07747612055852506	-5.44585448612031	0.2083470559152891
17000	-184471.80391984168	-184934.6451556124	462.8412357707326	-96839.36136211417	-1916.6472216101322	-5450.129303946544	-14996.752059811184	-5081.3484195881565	-30665.3868193346	-16890.236427142594	-13094.783542065012	0.6212751916499146	47.90872197060787	0.7348751798094441	0.6096537325678504	0.749828670548341	0.558022157147334	0.8339335942205506	0.5133483960718116	0.1576166428520838	0.6758432421433693	0.9143202523066601	0.5846941597882094	2.1413923197464295	0.243674195574192	0.25	0.25	0.256325804425808	0.2530889319361319	0.25	0.2469110680638681	0.25	0.2780846299865514	0.15713614658069283	0.2523531471807857	0.31242607625197	0.25	0.25	0.24592066082624217	0.2540793391737578	0.5636545213514567	0.7449680495436718	0.7428910012124327	0.7606607052961494	0.8032041594971953	1.0	2.0037803573996533	0.19369894474129493	0.18132909724968246	489.87114012570936	8.277939987033536	0.028668226141836988	-5.479349229728234	0.20439225105566539
18000	-183676.11305293324	-184147.48933364954	471.37628071628626	-96235.14712344398	-1929.5917732685525	-5449.313749094108	-14966.944725013856	-5070.165516151912	-30569.612034590747	-16843.463074065865	-13083.251338020527	0.6138094692006636	47.01467476997462	0.7348751798094441	0.602156981990718	0.773507880104632	0.6358666568869265	0.8496177661436454	0.5119796676395596	0.15584780643020996	0.6752757494302513	0.9535737591762519	0.5836208484630834	2.1413923197464295	0.243674195574192	0.25	0.25	0.256325804425808	0.2530889319361319	0.25	0.2469110680638681	0.25	0.2780846299865514	0.15713614658069283	0.2523531471807857	0.31242607625197	0.25	0.25	0.24592066082624217	0.2540793391737578	0.5636545213514567	0.7449680495436718	0.7428910012124327	0.7606607052961494	0.8032041594971953	1.0	2.0037803573996533	0.19369894474129493	0.18132909724968246	498.455139287014	8.277939987033536	0.001949529594368851	-5.51345176648139	0.20047020450087316
19000	-182168.56187188523	-182647.47426640318	478.9123945179464	-95720.86952233274	-1924.107299150789	-5464.006542944755	-14631.836061545417	-5062.37518642795	-30157.95254307411	-16782.918422983712	-12903.408687943702	0.6080990350634021	46.03554853808783	0.7719988749958198	0.6497539981240977	0.7961724436922687	0.775531363032404	0.9025351161027335	0.4768053406259718	0.1661380977969589	0.7417347878318691	0.9872195228188291	0.5494067271472752	2.1413923197464295	0.243674195574192	0.25	0.25	0.256325804425808	0.2530889319361319	0.25	0.2469110680638681	0.25	0.2780846299865514	0.15713614658069283	0.2523531471807857	0.31242607625197	0.25	0.25	0.24592066082624217	0.2540793391737578	0.5636545213514567	0.7449680495436718	0.7428910012124327	0.5888031153169486	0.8032041594971953	1.0	2.0037803573996533	0.3118111411937296	0.18132909724968246	506.01086541583555	8.277939987033536	0.018987563840321936	-5.539470907789884	0.19754647635697672
20000	-180942.64034073806	-181455.00680095062	512.3664602125523	-94843.92374425317	-1927.504248944824	-5479.693083341772	-14554.509214827456	-5036.326124570337	-30045.468162964382	-16793.174981318192	-12774.407240730507	0.5579861525545725	42.541245799910875	0.7719988749958198	0.6235684258652409	0.8910011596401294	0.9530739173407655	0.8991291428595033	0.47151980335268145	0.14831756452110018	0.7054951056828243	1.1064045695539741	0.5494067271472752	2.1413923197464295	0.243674195574192	0.25	0.25	0.256325804425808	0.2530889319361319	0.25	0.2469110680638681	0.25	0.2780846299865514	0.15713614658069283	0.2523531471807857	0.31242607625197	0.25	0.25	0.24592066082624217	0.2540793391737578	0.5636545213514567	0.7449680495436718	0.7428910012124327	0.5888031153169486	0.8032041594971953	1.0	2.0037803573996533	0.3118111411937296	0.18132909724968246	539.6103685785364	9.79259860308566	0.03781939380708567	-5.658383099219465	0.18489662817371733
21000	-180023.8466960145	-180534.6071103281	510.76041431359795	-94198.49849180321	-1916.0419697396862	-5457.20356704783	-14479.959971135246	-5027.597718332179	-29936.363796520956	-16755.054362529056	-12763.887233219915	0.527607009464482	42.84415691371734	0.7719988749958198	0.6235684258652409	0.8676355595996159	0.8886795564798476	0.9049582413253523	0.49856483126418066	0.14773681653754067	0.7001043437528418	1.0722937620198327	0.5529857999126974	2.1413923197464295	0.243674195574192	0.25	0.25	0.256325804425808	0.2530889319361319	0.25	0.2469110680638681	0.25	0.2780846299865514	0.15713614658069283	0.2523531471807857	0.31242607625197	0.25	0.25	0.24592066082624217	0.2540793391737578	0.5636545213514567	0.7449680495436718	0.7428910012124327	0.5888031153169486	0.8032041594971953	1.0	2.0037803573996533	0.3118111411937296	0.18132909724968246	537.9762560977263	9.79259860308566	0.013216675366590049	-5.6551958818448655	0.18522115291709798
22000	-178914.64007760648	-179400.46409684053	485.82401923405814	-93421.57752153477	-1849.4024788925026	-5418.331272315917	-14408.438595234644	-5042.323836724226	-29796.45837747218	-16729.99844823326	-12733.933566433021	0.5633346365813606	45.437137754443825	0.8424673022567184	0.6608938059994475	0.8204427849710115	1.0601350765383737	1.017746636258154	0.46228143865626986	0.17031443260851614	0.7611463918087258	1.0595074581036206	0.5474687751652557	2.1413923197464295	0.243674195574192	0.25	0.25	0.256325804425808	0.2530889319361319	0.25	0.2469110680638681	0.25	0.2780846299865514	0.15713614658069283	0.2523531471807857	0.31242607625197	0.25	0.25	0.24592066082624217	0.2540793391737578	0.5636545213514567	0.7449680495436718	0.7428910012124327	0.5888031153169486	0.8032041594971953	1.0	2.0037803573996533	0.3118111411937296	0.18132909724968246	513.2231358504997	9.79259860308566	0.0016127842276466517	-5.51121775166727	0.20072397735107855
23000	-177659.02070265668	-178177.01768521685	517.9969825601596	-92653.37133440055	-1835.8625084783985	-5412.730706590463	-14264.769262543268	-5004.376288446112	-29668.621364000424	-16652.384332588666	-12684.901888168975	0.5318134974901829	42.11218505816809	0.8424673022567184	0.70373227428433	0.8668254006179219	1.3134673922998847	1.045494336847321	0.4459226917268486	0.19375805796011208	0.8193469111106174	1.1295256709143893	0.5487836550617607	2.1413923197464295	0.243674195574192	0.25	0.24446466851541887	0.2618611359103891	0.2530889319361319	0.25	0.2469110680638681	0.25	0.2780846299865514	0.15713614658069283	0.2523531471807857	0.31242607625197	0.25	0.25	0.24592066082624217	0.2540793391737578	0.5636545213514567	0.7449680495436718	0.7428910012124327	0.5888031153169486	0.8032041594971953	1.0	2.0037803573996533	0.3118111411937296	0.18132909724968246	545.7225515134519	9.79259860308566	0.003580651042801018	-5.627065623631625	0.18811909226400875
24000	-176262.7675669425	-176769.6354824331	506.8679154906231	-91769.25541297875	-1856.1765892611675	-5387.4598192700905	-14019.97087135763	-4987.077069496775	-29496.557791459396	-16593.046283587842	-12660.091645021446	0.5212167576635622	43.15112939553719	0.8424673022567184	0.7137163968209805	0.8845286059315665	1.3498967565212188	1.0500035890399975	0.42812296512381254	0.20185284240952822	0.8421796569675014	1.1295256709143893	0.5405170186661645	2.1413923197464295	0.243674195574192	0.25	0.24446466851541887	0.2618611359103891	0.2530889319361319	0.25	0.2469110680638681	0.25	0.2780846299865514	0.15713614658069283	0.2523531471807857	0.31242607625197	0.25	0.25	0.24592066082624217	0.2540793391737578	0.5636545213514567	0.7449680495436718	0.7428910012124327	0.5888031153169486	0.8032041594971953	1.0	3.575670740768461	0.3118111411937296	0.18132909724968246	535.2213339750582	9.79259860308566	0.00882617055611524	-5.608639084652144	0.19005072737383807
25000	-173784.57381494285	-174281.57619840128	497.00238345841996	-90268.14698829732	-1822.0456778998714	-5385.57486455396	-13713.561897298689	-4983.430211912023	-29153.01075982245	-16568.90699402664	-12386.898804590306	0.538041469336551	44.15583819276599	0.9050775577818603	0.7228862629875745	0.8385527035317839	1.5050728455123943	1.1459148690533716	0.4204803556226625	0.2019090891050626	0.8488884757804543	1.0928017707764717	0.5405170186661645	2.1413923197464295	0.243674195574192	0.25	0.24446466851541887	0.2618611359103891	0.2530889319361319	0.25	0.2469110680638681	0.25	0.2715582913828619	0.1636624851843823	0.2523531471807857	0.31242607625197	0.25	0.25	0.24592066082624217	0.2540793391737578	0.5636545213514567	0.7449680495436718	0.7428910012124327	0.5888031153169486	0.8032041594971953	1.0	3.575670740768461	0.3118111411937296	0.18132909724968246	525.4067286219677	9.79259860308566	0.007977240180697483	-5.516653475153751	0.2001072679942717
26000	-172568.27526193348	-173089.3043322636	521.0290703301148	-89347.17964744226	-1821.8338440286943	-5381.437586820725	-13695.355300578643	-4939.649579794702	-28982.462705951166	-16539.679972420872	-12381.705695226534	0.506247253247483	41.682726277009735	0.9050775577818603	0.7614158322954372	0.8794488700950435	1.7814729804393319	1.146809281527332	0.4215040764852272	0.2359206593985248	0.9067096319921127	1.178367443786168	0.5469100441529461	2.1413923197464295	0.243674195574192	0.25	0.24446466851541887	0.2618611359103891	0.2530889319361319	0.25	0.2469110680638681	0.25	0.2715582913828619	0.1636624851843823	0.2523531471807857	0.31242607625197	0.25	0.25	0.24592066082624217	0.2540793391737578	0.5636545213514567	0.7449680495436718	0.7428910012124327	0.5888031153169486	0.8032041594971953	1.0	2.133070446785977	0.3118111411937296	0.18132909724968246	549.1775223399977	9.79259860308566	0.02114743675382012	-5.611662949656839	0.1897319012732572
27000	-170945.23843488508	-171463.4618530504	518.2234181653187	-88256.39596444329	-1794.694833723218	-5332.367904264321	-13587.966826827944	-4908.37907826658	-28792.736138357548	-16525.47286460223	-12265.448242565264	0.5428092466407709	41.681957688246484	0.9050775577818603	0.7598146019341261	0.8688750382522267	1.7090758165500466	1.1490690540995787	0.42867659902597827	0.23499631115714323	0.9069317720400308	1.1474512657117395	0.5476458759570064	2.1413923197464295	0.243674195574192	0.25	0.24446466851541887	0.2618611359103891	0.2530889319361319	0.25	0.2469110680638681	0.25	0.2715582913828619	0.1636624851843823	0.24565538266450954	0.3191238407682462	0.25	0.25	0.23816623323353892	0.2618337667664611	0.5636545213514567	0.7449680495436718	0.7428910012124327	0.5888031153169486	0.8032041594971953	1.0	2.133070446785977	0.3118111411937296	0.18132909724968246	546.3183181733458	9.79259860308566	0.07935277796558536	-5.565568728046069	0.19467187351208604
28000	-168880.65466581858	-169422.2044512924	541.5497854738201	-86997.15826951394	-1822.806564927025	-5304.139023295793	-13329.267666508784	-4876.185461693995	-28387.71238835468	-16493.96794013445	-12210.967136863745	0.5138729107663431	39.68197614689651	0.9050234818168096	0.7498801385860445	0.8994925494051161	1.7684792060215415	1.1445970204015576	0.43190465981264464	0.22817580060419437	0.8940230690663159	1.1796049143257046	0.5440891804680463	2.1413923197464295	0.243674195574192	0.25	0.24446466851541887	0.2618611359103891	0.2530889319361319	0.25196791922520684	0.24494314883866125	0.25	0.2715582913828619	0.1636624851843823	0.24565538266450954	0.3191238407682462	0.25	0.25	0.23816623323353892	0.2618337667664611	0.5636545213514567	0.7449680495436718	0.7428910012124327	0.31155687228039364	0.8032041594971953	1.0	2.133070446785977	0.3118111411937296	0.18132909724968246	569.0972384702771	9.79259860308566	0.021276149589951672	-5.661093407133334	0.1846212672310652
29000	-167591.41552473416	-168145.56733723177	554.1518124976095	-86431.74664064756	-1812.4161616362387	-5245.920373994124	-13236.148247986788	-4813.3668629918975	-28152.21939079217	-16377.840099297657	-12075.909559885324	0.4965015591399564	38.5489770145914	0.9073995151080484	0.7619124468094884	0.9015446751280505	1.7791376178759652	1.1338727418029562	0.398401699394492	0.20326820958306313	0.9051627808672245	1.208721291577965	0.5036162200377277	2.4789818261822236	0.243674195574192	0.25	0.24446466851541887	0.2618611359103891	0.2530889319361319	0.25196791922520684	0.24494314883866125	0.25	0.30966059551446184	0.17767947628415612	0.183491144169236	0.32916878403214617	0.25	0.25	0.23816623323353892	0.2618337667664611	0.5636545213514567	0.8902753820612075	0.5431721317308743	0.2736128932633451	0.7314336819683821	1.0	2.133070446785977	0.40550418396812404	0.18132909724968246	581.6711060896995	10.08007416007096	0.007171950370623836	-5.698945956356174	0.18083278211521767
30000	-166629.299131292	-167173.57347092978	544.2743396377849	-85749.33780275303	-1799.2676350268005	-5256.877824223152	-13206.82573554965	-4801.091472890002	-27995.838468845086	-16324.481978896512	-12039.852552745575	0.48457638000144787	39.42061922708607	0.9143170993756781	0.7729783540443225	0.8744714872613375	1.7179411040310415	1.1466944114304782	0.3898820441270489	0.20662312126334342	0.9237885014858659	1.1756075326888382	0.500469264116391	2.4789818261822236	0.243674195574192	0.25	0.24446466851541887	0.2618611359103891	0.2530889319361319	0.25196791922520684	0.24494314883866125	0.25	0.30966059551446184	0.17767947628415612	0.183491144169236	0.32916878403214617	0.25	0.25	0.23816623323353892	0.2618337667664611	0.5636545213514567	0.8902753820612075	0.5431721317308743	0.2736128932633451	0.7314336819683821	1.0	2.133070446785977	0.40550418396812404	0.18132909724968246	571.7841101250098	9.784656986491933	0.017439640912162782	-5.666266492887161	0.18409723062249916
31000	-165081.54089653539	-165656.6381681419	575.0972716065047	-84771.64629913318	-1818.0071487466978	-5246.239789121718	-13055.591340803749	-4776.965726403674	-27719.93784443561	-16288.514933556531	-11979.735085940734	0.4349143955939873	36.65798307534384	0.8996511172380227	0.7875641015331606	0.9187456246839911	1.7783830196536188	1.1159920218280723	0.40702705753632	0.23921695630470993	0.9522138136504457	1.2153411910607028	0.5227656899210188	2.4789818261822236	0.243674195574192	0.25	0.24446466851541887	0.2618611359103891	0.2530889319361319	0.25196791922520684	0.24494314883866125	0.25	0.30966059551446184	0.17767947628415612	0.1715478316913549	0.3411120965100273	0.25	0.25	0.23816623323353892	0.2618337667664611	0.5636545213514567	0.8902753820612075	0.5431721317308743	0.2736128932633451	0.7314336819683821	1.0	2.133070446785977	0.40550418396812404	0.18132909724968246	602.8973325126323	10.831533868467726	0.01946760844152022	-5.783934990995325	0.17270039429015155
32000	-164392.24939506585	-164965.17089933853	572.9215042726624	-84313.80370867842	-1824.1982498515904	-5227.173653269164	-12980.175168871152	-4790.058848770382	-27627.01000039239	-16274.87463708992	-11927.87663241551	0.44653935662706973	36.744261251480346	0.8872787752106377	0.7965011185838987	0.9091028858468895	1.6582260764310721	1.0915757104001642	0.40802194971813877	0.2398239108833048	0.9627706221150557	1.2096727938067182	0.5259014574749686	2.4789818261822236	0.243674195574192	0.25	0.24446466851541887	0.2618611359103891	0.2530889319361319	0.25196791922520684	0.24494314883866125	0.25	0.30966059551446184	0.17767947628415612	0.1715478316913549	0.3411120965100273	0.25	0.25	0.23816623323353892	0.2618337667664611	0.5636545213514567	0.8902753820612075	0.5431721317308743	0.2736128932633451	0.7314336819683821	1.0	2.133070446785977	0.40550418396812404	0.18132909724968246	600.6519987409802	10.79367999275898	0.05394623960025341	-5.723277224260728	0.17845280793246882
33000	-163685.68351436214	-164237.0378054353	551.35429107315	-83952.68882581957	-1808.2685094440933	-5178.550748441075	-12903.821566881901	-4829.505876833716	-27426.10688600512	-16226.558366095078	-11911.537025914755	0.4733185885016811	38.90686124381266	0.9191893599802303	0.824536924344886	0.8539647720423678	1.6164995079538547	1.131343559555512	0.410999168318223	0.2521365885010259	1.0069664189221825	1.1542889384801656	0.5224154730386499	2.4789818261822236	0.243674195574192	0.25	0.24446466851541887	0.2618611359103891	0.2530889319361319	0.25196791922520684	0.24494314883866125	0.25	0.30966059551446184	0.17767947628415612	0.1715478316913549	0.3411120965100273	0.25	0.25	0.23816623323353892	0.2618337667664611	0.5636545213514567	0.8902753820612075	0.5431721317308743	0.2736128932633451	0.7314336819683821	1.0	2.133070446785977	0.40550418396812404	0.18132909724968246	579.1229650989187	10.79367999275898	0.0020473899400184395	-5.625863470291717	0.18824429973254087
34000	-162721.81810463493	-163291.43436789658	569.6162632616592	-83272.67416119798	-1791.489218593002	-5182.553977541148	-12771.660487309206	-4821.102619785647	-27330.77346175988	-16210.364057370152	-11910.816384339594	0.43564699328414724	37.18294168367298	0.9191893599802303	0.8302733615342923	0.8858820306845442	1.6789536159417873	1.1264021091441039	0.4062515658917401	0.26267029624351956	1.0369646469218774	1.1918767824048317	0.5200544169560001	2.4789818261822236	0.24020161388674435	0.2534725816874477	0.24446466851541887	0.2618611359103891	0.2530889319361319	0.25196791922520684	0.24494314883866125	0.25	0.30966059551446184	0.17767947628415612	0.1715478316913549	0.3411120965100273	0.25	0.25	0.23816623323353892	0.2618337667664611	0.5636545213514567	0.8902753820612075	0.5431721317308743	0.2736128932633451	0.7314336819683821	1.0	2.133070446785977	0.40550418396812404	0.18132909724968246	597.5369300017263	11.88804337755332	0.0024731826956024584	-5.7303752618749435	0.1777664715683759
35000	-161655.6408415445	-162225.6555107554	570.0146692109204	-82404.50364169017	-1792.9214279769326	-5170.878114280064	-12667.7771537833	-4840.055108551631	-27233.6719805618	-16220.404592919589	-11895.443490991882	0.46075650561595627	37.005157290052594	0.9447644520505214	0.830983399043022	0.8911359428550122	1.9056826788040702	1.1783463163363672	0.40473711612993546	0.2626580923678651	1.033239378229829	1.2174802537539449	0.5257971468097464	2.4789818261822236	0.24020161388674435	0.2534725816874477	0.24446466851541887	0.2618611359103891	0.2530889319361319	0.25196791922520684	0.23837182709179333	0.2565713217468679	0.30966059551446184	0.17767947628415612	0.1715478316913549	0.3411120965100273	0.25	0.25	0.23816623323353892	0.2618337667664611	0.4089061285931085	0.8902753820612075	0.5431721317308743	0.2736128932633451	0.7314336819683821	1.0	2.133070446785977	0.40550418396812404	0.18132909724968246	597.7283102424619	12.436946408829856	0.009866329433084025	-5.725903543355674	0.1781984436349957
36000	-160673.37336203989	-161269.2965883112	595.9232262713326	-81681.31572181864	-1778.274901622421	-5204.329153949288	-12605.860032219638	-4783.689889517708	-27112.78424742136	-16179.868670238604	-11923.173971523542	0.4286849323303332	34.962826646304826	0.9491405503549376	0.8032141164581792	0.9354930233323137	2.1257419818491092	1.1847334230723099	0.41348734619632926	0.2282452911618565	0.9591120176488384	1.270847457932782	0.5267336341407999	2.4789818261822236	0.24020161388674435	0.2534725816874477	0.24446466851541887	0.2618611359103891	0.2530889319361319	0.25196791922520684	0.23837182709179333	0.2565713217468679	0.30966059551446184	0.17767947628415612	0.1715478316913549	0.3411120965100273	0.25	0.25	0.23816623323353892	0.2618337667664611	0.4089061285931085	0.8902753820612075	0.5431721317308743	0.2736128932633451	0.7314336819683821	1.0	2.133070446785977	0.40550418396812404	0.2224884324849529	623.7178828345021	11.544978735280635	0.0016349863553385417	-5.8369181474533915	0.16787792029640924
37000	-159902.34241869664	-160507.9519769452	605.6095582485572	-81169.56969505339	-1772.6541510902007	-5197.715308851437	-12573.61453526539	-4792.211791366128	-27001.81866708998	-16141.7264117691	-11858.64141645958	0.4235903489302835	34.13643798581391	0.9491405503549376	0.83118159475556	0.9513651883832217	2.050895972801739	1.1568479405930558	0.4393828614385185	0.28944862017291034	1.0050725166077332	1.2974201110775367	0.5700616506501865	2.4789818261822236	0.24020161388674435	0.2534725816874477	0.24446466851541887	0.2618611359103891	0.2530889319361319	0.25196791922520684	0.23837182709179333	0.2565713217468679	0.30966059551446184	0.17767947628415612	0.1715478316913549	0.3411120965100273	0.25	0.25	0.23816623323353892	0.2618337667664611	0.4089061285931085	0.8902753820612075	0.5431721317308743	0.2736128932633451	0.7314336819683821	1.0	2.133070446785977	0.40550418396812404	0.2224884324849529	633.6073707049387	12.65020225998524	0.007034662075704906	-5.851638577907314	0.16657020075601864
38000	-159071.91498314	-159691.29307452723	619.3780913872039	-80703.62827439583	-1766.306562621165	-5196.808016334877	-12519.777549310296	-4760.8853486789485	-26813.69493824683	-16083.621535042901	-11846.57084989637	0.39808931344068516	33.04733536889359	0.9814114451237447	0.8055760630426886	0.9530691633931935	2.3733324109217215	1.2107452903139366	0.4253288915664744	0.24867527601404738	0.967716129704469	1.3489250007608968	0.5531875284175437	2.4789818261822236	0.24020161388674435	0.2534725816874477	0.24446466851541887	0.2618611359103891	0.2530889319361319	0.25196791922520684	0.23837182709179333	0.2565713217468679	0.30966059551446184	0.17767947628415612	0.1715478316913549	0.3411120965100273	0.25	0.25	0.23816623323353892	0.2618337667664611	0.4089061285931085	0.8902753820612075	0.5431721317308743	0.2736128932633451	0.7314336819683821	1.0	2.133070446785977	0.40550418396812404	0.2224884324849529	647.458415994161	12.876935215225444	0.005424119389060173	-5.9065701258184795	0.16180891255737934
39000	-158703.23584464984	-159302.98363201102	599.7477873611829	-80472.5356570668	-1754.0880899100282	-5174.051308775788	-12486.45957545048	-4754.551502083728	-26792.849796796098	-16018.229486692577	-11850.218215235507	0.3958333018377044	34.468089850095275	0.9766183550867974	0.8089154119069356	0.9152965121933548	2.1960793993184358	1.2117716339636146	0.4102777274841544	0.2445539181174544	0.9706304241256506	1.2922310145857872	0.5455287461842717	2.4789818261822236	0.24020161388674435	0.2534725816874477	0.24446466851541887	0.2618611359103891	0.2530889319361319	0.25196791922520684	0.23837182709179333	0.2565713217468679	0.30966059551446184	0.17767947628415612	0.1715478316913549	0.3411120965100273	0.25	0.25	0.23816623323353892	0.2618337667664611	0.4089061285931085	0.8902753820612075	0.5431721317308743	0.2736128932633451	0.7314336819683821	1.0	0.997662604302288	0.40550418396812404	0.2224884324849529	627.2469908137872	13.33827343358221	0.014942418361347841	-6.165237004101097	0.14166864926167244
40000	-157697.65142160084	-158292.07518959534	594.4237679945139	-79697.97533274717	-1740.95752105348	-5178.140849054615	-12368.389178153093	-4736.570988753094	-26708.65309757666	-16008.697154607715	-11852.691067649528	0.4175428767249861	35.109758185126054	0.9990590957276531	0.800849828247348	0.880375589412694	2.2002141111104887	1.2439904811530902	0.39097114389837645	0.20825029129461728	0.9511854116745303	1.2499353283530628	0.5145329829868808	2.4789818261822236	0.24020161388674435	0.2534725816874477	0.24446466851541887	0.2618611359103891	0.2530889319361319	0.2583407122642211	0.23199903405277902	0.2565713217468679	0.30966059551446184	0.17767947628415612	0.1715478316913549	0.3411120965100273	0.25	0.25	0.23816623323353892	0.2618337667664611	0.4089061285931085	0.8902753820612075	0.5431721317308743	0.2736128932633451	0.7314336819683821	1.0	0.997662604302288	0.40550418396812404	0.2224884324849529	621.8334189866404	12.510703752915976	0.0014382284263529644	-6.117423997949436	0.14512993929481677
41000	-156927.64397589638	-157532.08422034973	604.4402444533372	-79334.45749728152	-1740.4285077364302	-5183.60209232631	-12228.172884166093	-4740.566258438143	-26561.767446555892	-15995.86155161089	-11747.227982234452	0.41591435715244557	34.277178423593625	1.0092453096085838	0.802551952878305	0.9124076753466284	2.36418950879228	1.26635916618492	0.4065265760233883	0.22000003509224766	0.9332725084435204	1.2725534660678313	0.5396932036127758	2.4789818261822236	0.24020161388674435	0.2534725816874477	0.24446466851541887	0.2618611359103891	0.2530889319361319	0.2583407122642211	0.23199903405277902	0.2565713217468679	0.30966059551446184	0.17767947628415612	0.1715478316913549	0.3411120965100273	0.25	0.25	0.23816623323353892	0.2618337667664611	0.4089061285931085	0.8902753820612075	0.5431721317308743	0.2736128932633451	0.7314336819683821	1.0	0.997662604302288	0.40550418396812404	0.2224884324849529	632.0050231003023	11.910018943770856	0.006190127808970299	-6.170278439058908	0.1413100772821472
42000	-156107.8247816332	-156713.57964220067	605.754860567489	-78790.74194978914	-1759.2392258329216	-5157.650576936848	-12203.682329668482	-4728.379214503441	-26339.61121913631	-15918.852981689593	-11815.422144643924	0.40911647691047237	34.22406944278879	0.9850990877554546	0.7874016454229037	0.9047422218537282	2.1765602372804738	1.2300765902040183	0.3996753438163768	0.18684200024363085	0.9009325349655752	1.253785677820513	0.5086489728743002	2.4789818261822236	0.24020161388674435	0.2534725816874477	0.24446466851541887	0.2618611359103891	0.2530889319361319	0.2583407122642211	0.23380105447652336	0.2547693013231236	0.30966059551446184	0.17767947628415612	0.1715478316913549	0.3411120965100273	0.25	0.25	0.23816623323353892	0.2618337667664611	0.4089061285931085	0.5894143352871775	0.5431721317308743	0.2736128932633451	0.7314336819683821	1.0	0.997662604302288	0.40550418396812404	0.2224884324849529	632.6575134700005	11.910018943770856	0.006065402787118028	-6.1287660398154715	0.14429882578578634
43000	-155609.81827715365	-156188.25621703136	578.4379398776975	-78426.64229510592	-1747.3648108285313	-5149.547417049863	-12154.967031724591	-4737.556186882716	-26308.86069663672	-15862.342911812835	-11800.974866990182	0.4405026811006327	36.50336548442663	1.0151122279339329	0.8292627968294373	0.8378020149455425	2.114845414859407	1.2770246394585085	0.3858232523529584	0.20887922521344968	0.961988979687636	1.1902735969726543	0.5054290938625202	2.4789818261822236	0.24020161388674435	0.2534725816874477	0.24446466851541887	0.2618611359103891	0.2530889319361319	0.2583407122642211	0.23380105447652336	0.2547693013231236	0.30966059551446184	0.17767947628415612	0.1659824427624614	0.34667748543892074	0.25	0.25	0.23816623323353892	0.2618337667664611	0.4089061285931085	0.5894143352871775	0.5431721317308743	0.2736128932633451	0.7314336819683821	1.0	0.997662604302288	0.40550418396812404	0.2224884324849529	605.4358005458256	11.321702288571885	0.011984048703559416	-6.006135831081957	0.1536318848309022
44000	-154903.7966181656	-155500.42763612734	596.6310179617494	-78062.43618958937	-1736.0713721600157	-5142.62993255561	-12083.514195324313	-4659.688687695992	-26166.517480422674	-15861.090392970927	-11788.47938540842	0.41872633886071875	34.89831368199097	1.0151122279339329	0.8112977263105141	0.875084359032668	2.1955868654517277	1.259633695528197	0.39388955332685527	0.19930142490109015	0.9358672364295021	1.2447193594878774	0.5054290938625202	2.4789818261822236	0.24020161388674435	0.2534725816874477	0.24446466851541887	0.2618611359103891	0.2530889319361319	0.2583407122642211	0.23380105447652336	0.2547693013231236	0.30966059551446184	0.17767947628415612	0.1659824427624614	0.34667748543892074	0.25	0.25	0.23816623323353892	0.2618337667664611	0.4089061285931085	0.5894143352871775	0.5431721317308743	0.2736128932633451	0.7314336819683821	1.0	0.997662604302288	0.40550418396812404	0.2739483902520307	623.7074000409094	11.651065419664318	0.02395457497977002	-6.096958138645062	0.14664573461529085
45000	-154565.80027840124	-155172.56729086523	606.7670124640126	-77883.0794933473	-1727.935465444124	-5143.68991421112	-12058.46816783526	-4650.483739078325	-26128.196294224465	-15819.630185802827	-11761.084030921835	0.40322970294450006	34.10099525489978	1.0151122279339329	0.8209507727305828	0.8943239813442956	2.3922044398347304	1.2612447703294485	0.402573503170383	0.21352880667477409	0.9565619695571136	1.2806482373808925	0.5078727068700517	2.4789818261822236	0.24020161388674435	0.2534725816874477	0.25108372444713817	0.2552420799786698	0.2530889319361319	0.2583407122642211	0.23380105447652336	0.2547693013231236	0.30966059551446184	0.17767947628415612	0.1659824427624614	0.34667748543892074	0.25	0.25	0.23816623323353892	0.2618337667664611	0.4089061285931085	0.5894143352871775	0.5431721317308743	0.2736128932633451	0.7314336819683821	1.0	0.997662604302288	0.40550418396812404	0.2739483902520307	633.9385796571377	12.964211423683304	0.001531297908176626	-6.131432142623396	0.1441043763235599
46000	-154019.41337471118	-154629.1516888152	609.7383141040308	-77406.3674944687	-1727.4723550118404	-5129.551750384856	-12037.287799891328	-4630.894288135505	-26142.014410512125	-15810.516675891857	-11745.046914519018	0.391143518043445	33.81347777815389	1.0151122279339329	0.8461875902374165	0.9074603733772225	2.3509651293891243	1.2531073410992437	0.403542893104139	0.22215846339038672	0.9653104513786855	1.2789554900775357	0.5100093425304356	2.4789818261822236	0.24020161388674435	0.2534725816874477	0.25108372444713817	0.2552420799786698	0.2530889319361319	0.2583407122642211	0.23380105447652336	0.2547693013231236	0.3196259446136468	0.17767947628415612	0.1659824427624614	0.3367121363397358	0.25	0.25	0.23816623323353892	0.2618337667664611	0.4089061285931085	0.5894143352871775	0.30759098638658294	0.2736128932633451	0.7314336819683821	1.0	0.997662604302288	0.40550418396812404	0.2739483902520307	636.4397874138488	11.746057253224697	0.02969603689719842	-6.149769507880363	0.14277630914565473
47000	-153562.08151255548	-154175.60711524612	613.5256026906513	-77102.4297171701	-1738.982684911078	-5106.024645177318	-12020.736980576632	-4621.220511459656	-26076.73331757392	-15782.713941302429	-11726.765317074985	0.39064013863126934	33.5256620805182	1.0285833449356556	0.8461875902374165	0.9038559227182746	2.5068981993578836	1.2795189222237575	0.4029447450869547	0.21879969060302493	0.9649741760928794	1.2948243644159672	0.5100093425304356	2.8761974898606852	0.24020161388674435	0.2534725816874477	0.25108372444713817	0.2552420799786698	0.2530889319361319	0.2583407122642211	0.23380105447652336	0.2547693013231236	0.3196259446136468	0.17767947628415612	0.1659824427624614	0.3367121363397358	0.25	0.25	0.23816623323353892	0.2618337667664611	0.4089061285931085	0.5894143352871775	0.30759098638658294	0.2736128932633451	0.7314336819683821	1.0	0.997662604302288	0.40550418396812404	0.2739483902520307	640.4369480087523	12.492520547789786	0.025754092373160894	-6.159007133674072	0.14211341203527836
48000	-153007.6540466668	-153608.59978509808	600.9457384312782	-76675.39608124766	-1734.0441874182125	-5105.237187685705	-12008.980588007153	-4637.811370865519	-26030.619375041315	-15713.0136558265	-11703.497339006008	0.38703954208856006	34.58650281523267	1.0285833449356556	0.8486537696286133	0.8727492072159104	2.3436878641526055	1.2781134373280583	0.40354568404179647	0.21678235363534842	0.9496698102032664	1.2513469688913523	0.5183679136555016	2.8761974898606852	0.24020161388674435	0.2534725816874477	0.25108372444713817	0.2552420799786698	0.2530889319361319	0.2583407122642211	0.22418926041588327	0.26438109538376364	0.3196259446136468	0.17767947628415612	0.1659824427624614	0.3367121363397358	0.25	0.25	0.23816623323353892	0.2618337667664611	0.4089061285931085	0.5894143352871775	0.30759098638658294	0.2736128932633451	0.7314336819683821	1.0	0.997662604302288	0.40550418396812404	0.2739483902520307	627.812467318284	12.492520547789786	0.011465005060775463	-6.109823351142925	0.14569044415836346
49000	-152295.45044823398	-152924.95297393753	629.5025257035309	-76206.09183651987	-1728.711589677519	-5089.115182693232	-11993.022982112632	-4605.591410765594	-25921.21111195126	-15709.197813744022	-11672.011046473406	0.36299761294148175	32.08915497543455	1.0285833449356556	0.8584650732045752	0.9111554174816251	2.5777271168957894	1.2826065512119227	0.40883544711354525	0.22723347756289225	0.9663020455710112	1.3261324943447743	0.5252637121090089	2.8761974898606852	0.24020161388674435	0.2534725816874477	0.25108372444713817	0.2552420799786698	0.2530889319361319	0.2583407122642211	0.22418926041588327	0.26438109538376364	0.3196259446136468	0.17767947628415612	0.1659824427624614	0.3367121363397358	0.25	0.25	0.23816623323353892	0.2618337667664611	0.4089061285931085	0.5894143352871775	0.30759098638658294	0.2736128932633451	0.7314336819683821	1.0	0.997662604302288	0.40550418396812404	0.2739483902520307	656.6153861149684	12.230861364555608	0.06706953529116545	-6.253606291862711	0.13555316433390943
50000	-151699.33880931258	-152290.29821486096	590.9594055483733	-75782.42355610486	-1729.9691919565798	-5035.814098872767	-11962.77992747954	-4634.554076155101	-25849.39859565241	-15649.713361845203	-11645.645406794498	0.4391736886009901	34.94821955053391	1.0384023498069472	0.8584650732045752	0.8203691593362433	2.1466301425316887	1.300383133773458	0.42377953803720636	0.24244444636075652	0.9608614111116021	1.1963367818797817	0.5395776001758568	2.8761974898606852	0.24020161388674435	0.2534725816874477	0.25108372444713817	0.2552420799786698	0.2530889319361319	0.2583407122642211	0.22418926041588327	0.26438109538376364	0.3196259446136468	0.17767947628415612	0.1659824427624614	0.3367121363397358	0.25	0.25	0.23816623323353892	0.2618337667664611	0.4089061285931085	0.5894143352871775	0.30759098638658294	0.2736128932633451	0.7314336819683821	1.0	0.997662604302288	0.32922449431395795	0.2739483902520307	617.8528314034638	12.370084114236949	0.09422554711212515	-6.080596692807004	0.14787266509743088
51000	-150920.9189535447	-151528.50302305998	607.5840695153016	-75196.57907878445	-1742.7920069234567	-5013.394364660415	-11953.357535709214	-4605.460452119505	-25777.73788060107	-15637.399911488874	-11601.781792773005	0.4281142509599506	34.05712087257721	1.0384023498069472	0.8730881747767277	0.8515058817707721	2.2628300402980672	1.3063077680494877	0.4091262072239366	0.23795722317848617	0.9790161787148053	1.236128234202957	0.5251424943980185	3.3795910379332947	0.24020161388674435	0.2534725816874477	0.25108372444713817	0.2552420799786698	0.2530889319361319	0.2583407122642211	0.22418926041588327	0.26438109538376364	0.3196259446136468	0.17767947628415612	0.1659824427624614	0.3367121363397358	0.25	0.25	0.23816623323353892	0.2618337667664611	0.4089061285931085	0.5894143352871775	0.30759098638658294	0.2736128932633451	0.7314336819683821	1.0	0.997662604302288	0.32922449431395795	0.2739483902520307	634.7351998904378	12.467536052482048	0.007303829305706842	-6.1109952684374464	0.14560383511094868
52000	-150357.70987139567	-150970.09581011973	612.3859387240801	-74753.48830132061	-1737.134481326563	-5002.576820390403	-11937.349721250905	-4623.286500822657	-25739.463503010775	-15611.49248707964	-11565.303994918171	0.3879832444071431	33.57517185971062	1.0384023498069472	0.8906550268498549	0.8457900551733115	2.212410381970197	1.303711363227531	0.42880364472377747	0.26909870189601837	0.9964096278820123	1.2156931460104334	0.5498263936850992	4.804967768853148	0.24020161388674435	0.2534725816874477	0.25108372444713817	0.2552420799786698	0.2530889319361319	0.2583407122642211	0.22418926041588327	0.26438109538376364	0.3196259446136468	0.17767947628415612	0.1659824427624614	0.3367121363397358	0.24249993029827097	0.25	0.24566630293526795	0.2618337667664611	0.4089061285931085	0.5894143352871775	0.30759098638658294	0.2736128932633451	0.7314336819683821	1.0	0.997662604302288	0.32922449431395795	0.2739483902520307	640.1047964646831	11.981351640995234	0.015869473098878335	-6.15561410421425	0.14235642383414726
53000	-149695.29611288523	-150328.06591267438	632.7697997891577	-74393.0739969035	-1770.4154107058348	-5002.893173916144	-11911.734362869864	-4508.181975224232	-25659.397944309272	-15542.013788632572	-11540.355260112954	0.36781195655349275	31.998307345076526	1.0384023498069472	0.9108653944317688	0.8866769631169527	2.570793894288889	1.3170518837952863	0.45389765951243743	0.3148569537541905	1.0222670040629889	1.28788937011665	0.5833540437856841	4.804967768853148	0.24020161388674435	0.2534725816874477	0.25108372444713817	0.2552420799786698	0.2530889319361319	0.2583407122642211	0.22418926041588327	0.26438109538376364	0.3196259446136468	0.17767947628415612	0.1659824427624614	0.3367121363397358	0.24249993029827097	0.25	0.24566630293526795	0.2618337667664611	0.4089061285931085	0.5894143352871775	0.30759098638658294	0.2736128932633451	0.7314336819683821	0.5702968336404045	0.997662604302288	0.32922449431395795	0.2739483902520307	660.2925571534365	12.310123698158566	0.005661422229405189	-6.209195439871313	0.138582049898722
54000	-149176.01491525324	-149792.3604651249	616.3455498716447	-74148.90123784124	-1785.639740966312	-4979.956912031605	-11762.07869338531	-4524.542287965491	-25611.841666009495	-15497.753537355698	-11481.646389569736	0.3970147505421291	33.20805063843341	1.0607692066330738	0.9108653944317688	0.8584614245154524	2.5457382576453877	1.3521951994386903	0.4610027691632348	0.3151715854857025	1.0301085815081799	1.271704434164594	0.5857630358057182	5.189693353664214	0.24020161388674435	0.2534725816874477	0.25108372444713817	0.2552420799786698	0.2530889319361319	0.2583407122642211	0.22418926041588327	0.26438109538376364	0.3196259446136468	0.17767947628415612	0.15412593312300554	0.3485686459791917	0.24249993029827097	0.25	0.24566630293526795	0.2618337667664611	0.4089061285931085	0.5894143352871775	0.30759098638658294	0.2736128932633451	0.7314336819683821	0.5702968336404045	0.997662604302288	0.32922449431395795	0.2739483902520307	644.0674522917953	11.608192611719534	0.006193031593596579	-6.123020189371101	0.14471907595417954
55000	-148718.1757823496	-149369.52774498786	651.35196263826	-73835.93122584012	-1788.4593076431981	-4977.761096442675	-11719.8297683334	-4520.085527967187	-25583.31454835564	-15486.297421696914	-11457.848848708758	0.34900840637937697	30.56553388776772	1.0761041567398828	0.9425585091161379	0.92443415961446	2.831856122044162	1.317190153722927	0.4682565498487913	0.3535670014666158	1.0663885849114954	1.3897972415554676	0.5966387633022583	4.683974101520446	0.24020161388674435	0.2534725816874477	0.25108372444713817	0.2552420799786698	0.2530889319361319	0.2583407122642211	0.22418926041588327	0.26438109538376364	0.3196259446136468	0.17767947628415612	0.15412593312300554	0.3485686459791917	0.24249993029827097	0.25	0.24566630293526795	0.2618337667664611	0.4089061285931085	0.5894143352871775	0.30759098638658294	0.2736128932633451	0.7314336819683821	0.5702968336404045	0.997662604302288	0.32922449431395795	0.2739483902520307	679.329458708045	13.85433537245823	0.02339948509115395	-6.267299558313398	0.13463688327549297
56000	-148452.43916953518	-149107.05247858967	654.6133090544793	-73635.39667511407	-1808.607229009166	-4960.86480255383	-11719.741096890892	-4512.889523433495	-25569.047404205037	-15478.090407238564	-11422.415340144618	0.3252143995309334	30.345209480909745	1.0832659742499309	0.9425585091161379	0.9199991192408454	3.0322289001912535	1.3410973671821294	0.46191144197388756	0.3442795341273376	1.0753693440370689	1.4246375239267632	0.5910586057268912	4.683974101520446	0.24020161388674435	0.2534725816874477	0.25108372444713817	0.2552420799786698	0.2530889319361319	0.2583407122642211	0.22418926041588327	0.26438109538376364	0.3353276245828045	0.1619777963149984	0.15412593312300554	0.3485686459791917	0.24249993029827097	0.25	0.24566630293526795	0.2618337667664611	0.4089061285931085	0.5894143352871775	0.30759098638658294	0.2736128932633451	0.7314336819683821	0.5702968336404045	0.997662604302288	0.32922449431395795	0.2739483902520307	682.7470961907017	14.532128498888195	0.0058062367187746225	-6.2525857423541975	0.13562178257958044
57000	-147780.5523265896	-148408.04059685732	627.4882702677186	-73128.40629480602	-1802.0021209508066	-5002.2567949682	-11659.510832189968	-4542.767018346335	-25476.562207145835	-15400.951557661276	-11395.583770788859	0.35513136329753653	32.433412825212265	1.0832659742499309	0.9409249729219672	0.8375864619782742	2.4753157097768037	1.348587778515044	0.4421598846846639	0.3097446836307114	1.067091105261156	1.2808888493759791	0.566156963279784	4.683974101520446	0.24020161388674435	0.2534725816874477	0.25108372444713817	0.2552420799786698	0.2530889319361319	0.2583407122642211	0.22418926041588327	0.26438109538376364	0.3353276245828045	0.1619777963149984	0.15412593312300554	0.3485686459791917	0.24249993029827097	0.25	0.24566630293526795	0.2618337667664611	0.4089061285931085	0.5894143352871775	0.30759098638658294	0.2736128932633451	0.7314336819683821	0.5702968336404045	0.997662604302288	0.32922449431395795	0.2739483902520307	655.3661556469789	13.092910047127905	0.005097436701386057	-6.151359394698745	0.14266192709233722
58000	-147397.8120464214	-148024.36023361553	626.5481871941357	-72913.83249587446	-1833.4993797906227	-4993.565281354162	-11628.491587585964	-4529.906988470344	-25391.387831672382	-15346.588328635367	-11387.088340232203	0.37663191051166023	32.448934369684046	1.0853413485756138	0.9529862362467121	0.8432327949912525	2.5677699745731077	1.3518116096779194	0.423153791190944	0.29846857469340776	1.0845858394458376	1.2912659573548788	0.5431238831719492	5.463575982594115	0.24020161388674435	0.2590766957312791	0.25108372444713817	0.24963796593483836	0.2530889319361319	0.2583407122642211	0.22418926041588327	0.26438109538376364	0.3353276245828045	0.1619777963149984	0.15412593312300554	0.3485686459791917	0.24249993029827097	0.25	0.24566630293526795	0.2618337667664611	0.4089061285931085	0.5894143352871775	0.30759098638658294	0.2736128932633451	0.7314336819683821	0.5702968336404045	0.997662604302288	0.32922449431395795	0.2739483902520307	654.6701054395547	13.426263898494964	0.008574000682894408	-6.168733201194718	0.14141985468584864
59000	-146833.8356495756	-147466.07436774482	632.2387181692143	-72494.65916188623	-1809.74047965264	-4982.372392055766	-11626.650166880781	-4524.064920813141	-25338.690465278716	-15298.134828812124	-11391.76195236543	0.3547888595465075	31.7801248849912	1.0853413485756138	0.9283074967601811	0.8416791218650547	2.691627400053661	1.3612745581041734	0.4283901285143448	0.27998944146644544	1.0490132425495609	1.3133939096211373	0.5412628809558854	5.463575982594115	0.24020161388674435	0.2590766957312791	0.25108372444713817	0.24963796593483836	0.2530889319361319	0.2583407122642211	0.22418926041588327	0.26438109538376364	0.3353276245828045	0.1619777963149984	0.15412593312300554	0.3485686459791917	0.24249993029827097	0.25	0.24566630293526795	0.2618337667664611	0.4089061285931085	0.5894143352871775	0.30759098638658294	0.2736128932633451	0.7314336819683821	0.5702968336404045	0.997662604302288	0.32922449431395795	0.2739483902520307	660.6615641575037	12.594078038293292	0.07273559262711647	-6.532735428244548	0.11837652926661754
60000	-146129.85630820572	-146747.7887219981	617.9324137923859	-72082.47741160971	-1763.0546684060935	-4967.062258805352	-11588.678368228939	-4539.783595486236	-25257.65587263296	-15233.417475195945	-11315.659071632865	0.3872644586749821	33.10348625634903	1.101086164328531	0.9283074967601811	0.7875704073461859	2.4755066446384046	1.390245373039662	0.41998277112729954	0.2874424590192159	1.0590294877392938	1.2420786376105646	0.5490312834283291	5.463575982594115	0.24020161388674435	0.2590766957312791	0.25108372444713817	0.24963796593483836	0.2530889319361319	0.2583407122642211	0.22418926041588327	0.26438109538376364	0.3353276245828045	0.1619777963149984	0.15412593312300554	0.3485686459791917	0.24249993029827097	0.25	0.24566630293526795	0.2618337667664611	0.4089061285931085	0.5894143352871775	0.30759098638658294	0.2736128932633451	0.7314336819683821	0.5702968336404045	0.997662604302288	0.32922449431395795	0.2739483902520307	646.2674098190113	12.594078038293292	0.01685549077415311	-6.438824541005571	0.1238193933546676
61000	-145708.31587842683	-146312.93219196165	604.6163135348138	-71834.5978081448	-1758.5523589411073	-4968.7206422613335	-11561.662163152396	-4540.257931591453	-25198.51178942004	-15146.459887320601	-11304.169611129904	0.3914281200071878	34.119797347638	1.1135792344233855	0.9666139672979883	0.7926846395817151	2.425273738747262	1.4015218045680229	0.39954715041387184	0.29842423065103324	1.1103209768853104	1.233010219476765	0.5350403094354772	5.463575982594115	0.24020161388674435	0.2590766957312791	0.25108372444713817	0.24963796593483836	0.2530889319361319	0.2583407122642211	0.22418926041588327	0.26438109538376364	0.3353276245828045	0.1619777963149984	0.15412593312300554	0.3485686459791917	0.24249993029827097	0.25	0.24566630293526795	0.2618337667664611	0.4089061285931085	0.5894143352871775	0.30759098638658294	0.2736128932633451	0.7314336819683821	0.5702968336404045	0.997662604302288	0.32922449431395795	0.2739483902520307	632.8401169558954	12.606725912032921	0.025169487322726312	-6.203843161016507	0.13895308887682495
62000	-145128.8614358443	-145731.71264138434	602.8512055400474	-71498.5042527292	-1751.5590224953012	-4975.914495679596	-11532.937997366736	-4528.983428471112	-25065.83210399597	-15121.136957732962	-11256.844382913458	0.3961674187038668	34.30071927873314	1.1135792344233855	0.976391119842678	0.7788283744973732	2.372709506983873	1.3970479366026285	0.40423601418677013	0.33462161110689975	1.1412355492372295	1.2170669806809222	0.541317147114269	5.463575982594115	0.24020161388674435	0.2590766957312791	0.25108372444713817	0.24963796593483836	0.2530889319361319	0.2583407122642211	0.22418926041588327	0.26438109538376364	0.3353276245828045	0.167366012795297	0.14873771664270694	0.3485686459791917	0.24249993029827097	0.25	0.24566630293526795	0.2618337667664611	0.4089061285931085	0.5894143352871775	0.30759098638658294	0.2736128932633451	0.7314336819683821	0.5702968336404045	0.997662604302288	0.32922449431395795	0.2739483902520307	630.9673630596607	11.616060845165936	0.017912031112529873	-6.05881187463626	0.14952751449001114
63000	-144543.80728260346	-145156.32974269235	612.5224600888819	-71187.06462470708	-1759.6528868193066	-4949.710208402792	-11475.670620203438	-4520.002443051608	-24953.065894252155	-15108.850496778625	-11202.312568477353	0.37592498511768024	33.49362777565461	1.1074291027645358	0.976391119842678	0.7953864152811014	2.3809031296549423	1.387512699378781	0.39653284543716016	0.3282544575417291	1.1414246882078138	1.2283811917351346	0.5324997910862447	4.198428983676655	0.24020161388674435	0.2590766957312791	0.25108372444713817	0.24963796593483836	0.2530889319361319	0.2583407122642211	0.22418926041588327	0.26438109538376364	0.3353276245828045	0.167366012795297	0.14873771664270694	0.3485686459791917	0.24249993029827097	0.25	0.24566630293526795	0.2618337667664611	0.4089061285931085	0.5894143352871775	0.30759098638658294	0.2736128932633451	0.7314336819683821	0.5702968336404045	0.997662604302288	0.32922449431395795	0.2739483902520307	640.2935258499944	12.594990208569557	0.037002694127077074	-6.098319971772868	0.14654422127055639
64000	-144167.4905292568	-144782.45177927378	614.9612500169794	-70983.90633757002	-1759.6460876769074	-4985.561903811277	-11469.095709980927	-4535.642364926665	-24831.886856809953	-15098.22976464653	-11118.482753851482	0.3601072100385477	33.39556469589534	1.1074291027645358	0.9993473621548902	0.8002280065940492	2.498156798406497	1.4104933510907307	0.3868771965200149	0.33852935144997576	1.1736904263854533	1.233066538950628	0.5324997910862447	4.198428983676655	0.24020161388674435	0.2590766957312791	0.25108372444713817	0.24963796593483836	0.2530889319361319	0.2583407122642211	0.22418926041588327	0.26438109538376364	0.3353276245828045	0.167366012795297	0.14873771664270694	0.3485686459791917	0.24249993029827097	0.25	0.24566630293526795	0.2618337667664611	0.4089061285931085	0.5894143352871775	0.30759098638658294	0.2736128932633451	0.7314336819683821	0.5702968336404045	0.997662604302288	0.32922449431395795	0.2739483902520307	642.8448476835606	12.72930203395456	0.009767753127079469	-6.136226172711524	0.1437556002863284
65000	-143935.8700888933	-144546.67132429	610.8012353966745	-70827.30809519722	-1754.919903607788	-4999.999452126416	-11432.024485343503	-4535.08759001173	-24786.45137781755	-15098.820042908836	-11112.060377276928	0.3838758641474882	33.69617588129142	1.141592100518186	0.9868781885527601	0.7971754051630924	2.8023331743202697	1.4763288236446033	0.38156364991089803	0.32264755331348305	1.1552285362482182	1.2580192911474055	0.5262767001217246	4.198428983676655	0.24020161388674435	0.2590766957312791	0.25108372444713817	0.24963796593483836	0.2530889319361319	0.2583407122642211	0.22418926041588327	0.26438109538376364	0.3353276245828045	0.167366012795297	0.14873771664270694	0.3485686459791917	0.24249993029827097	0.25	0.24566630293526795	0.2618337667664611	0.4089061285931085	0.5894143352871775	0.30759098638658294	0.2736128932633451	0.7314336819683821	0.5702968336404045	0.997662604302288	0.32922449431395795	0.2739483902520307	638.7545017605204	13.202603530145208	0.002321978277731189	-6.132498974652429	0.14402666518929122
66000	-143619.10250020475	-144244.0107212683	624.9082210635626	-70508.60919725092	-1744.836462015151	-4999.945638773145	-11488.457107946722	-4533.085582610534	-24720.130409415782	-15075.313162487339	-11173.633160768692	0.36599448130101747	32.63161635356529	1.141592100518186	0.9853496435130114	0.8154146765532252	2.978177307991405	1.4783128988202296	0.38958338435517437	0.3391698330600575	1.161656578010733	1.2890180677438423	0.5408089164091537	4.198428983676655	0.24020161388674435	0.2590766957312791	0.25108372444713817	0.24963796593483836	0.2530889319361319	0.2525102459965364	0.22418926041588327	0.2702115616514484	0.3353276245828045	0.167366012795297	0.14873771664270694	0.3485686459791917	0.24249993029827097	0.25	0.24566630293526795	0.2618337667664611	0.4089061285931085	0.5894143352871775	0.30759098638658294	0.2736128932633451	0.7314336819683821	0.5702968336404045	0.997662604302288	0.32922449431395795	0.2739483902520307	652.9491977121886	12.590812147681136	9.874720438151966E-4	-6.170363140144712	0.14130406317019234
67000	-143433.24979296155	-144032.47261187795	599.2228189164053	-70403.32221400432	-1739.6672538670853	-4991.173233066502	-11466.458616314174	-4557.77846069719	-24674.632817304737	-15024.477682575383	-11174.96233404857	0.3916107191967552	34.62992989723044	1.141592100518186	0.9886775245509339	0.7655264387529077	2.2389002474241937	1.4025100835433637	0.40365782365590835	0.3501673944857498	1.1881493141625663	1.2235390585231571	0.5393547609098122	4.198428983676655	0.24020161388674435	0.2590766957312791	0.25108372444713817	0.24963796593483836	0.2530889319361319	0.2525102459965364	0.22418926041588327	0.2702115616514484	0.3353276245828045	0.167366012795297	0.14873771664270694	0.3485686459791917	0.24249993029827097	0.25	0.24566630293526795	0.2618337667664611	0.4089061285931085	0.5894143352871775	0.30759098638658294	0.2736128932633451	0.7314336819683821	0.5702968336404045	0.997662604302288	0.32922449431395795	0.2739483902520307	627.3666912146815	11.58186741799543	0.00959680922761033	-6.317939223894326	0.13131831038563765
68000	-142971.43475808983	-143556.34650878387	584.9117506940383	-70296.6043788731	-1741.099343854968	-4970.118550907216	-11421.128551915097	-4433.720659691619	-24599.237558796012	-14962.493691730897	-11131.943773014973	0.40741074925345333	35.87685682390783	1.135448277582428	0.9886775245509339	0.7405123883892839	2.05288011829431	1.4062986833827806	0.40103940596145365	0.34779082973017944	1.1888501409337664	1.177529075457798	0.5356538609357292	4.198428983676655	0.24020161388674435	0.2590766957312791	0.25108372444713817	0.24963796593483836	0.2530889319361319	0.2525102459965364	0.22418926041588327	0.2702115616514484	0.3353276245828045	0.167366012795297	0.14873771664270694	0.3485686459791917	0.24249993029827097	0.25	0.24566630293526795	0.2618337667664611	0.4089061285931085	0.5894143352871775	0.30759098638658294	0.2736128932633451	0.7314336819683821	0.2642165288757256	0.997662604302288	0.32922449431395795	0.2739483902520307	612.6152919793275	12.007374917312578	0.010188615637543776	-6.247520123831459	0.13596305553851962
69000	-142528.05434021846	-143113.77472648784	585.7203862693951	-70066.25171028789	-1727.088247033801	-4967.7139969835725	-11426.269549163571	-4378.540022206582	-24510.180341862088	-14927.58851510936	-11110.14234384099	0.4004656814705698	35.8087352746286	1.1314981031562437	1.017645829490678	0.7446237653774427	2.0297482625587224	1.398024921189113	0.38301350671074497	0.377654198691819	1.2340042318588564	1.1708998571167117	0.546215444532052	4.198428983676655	0.24020161388674435	0.2590766957312791	0.25108372444713817	0.24963796593483836	0.2530889319361319	0.2525102459965364	0.22418926041588327	0.2702115616514484	0.3353276245828045	0.167366012795297	0.14873771664270694	0.3485686459791917	0.24740872215749724	0.25	0.24566630293526795	0.2569249749072348	0.4089061285931085	0.5894143352871775	0.30759098638658294	0.2736128932633451	0.7314336819683821	0.1323286486718138	0.997662604302288	0.32922449431395795	0.2739483902520307	613.4171554930083	12.007374917312578	0.010188615637543776	-6.284998496723011	0.1334646066816726
70000	-142187.73854161074	-142797.4202268212	609.681685210482	-69925.22607570913	-1716.654917813354	-4965.4457705611885	-11394.7596792281	-4379.770715345621	-24471.50124342774	-14839.677339962294	-11104.384484773751	0.40691179700168606	33.75843572643957	1.1314981031562437	1.0149106164447133	0.7819008592511724	2.2579820956345746	1.4123762318602888	0.4165779430065044	0.4511344821345627	1.2266099051997255	1.2432772076339722	0.5927018676269042	4.198428983676655	0.24020161388674435	0.2590766957312791	0.25108372444713817	0.24963796593483836	0.2530889319361319	0.2525102459965364	0.22418926041588327	0.2702115616514484	0.3353276245828045	0.167366012795297	0.14873771664270694	0.3485686459791917	0.24740872215749724	0.25	0.24566630293526795	0.2569249749072348	0.4089061285931085	0.5894143352871775	0.30759098638658294	0.2736128932633451	0.7314336819683821	0.1323286486718138	0.997662604302288	0.32922449431395795	0.2739483902520307	637.6343061316891	13.29287826852848	0.004125754798013138	-6.40782308427486	0.12568783808669612
71000	-141807.59841816174	-142438.45174212364	630.8533239618869	-69714.54204187516	-1708.6736973209688	-4960.931139986231	-11365.746132522792	-4375.343256734217	-24405.414777468846	-14826.555717154995	-11081.244979060444	0.36453190682156905	31.98715047843709	1.1340671730405185	1.0149106164447133	0.7999389558944081	2.4471302986681005	1.4224087756515456	0.434217620744395	0.4430193680123872	1.2089625001756605	1.2885573175875438	0.6046925879381705	4.198428983676655	0.24020161388674435	0.2590766957312791	0.25108372444713817	0.24963796593483836	0.2530889319361319	0.2525102459965364	0.22418926041588327	0.2702115616514484	0.3353276245828045	0.167366012795297	0.14873771664270694	0.3485686459791917	0.25399501227203547	0.24341370988546177	0.24566630293526795	0.2569249749072348	0.4089061285931085	0.5894143352871775	0.30759098638658294	0.2736128932633451	0.7314336819683821	0.1323286486718138	0.997662604302288	0.32922449431395795	0.2739483902520307	659.3295302646355	13.229014830377176	0.041034300550963375	-6.866544927277303	0.10137547167074334
72000	-141525.76806326766	-142163.12962534837	637.3615620807047	-69595.18235711147	-1728.315332573099	-4952.529142008963	-11338.929279058559	-4374.371830241632	-24361.417534553177	-14788.473287863259	-11023.910861938233	0.36487295755031474	31.443977122608377	1.1520805570300356	1.0279407693200568	0.8560974525323428	2.848242844381541	1.4519579149465955	0.41616475918706874	0.45390330986630467	1.2229456351266543	1.347957172396874	0.6057048319216883	4.198428983676655	0.24020161388674435	0.2590766957312791	0.25108372444713817	0.24963796593483836	0.2530889319361319	0.2525102459965364	0.22418926041588327	0.2702115616514484	0.3353276245828045	0.167366012795297	0.14873771664270694	0.3485686459791917	0.25399501227203547	0.24341370988546177	0.24566630293526795	0.2569249749072348	0.4089061285931085	0.5894143352871775	0.30759098638658294	0.2736128932633451	0.7314336819683821	0.1323286486718138	0.997662604302288	0.32922449431395795	0.2739483902520307	666.0075146215213	12.47073725872272	0.052739920717628674	-6.894998979552891	0.1000767480346624
73000	-141157.6975285474	-141792.9503096019	635.2527810544983	-69370.13760658898	-1747.2722482032686	-4951.5402094803985	-11299.649223754077	-4372.551635188683	-24301.42221803028	-14779.526370284271	-10970.850798071957	0.37231173103063037	31.764226684917478	1.153014463754116	1.0279407693200568	0.8260566621719432	2.6376811283985093	1.4520689303785068	0.42421824829485066	0.45492578760559793	1.223034874556838	1.2931876830819586	0.6057048319216883	4.198428983676655	0.24020161388674435	0.2590766957312791	0.25108372444713817	0.24963796593483836	0.2530889319361319	0.2525102459965364	0.22418926041588327	0.2702115616514484	0.3353276245828045	0.167366012795297	0.14873771664270694	0.3485686459791917	0.25399501227203547	0.24341370988546177	0.24566630293526795	0.2569249749072348	0.4089061285931085	0.5894143352871775	0.30759098638658294	0.2736128932633451	0.7314336819683821	0.1323286486718138	0.997662604302288	0.32922449431395795	0.2739483902520307	663.844876872932	12.670319814599985	0.005585701912078522	-6.8799366670993765	0.10076154321808112
74000	-140848.77800212294	-141509.80537316183	661.0273710388839	-69236.17256636613	-1736.674108239535	-4944.805125009216	-11259.271440627172	-4376.444393503673	-24250.52997247489	-14765.296686841568	-10940.61108009966	0.3637974617590175	29.799763348919825	1.1252499022240614	1.0664088589828744	0.876802612819908	2.7598043397631846	1.4176328876022535	0.440137354830481	0.5592342337197723	1.2944848701420717	1.3767292874303343	0.6451626370757634	4.198428983676655	0.24020161388674435	0.2590766957312791	0.25108372444713817	0.24963796593483836	0.2530889319361319	0.2525102459965364	0.22418926041588327	0.2702115616514484	0.3353276245828045	0.167366012795297	0.14873771664270694	0.3485686459791917	0.26031638614074465	0.23709233601675256	0.24566630293526795	0.2569249749072348	0.4089061285931085	0.5894143352871775	0.30759098638658294	0.2736128932633451	0.7314336819683821	0.1323286486718138	0.997662604302288	0.32922449431395795	0.2739483902520307	689.8890500335076	13.628889609386396	0.029455819762268087	-6.984928114818885	0.0961105622473256
75000	-140478.9241586169	-141135.2036114962	656.2794528792883	-69029.6707427385	-1721.885454973911	-4942.8936384088365	-11211.850977751725	-4374.741322833278	-24207.200855340856	-14730.62913564055	-10916.33148380856	0.3653110672914137	30.146247123971314	1.1318568781835987	1.0664088589828744	0.8764961459527901	2.6987837433458597	1.4030085015893619	0.41969034685658435	0.5118031816660238	1.2920444110296168	1.3688351684511746	0.6205826513041994	4.198428983676655	0.24020161388674435	0.2590766957312791	0.25108372444713817	0.24963796593483836	0.2530889319361319	0.2525102459965364	0.22418926041588327	0.2702115616514484	0.3353276245828045	0.167366012795297	0.14873771664270694	0.3485686459791917	0.26031638614074465	0.23709233601675256	0.24566630293526795	0.2569249749072348	0.4089061285931085	0.5894143352871775	0.30759098638658294	0.2736128932633451	0.7314336819683821	0.1323286486718138	0.997662604302288	0.32922449431395795	0.2739483902520307	685.1010301194632	14.524843479648426	0.016255530127586522	-6.969303627396332	0.09678493794030826
76000	-140234.45811242607	-140907.20020268575	672.7420902596732	-68838.19170232616	-1718.199170554459	-4942.007861878428	-11207.56206203518	-4368.279978281892	-24199.900462127633	-14714.387024717713	-10918.671940764274	0.3474711227986146	28.95248010820934	1.1318568781835987	1.019653462176815	0.9010719738269987	2.8665532324024054	1.4098975531153788	0.42409789106946794	0.4573202820981975	1.2274336077853916	1.4102721359087724	0.6165920705763692	4.198428983676655	0.24020161388674435	0.2590766957312791	0.25108372444713817	0.24963796593483836	0.2530889319361319	0.2525102459965364	0.22418926041588327	0.2702115616514484	0.3353276245828045	0.167366012795297	0.14873771664270694	0.3485686459791917	0.26031638614074465	0.23709233601675256	0.24566630293526795	0.2569249749072348	0.4089061285931085	0.5894143352871775	0.30759098638658294	0.2736128932633451	0.7314336819683821	0.1323286486718138	0.997662604302288	0.32922449431395795	0.2739483902520307	701.5731127956637	14.524843479648426	0.03617560258424933	-7.098306697239388	0.09139345689942471
